This file contains any messages produced by compilers while
running configure, to aid debugging if configure makes a mistake.

It was created by configure, which was
generated by GNU Autoconf 2.59.  Invocation command line was

  $ /home/adrian/_ETSIT-UPM/BECA-SimAntares/sid-1.1/src/sid/configure --cache-file=./config.cache --with-system-zlib --prefix=/usr/local/sid-1.1 --program-transform-name=s,y,y, --disable-option-checking --build=i686-pc-linux-gnu --host=i686-pc-linux-gnu --target=i686-pc-linux-gnu --srcdir=.././sid

## --------- ##
## Platform. ##
## --------- ##

hostname = sirio
uname -m = i686
uname -r = 2.6.38-8-generic
uname -s = Linux
uname -v = #42-Ubuntu SMP Mon Apr 11 03:31:50 UTC 2011

/usr/bin/uname -p = unknown
/bin/uname -X     = unknown

/bin/arch              = unknown
/usr/bin/arch -k       = unknown
/usr/convex/getsysinfo = unknown
hostinfo               = unknown
/bin/machine           = unknown
/usr/bin/oslevel       = unknown
/bin/universe          = unknown

PATH: /home/adrian/CodeSourcery/Sourcery_G++_Lite/bin
PATH: /usr/matlab/bin
PATH: /home/adrian/.codeSourcery(uCLinux)/bin
PATH: /usr/local/sbin
PATH: /usr/local/bin
PATH: /usr/sbin
PATH: /usr/bin
PATH: /sbin
PATH: /bin
PATH: /usr/games


## ----------- ##
## Core tests. ##
## ----------- ##

configure:1187: loading cache ./config.cache
configure:1309: checking for i686-pc-linux-gnu-gcc
configure:1335: result: gcc
configure:1617: checking for C compiler version
configure:1620: gcc --version </dev/null >&5
gcc (Ubuntu/Linaro 4.5.2-8ubuntu4) 4.5.2
Copyright (C) 2010 Free Software Foundation, Inc.
This is free software; see the source for copying conditions.  There is NO
warranty; not even for MERCHANTABILITY or FITNESS FOR A PARTICULAR PURPOSE.

configure:1623: $? = 0
configure:1625: gcc -v </dev/null >&5
Using built-in specs.
COLLECT_GCC=gcc
COLLECT_LTO_WRAPPER=/usr/lib/i386-linux-gnu/gcc/i686-linux-gnu/4.5.2/lto-wrapper
Target: i686-linux-gnu
Configured with: ../src/configure -v --with-pkgversion='Ubuntu/Linaro 4.5.2-8ubuntu4' --with-bugurl=file:///usr/share/doc/gcc-4.5/README.Bugs --enable-languages=c,c++,fortran,objc,obj-c++ --prefix=/usr --program-suffix=-4.5 --enable-shared --enable-multiarch --with-multiarch-defaults=i386-linux-gnu --enable-linker-build-id --with-system-zlib --libexecdir=/usr/lib/i386-linux-gnu --without-included-gettext --enable-threads=posix --with-gxx-include-dir=/usr/include/c++/4.5 --libdir=/usr/lib/i386-linux-gnu --enable-nls --with-sysroot=/ --enable-clocale=gnu --enable-libstdcxx-debug --enable-libstdcxx-time=yes --enable-plugin --enable-gold --enable-ld=default --with-plugin-ld=ld.gold --enable-objc-gc --enable-targets=all --disable-werror --with-arch-32=i686 --with-tune=generic --enable-checking=release --build=i686-linux-gnu --host=i686-linux-gnu --target=i686-linux-gnu
Thread model: posix
gcc version 4.5.2 (Ubuntu/Linaro 4.5.2-8ubuntu4) 
configure:1628: $? = 0
configure:1630: gcc -V </dev/null >&5
gcc: '-V' option must have argument
configure:1633: $? = 1
configure:1656: checking for C compiler default output file name
configure:1659: gcc -g -O2    conftest.c  >&5
configure:1662: $? = 0
configure:1708: result: a.out
configure:1713: checking whether the C compiler works
configure:1719: ./a.out
configure:1722: $? = 0
configure:1739: result: yes
configure:1746: checking whether we are cross compiling
configure:1748: result: no
configure:1751: checking for suffix of executables
configure:1753: gcc -o conftest -g -O2    conftest.c  >&5
configure:1756: $? = 0
configure:1781: result: 
configure:1787: checking for suffix of object files
configure:1833: result: o
configure:1837: checking whether we are using the GNU C compiler
configure:1893: result: yes
configure:1899: checking whether gcc accepts -g
configure:1950: result: yes
configure:1967: checking for gcc option to accept ANSI C
configure:2074: result: none needed
configure:2092: gcc -c -g -O2  conftest.c >&5
conftest.c:2:9: error: expected '=', ',', ';', 'asm' or '__attribute__' before 'me'
configure:2098: $? = 1
configure: failed program was:
| #ifndef __cplusplus
|   choke me
| #endif
configure:2246: checking for a BSD-compatible install
configure:2301: result: /usr/bin/install -c
configure:2312: checking whether build environment is sane
configure:2355: result: yes
configure:2420: checking for gawk
configure:2446: result: mawk
configure:2456: checking whether make sets $(MAKE)
configure:2476: result: yes
configure:2506: checking for style of include used by make
configure:2534: result: GNU
configure:2710: checking dependency style of gcc
configure:2800: result: gcc3
configure:2819: checking whether to enable maintainer-specific portions of Makefiles
configure:2828: result: no
configure:2854: checking for i686-pc-linux-gnu-g++
configure:2880: result: g++
configure:2938: checking for C++ compiler version
configure:2941: g++ --version </dev/null >&5
g++ (Ubuntu/Linaro 4.5.2-8ubuntu4) 4.5.2
Copyright (C) 2010 Free Software Foundation, Inc.
This is free software; see the source for copying conditions.  There is NO
warranty; not even for MERCHANTABILITY or FITNESS FOR A PARTICULAR PURPOSE.

configure:2944: $? = 0
configure:2946: g++ -v </dev/null >&5
Using built-in specs.
COLLECT_GCC=g++
COLLECT_LTO_WRAPPER=/usr/lib/i386-linux-gnu/gcc/i686-linux-gnu/4.5.2/lto-wrapper
Target: i686-linux-gnu
Configured with: ../src/configure -v --with-pkgversion='Ubuntu/Linaro 4.5.2-8ubuntu4' --with-bugurl=file:///usr/share/doc/gcc-4.5/README.Bugs --enable-languages=c,c++,fortran,objc,obj-c++ --prefix=/usr --program-suffix=-4.5 --enable-shared --enable-multiarch --with-multiarch-defaults=i386-linux-gnu --enable-linker-build-id --with-system-zlib --libexecdir=/usr/lib/i386-linux-gnu --without-included-gettext --enable-threads=posix --with-gxx-include-dir=/usr/include/c++/4.5 --libdir=/usr/lib/i386-linux-gnu --enable-nls --with-sysroot=/ --enable-clocale=gnu --enable-libstdcxx-debug --enable-libstdcxx-time=yes --enable-plugin --enable-gold --enable-ld=default --with-plugin-ld=ld.gold --enable-objc-gc --enable-targets=all --disable-werror --with-arch-32=i686 --with-tune=generic --enable-checking=release --build=i686-linux-gnu --host=i686-linux-gnu --target=i686-linux-gnu
Thread model: posix
gcc version 4.5.2 (Ubuntu/Linaro 4.5.2-8ubuntu4) 
configure:2949: $? = 0
configure:2951: g++ -V </dev/null >&5
g++: '-V' option must have argument
configure:2954: $? = 1
configure:2957: checking whether we are using the GNU C++ compiler
configure:3013: result: yes
configure:3019: checking whether g++ accepts -g
configure:3070: result: yes
configure:3112: g++ -c -g -O2  conftest.cc >&5
configure:3118: $? = 0
configure:3122: test -z 
			 || test ! -s conftest.err
configure:3125: $? = 0
configure:3128: test -s conftest.o
configure:3131: $? = 0
configure:3157: g++ -c -g -O2  conftest.cc >&5
conftest.cc: In function 'int main()':
conftest.cc:15:9: error: 'exit' was not declared in this scope
configure:3163: $? = 1
configure: failed program was:
| /* confdefs.h.  */
| 
| #define PACKAGE_NAME ""
| #define PACKAGE_TARNAME ""
| #define PACKAGE_VERSION ""
| #define PACKAGE_STRING ""
| #define PACKAGE_BUGREPORT ""
| #define PACKAGE "sid"
| #define VERSION "0.1-net"
| /* end confdefs.h.  */
| 
| int
| main ()
| {
| exit (42);
|   ;
|   return 0;
| }
configure:3112: g++ -c -g -O2  conftest.cc >&5
conftest.cc:11:40: error: 'void std::exit(int)' should have been declared inside 'std'
configure:3118: $? = 1
configure: failed program was:
| /* confdefs.h.  */
| 
| #define PACKAGE_NAME ""
| #define PACKAGE_TARNAME ""
| #define PACKAGE_VERSION ""
| #define PACKAGE_STRING ""
| #define PACKAGE_BUGREPORT ""
| #define PACKAGE "sid"
| #define VERSION "0.1-net"
| /* end confdefs.h.  */
| extern "C" void std::exit (int) throw (); using std::exit;
| #include <stdlib.h>
| int
| main ()
| {
| exit (42);
|   ;
|   return 0;
| }
configure:3112: g++ -c -g -O2  conftest.cc >&5
conftest.cc:11:31: error: 'void std::exit(int)' should have been declared inside 'std'
In file included from conftest.cc:12:0:
/usr/include/stdlib.h:544:70: error: declaration of 'void std::exit(int) throw ()' throws different exceptions
conftest.cc:11:17: error: from previous declaration 'void std::exit(int)'
configure:3118: $? = 1
configure: failed program was:
| /* confdefs.h.  */
| 
| #define PACKAGE_NAME ""
| #define PACKAGE_TARNAME ""
| #define PACKAGE_VERSION ""
| #define PACKAGE_STRING ""
| #define PACKAGE_BUGREPORT ""
| #define PACKAGE "sid"
| #define VERSION "0.1-net"
| /* end confdefs.h.  */
| extern "C" void std::exit (int); using std::exit;
| #include <stdlib.h>
| int
| main ()
| {
| exit (42);
|   ;
|   return 0;
| }
configure:3112: g++ -c -g -O2  conftest.cc >&5
configure:3118: $? = 0
configure:3122: test -z 
			 || test ! -s conftest.err
configure:3125: $? = 0
configure:3128: test -s conftest.o
configure:3131: $? = 0
configure:3157: g++ -c -g -O2  conftest.cc >&5
configure:3163: $? = 0
configure:3167: test -z 
			 || test ! -s conftest.err
configure:3170: $? = 0
configure:3173: test -s conftest.o
configure:3176: $? = 0
configure:3201: checking dependency style of g++
configure:3291: result: gcc3
configure:3313: checking how to run the C++ preprocessor
configure:3427: result: g++ -E
configure:3451: g++ -E  conftest.cc
configure:3457: $? = 0
configure:3489: g++ -E  conftest.cc
conftest.cc:14:28: fatal error: ac_nonexistent.h: No such file or directory
compilation terminated.
configure:3495: $? = 1
configure: failed program was:
| /* confdefs.h.  */
| 
| #define PACKAGE_NAME ""
| #define PACKAGE_TARNAME ""
| #define PACKAGE_VERSION ""
| #define PACKAGE_STRING ""
| #define PACKAGE_BUGREPORT ""
| #define PACKAGE "sid"
| #define VERSION "0.1-net"
| #ifdef __cplusplus
| extern "C" void exit (int) throw ();
| #endif
| /* end confdefs.h.  */
| #include <ac_nonexistent.h>
configure:3538: checking whether make sets $(MAKE)
configure:3558: result: yes
configure:3582: WARNING: Assuming --enable-targets=all
configure:3655: checking ARM family support
configure:3668: result: 1
configure:3671: checking X86 family support
configure:3684: result: 1
configure:3687: checking MIPS family support
configure:3700: result: 1
configure:3703: checking M32R family support
configure:3716: result: 1
configure:3719: checking M68K family support
configure:3732: result: 1
configure:3735: checking Toshiba MeP family support
configure:3748: result: 1
configure:3751: checking MT family support
configure:3764: result: 1
configure:3767: checking PPC family support
configure:3780: result: 1
configure:3783: checking SH family support
configure:3796: result: 1
configure:3799: checking SH64 family support
configure:3812: result: 1
configure:3815: checking Sanyo Xstormy16 family support
configure:3828: result: 1
configure:3833: checking whether can build shared SID component libraries
configure:3890: result: yes
configure:4150: creating ./config.status

## ---------------------- ##
## Running config.status. ##
## ---------------------- ##

This file was extended by config.status, which was
generated by GNU Autoconf 2.59.  Invocation command line was

  CONFIG_FILES    = 
  CONFIG_HEADERS  = 
  CONFIG_LINKS    = 
  CONFIG_COMMANDS = 
  $ ./config.status 

on sirio

config.status:727: creating Makefile
config.status:727: creating doc/Makefile
config.status:727: creating config/info.tcl
config.status:903: executing depfiles commands
configure:5275: configuring in include
configure:5392: running /bin/sh '../.././sid/include/configure' --prefix=/usr/local/sid-1.1  '--cache-file=./config.cache' '--with-system-zlib' '--prefix=/usr/local/sid-1.1' '--program-transform-name=s,y,y,' '--disable-option-checking' '--build=i686-pc-linux-gnu' '--host=i686-pc-linux-gnu' '--target=i686-pc-linux-gnu' '--srcdir=.././sid' 'CC=gcc' 'CFLAGS=-g -O2' 'CXXFLAGS=-g -O2' 'CXX=g++' 'LDFLAGS= ' 'build_alias=i686-pc-linux-gnu' 'host_alias=i686-pc-linux-gnu' 'target_alias=i686-pc-linux-gnu' --cache-file=.././config.cache --srcdir=../.././sid/include
configure:5275: configuring in component
configure:5392: running /bin/sh '../.././sid/component/configure' --prefix=/usr/local/sid-1.1  '--cache-file=./config.cache' '--with-system-zlib' '--prefix=/usr/local/sid-1.1' '--program-transform-name=s,y,y,' '--disable-option-checking' '--build=i686-pc-linux-gnu' '--host=i686-pc-linux-gnu' '--target=i686-pc-linux-gnu' '--srcdir=.././sid' 'CC=gcc' 'CFLAGS=-g -O2' 'CXXFLAGS=-g -O2' 'CXX=g++' 'LDFLAGS= ' 'build_alias=i686-pc-linux-gnu' 'host_alias=i686-pc-linux-gnu' 'target_alias=i686-pc-linux-gnu' --cache-file=.././config.cache --srcdir=../.././sid/component
configure:5275: configuring in main
configure:5392: running /bin/sh '../.././sid/main/configure' --prefix=/usr/local/sid-1.1  '--cache-file=./config.cache' '--with-system-zlib' '--prefix=/usr/local/sid-1.1' '--program-transform-name=s,y,y,' '--disable-option-checking' '--build=i686-pc-linux-gnu' '--host=i686-pc-linux-gnu' '--target=i686-pc-linux-gnu' '--srcdir=.././sid' 'CC=gcc' 'CFLAGS=-g -O2' 'CXXFLAGS=-g -O2' 'CXX=g++' 'LDFLAGS= ' 'build_alias=i686-pc-linux-gnu' 'host_alias=i686-pc-linux-gnu' 'target_alias=i686-pc-linux-gnu' --cache-file=.././config.cache --srcdir=../.././sid/main
configure:5275: configuring in bsp
configure:5392: running /bin/sh '../.././sid/bsp/configure' --prefix=/usr/local/sid-1.1  '--cache-file=./config.cache' '--with-system-zlib' '--prefix=/usr/local/sid-1.1' '--program-transform-name=s,y,y,' '--disable-option-checking' '--build=i686-pc-linux-gnu' '--host=i686-pc-linux-gnu' '--target=i686-pc-linux-gnu' '--srcdir=.././sid' 'CC=gcc' 'CFLAGS=-g -O2' 'CXXFLAGS=-g -O2' 'CXX=g++' 'LDFLAGS= ' 'build_alias=i686-pc-linux-gnu' 'host_alias=i686-pc-linux-gnu' 'target_alias=i686-pc-linux-gnu' --cache-file=.././config.cache --srcdir=../.././sid/bsp
configure:5275: configuring in samples
configure:5392: running /bin/sh '../.././sid/samples/configure' --prefix=/usr/local/sid-1.1  '--cache-file=./config.cache' '--with-system-zlib' '--prefix=/usr/local/sid-1.1' '--program-transform-name=s,y,y,' '--disable-option-checking' '--build=i686-pc-linux-gnu' '--host=i686-pc-linux-gnu' '--target=i686-pc-linux-gnu' '--srcdir=.././sid' 'CC=gcc' 'CFLAGS=-g -O2' 'CXXFLAGS=-g -O2' 'CXX=g++' 'LDFLAGS= ' 'build_alias=i686-pc-linux-gnu' 'host_alias=i686-pc-linux-gnu' 'target_alias=i686-pc-linux-gnu' --cache-file=.././config.cache --srcdir=../.././sid/samples
configure:5275: configuring in demos
configure:5392: running /bin/sh '../.././sid/demos/configure' --prefix=/usr/local/sid-1.1  '--cache-file=./config.cache' '--with-system-zlib' '--prefix=/usr/local/sid-1.1' '--program-transform-name=s,y,y,' '--disable-option-checking' '--build=i686-pc-linux-gnu' '--host=i686-pc-linux-gnu' '--target=i686-pc-linux-gnu' '--srcdir=.././sid' 'CC=gcc' 'CFLAGS=-g -O2' 'CXXFLAGS=-g -O2' 'CXX=g++' 'LDFLAGS= ' 'build_alias=i686-pc-linux-gnu' 'host_alias=i686-pc-linux-gnu' 'target_alias=i686-pc-linux-gnu' --cache-file=.././config.cache --srcdir=../.././sid/demos

## ---------------- ##
## Cache variables. ##
## ---------------- ##

ac_cv_build=i686-pc-linux-gnu
ac_cv_build_alias=i686-pc-linux-gnu
ac_cv_c_bigendian=no
ac_cv_c_compiler_gnu=yes
ac_cv_c_const=yes
ac_cv_c_inline=inline
ac_cv_cxx_compiler_gnu=yes
ac_cv_decl_ftime=yes
ac_cv_decl_socklen_t=yes
ac_cv_decl_usleep=yes
ac_cv_env_CCC_set=
ac_cv_env_CCC_value=
ac_cv_env_CC_set=set
ac_cv_env_CC_value=gcc
ac_cv_env_CFLAGS_set=set
ac_cv_env_CFLAGS_value='-g -O2'
ac_cv_env_CPPFLAGS_set=
ac_cv_env_CPPFLAGS_value=
ac_cv_env_CPP_set=
ac_cv_env_CPP_value=
ac_cv_env_CXXCPP_set=
ac_cv_env_CXXCPP_value=
ac_cv_env_CXXFLAGS_set=set
ac_cv_env_CXXFLAGS_value='-g -O2'
ac_cv_env_CXX_set=set
ac_cv_env_CXX_value=g++
ac_cv_env_F77_set=
ac_cv_env_F77_value=
ac_cv_env_FFLAGS_set=
ac_cv_env_FFLAGS_value=
ac_cv_env_LDFLAGS_set=set
ac_cv_env_LDFLAGS_value=' '
ac_cv_env_LIBS_set=
ac_cv_env_LIBS_value=
ac_cv_env_XMKMF_set=
ac_cv_env_XMKMF_value=
ac_cv_env_build_alias_set=set
ac_cv_env_build_alias_value=i686-pc-linux-gnu
ac_cv_env_host_alias_set=set
ac_cv_env_host_alias_value=i686-pc-linux-gnu
ac_cv_env_target_alias_set=set
ac_cv_env_target_alias_value=i686-pc-linux-gnu
ac_cv_exeext=
ac_cv_f77_compiler_gnu=no
ac_cv_func_argz_append=yes
ac_cv_func_argz_create_sep=yes
ac_cv_func_argz_insert=yes
ac_cv_func_argz_next=yes
ac_cv_func_argz_stringify=yes
ac_cv_func_closedir=yes
ac_cv_func_connect=yes
ac_cv_func_ctime=yes
ac_cv_func_cygwin_conv_to_full_posix_path=no
ac_cv_func_dlerror=yes
ac_cv_func_dlopen=no
ac_cv_func_ftime=yes
ac_cv_func_gethostbyname=yes
ac_cv_func_getopt=yes
ac_cv_func_gettimeofday=yes
ac_cv_func_inet_addr=yes
ac_cv_func_inet_aton=yes
ac_cv_func_memcpy=yes
ac_cv_func_memmove=yes
ac_cv_func_opendir=yes
ac_cv_func_readdir=yes
ac_cv_func_remove=yes
ac_cv_func_sched_yield=yes
ac_cv_func_select=yes
ac_cv_func_shl_load=no
ac_cv_func_shmat=yes
ac_cv_func_snprintf=yes
ac_cv_func_strchr=yes
ac_cv_func_strcmp=yes
ac_cv_func_strdup=yes
ac_cv_func_strerror=yes
ac_cv_func_strrchr=yes
ac_cv_func_strtoul=yes
ac_cv_func_strtoull=yes
ac_cv_func_strtouq=yes
ac_cv_func_times=yes
ac_cv_func_usleep=yes
ac_cv_func_vasprintf=yes
ac_cv_func_vsnprintf=yes
ac_cv_have_x='have_x=yes	ac_x_includes='\'''\''	ac_x_libraries='\'''\'''
ac_cv_header_X11_Xos_h=yes
ac_cv_header____ucbinclude_sys_ioctl_h=no
ac_cv_header__usr_include_curses_h=no
ac_cv_header_argz_h=yes
ac_cv_header_arpa_inet_h=yes
ac_cv_header_assert_h=yes
ac_cv_header_blt_h=no
ac_cv_header_ctype_h=yes
ac_cv_header_curses_h=no
ac_cv_header_dirent_dirent_h=yes
ac_cv_header_dirent_h=yes
ac_cv_header_dl_h=no
ac_cv_header_dld_h=no
ac_cv_header_dlfcn_h=yes
ac_cv_header_errno_h=yes
ac_cv_header_getopt_h=yes
ac_cv_header_inttypes_h=yes
ac_cv_header_mach_o_dyld_h=no
ac_cv_header_malloc_h=yes
ac_cv_header_memory_h=yes
ac_cv_header_mmsystem_h=no
ac_cv_header_netinet_in_h=yes
ac_cv_header_netinet_tcp_h=yes
ac_cv_header_readline_history_h=no
ac_cv_header_sched_h=yes
ac_cv_header_sstream=yes
ac_cv_header_stdc=yes
ac_cv_header_stdint_h=yes
ac_cv_header_stdio_h=yes
ac_cv_header_stdlib_h=yes
ac_cv_header_string_h=yes
ac_cv_header_strings_h=yes
ac_cv_header_strstream_h=no
ac_cv_header_sys_dl_h=no
ac_cv_header_sys_ioctl_h=yes
ac_cv_header_sys_socket_h=yes
ac_cv_header_sys_soundcard_h=yes
ac_cv_header_sys_stat_h=yes
ac_cv_header_sys_time_h=yes
ac_cv_header_sys_timeb_h=yes
ac_cv_header_sys_types_h=yes
ac_cv_header_tcl_h=yes
ac_cv_header_time=yes
ac_cv_header_time_h=yes
ac_cv_header_tk_h=yes
ac_cv_header_unistd_h=yes
ac_cv_header_windows_h=no
ac_cv_host=i686-pc-linux-gnu
ac_cv_host_alias=i686-pc-linux-gnu
ac_cv_lib_ICE_IceConnectionNumber=yes
ac_cv_lib_X11_XOpenDisplay=yes
ac_cv_lib_curses_refresh=no
ac_cv_lib_dl_dlopen=yes
ac_cv_lib_dld_shl_load=no
ac_cv_lib_kernel32_main=no
ac_cv_lib_m_main=yes
ac_cv_lib_ncurses_refresh=no
ac_cv_lib_nsl_gethostbyname=yes
ac_cv_lib_pthread_pthread_create=yes
ac_cv_lib_readline_readline=no
ac_cv_lib_socket_connect=no
ac_cv_lib_stdcpp_main=yes
ac_cv_lib_winmm_main=no
ac_cv_libstdcxx_shared=yes
ac_cv_objext=o
ac_cv_path_EGREP='/bin/grep -E'
ac_cv_path_GREP=/bin/grep
ac_cv_path_GZIP=/bin/gzip
ac_cv_path_TAR=/bin/tar
ac_cv_path_mkdir=/bin/mkdir
ac_cv_prog_AR=ar
ac_cv_prog_AWK=mawk
ac_cv_prog_CC=gcc
ac_cv_prog_CPP='gcc -E'
ac_cv_prog_CXX=g++
ac_cv_prog_CXXCPP='g++ -E'
ac_cv_prog_LINKS=false
ac_cv_prog_RANLIB=ranlib
ac_cv_prog_SABLOTRON=false
ac_cv_prog_XSLTPROC=true
ac_cv_prog_ac_ct_STRIP=strip
ac_cv_prog_cc_c89=
ac_cv_prog_cc_g=yes
ac_cv_prog_cc_stdc=
ac_cv_prog_cxx_g=yes
ac_cv_prog_egrep='grep -E'
ac_cv_prog_f77_g=no
ac_cv_prog_make_make_set=yes
ac_cv_search_opendir='none required'
ac_cv_sizeof_int_p=4
ac_cv_sizeof_unsigned_char=1
ac_cv_sizeof_unsigned_int=4
ac_cv_sizeof_unsigned_long=4
ac_cv_sizeof_unsigned_long_long=8
ac_cv_sizeof_unsigned_short=2
ac_cv_sys_symbol_underscore=no
ac_cv_type_error_t=yes
ac_cv_type_int_p=yes
ac_cv_type_unsigned_char=yes
ac_cv_type_unsigned_int=yes
ac_cv_type_unsigned_long=yes
ac_cv_type_unsigned_long_long=yes
ac_cv_type_unsigned_short=yes
am_cv_CC_dependencies_compiler_type=gcc3
am_cv_CXX_dependencies_compiler_type=gcc3
gcc_cv_have_decl_asprintf=yes
gcc_cv_have_decl_basename=yes
gcc_cv_have_decl_getopt=no
gcc_cv_have_decl_vasprintf=yes
libltdl_cv_lib_dl_dlopen=yes
libltdl_cv_objdir=.libs
libltdl_cv_preloaded_symbols=yes
libltdl_cv_shlibext=.so
libltdl_cv_shlibpath_var=LD_LIBRARY_PATH
libltdl_cv_sys_dlopen_deplibs=yes
libltdl_cv_sys_search_path='/lib /usr/lib /usr/lib/nvidia-current /lib/i386-linux-gnu /usr/lib/i386-linux-gnu /lib/i686-linux-gnu /usr/lib/i686-linux-gnu /usr/lib/alsa-lib /usr/local/lib /opt/prueba_sid/lib/libhexkeyboard.la '
lt_cv_deplibs_check_method=pass_all
lt_cv_dlopen=dlopen
lt_cv_dlopen_libs=-ldl
lt_cv_dlopen_self=yes
lt_cv_dlopen_self_static=yes
lt_cv_file_magic_cmd='$MAGIC_CMD'
lt_cv_file_magic_test_file=
lt_cv_ld_reload_flag=-r
lt_cv_objdir=.libs
lt_cv_path_LD=ld
lt_cv_path_LDCXX=ld
lt_cv_path_NM=nm
lt_cv_path_SED=/bin/sed
lt_cv_prog_compiler_c_o=yes
lt_cv_prog_compiler_c_o_CXX=yes
lt_cv_prog_compiler_rtti_exceptions=no
lt_cv_prog_gnu_ld=yes
lt_cv_prog_gnu_ldcxx=yes
lt_cv_sys_global_symbol_pipe='sed -n -e '\''s/^.*[ 	]\([ABCDGIRSTW][ABCDGIRSTW]*\)[ 	][ 	]*\([_A-Za-z][_A-Za-z0-9]*\)$/\1 \2 \2/p'\'''
lt_cv_sys_global_symbol_to_c_name_address='sed -n -e '\''s/^: \([^ ]*\) $/  {\"\1\", (lt_ptr) 0},/p'\'' -e '\''s/^[BCDEGRST] \([^ ]*\) \([^ ]*\)$/  {"\2", (lt_ptr) \&\2},/p'\'''
lt_cv_sys_global_symbol_to_cdecl='sed -n -e '\''s/^. .* \(.*\)$/extern int \1;/p'\'''
lt_cv_sys_max_cmd_len=32768
lt_lt_cv_prog_compiler_c_o='"yes"'
lt_lt_cv_prog_compiler_c_o_CXX='"yes"'
lt_lt_cv_sys_global_symbol_pipe='"sed -n -e '\''s/^.*[ 	]\\([ABCDGIRSTW][ABCDGIRSTW]*\\)[ 	][ 	]*\\([_A-Za-z][_A-Za-z0-9]*\\)\$/\\1 \\2 \\2/p'\''"'
lt_lt_cv_sys_global_symbol_to_c_name_address='"sed -n -e '\''s/^: \\([^ ]*\\) \$/  {\\\"\\1\\\", (lt_ptr) 0},/p'\'' -e '\''s/^[BCDEGRST] \\([^ ]*\\) \\([^ ]*\\)\$/  {\"\\2\", (lt_ptr) \\&\\2},/p'\''"'
lt_lt_cv_sys_global_symbol_to_cdecl='"sed -n -e '\''s/^. .* \\(.*\\)\$/extern int \\1;/p'\''"'
sid_cv_builtin_expect=yes
sid_cv_cctype_std=yes

## ----------------- ##
## Output variables. ##
## ----------------- ##

ACLOCAL='${SHELL} /home/adrian/_ETSIT-UPM/BECA-SimAntares/sid-1.1/src/sid/config/missing --run aclocal-1.9'
AMDEPBACKSLASH='\'
AMDEP_FALSE='#'
AMDEP_TRUE=''
AMTAR='${SHELL} /home/adrian/_ETSIT-UPM/BECA-SimAntares/sid-1.1/src/sid/config/missing --run tar'
AUTOCONF='${SHELL} /home/adrian/_ETSIT-UPM/BECA-SimAntares/sid-1.1/src/sid/config/missing --run autoconf'
AUTOHEADER='${SHELL} /home/adrian/_ETSIT-UPM/BECA-SimAntares/sid-1.1/src/sid/config/missing --run autoheader'
AUTOMAKE='${SHELL} /home/adrian/_ETSIT-UPM/BECA-SimAntares/sid-1.1/src/sid/config/missing --run automake-1.9'
AWK='mawk'
CC='gcc'
CCDEPMODE='depmode=gcc3'
CFLAGS='-g -O2'
CPPFLAGS=''
CXX='g++'
CXXCPP='g++ -E'
CXXDEPMODE='depmode=gcc3'
CXXFLAGS='-g -O2'
CYGPATH_W='echo'
DEFS='-DPACKAGE_NAME=\"\" -DPACKAGE_TARNAME=\"\" -DPACKAGE_VERSION=\"\" -DPACKAGE_STRING=\"\" -DPACKAGE_BUGREPORT=\"\" -DPACKAGE=\"sid\" -DVERSION=\"0.1-net\" '
DEPDIR='.deps'
ECHO_C=''
ECHO_N='-n'
ECHO_T=''
EXEEXT=''
INSTALL_DATA='/usr/bin/install -c -m 644'
INSTALL_PROGRAM='/usr/bin/install -c'
INSTALL_SCRIPT='/usr/bin/install -c'
INSTALL_STRIP_PROGRAM='${SHELL} $(install_sh) -c -s'
LDFLAGS=' '
LIBOBJS=''
LIBS=''
LTLIBOBJS=''
MAINT='#'
MAINTAINER_MODE_FALSE=''
MAINTAINER_MODE_TRUE='#'
MAKEINFO='makeinfo --split-size=5000000'
OBJEXT='o'
PACKAGE='sid'
PACKAGE_BUGREPORT=''
PACKAGE_NAME=''
PACKAGE_STRING=''
PACKAGE_TARNAME=''
PACKAGE_VERSION=''
PATH_SEPARATOR=':'
SET_MAKE=''
SHELL='/bin/sh'
SIDTARGET_ARM_FALSE='#'
SIDTARGET_ARM_TRUE=''
SIDTARGET_M32R_FALSE='#'
SIDTARGET_M32R_TRUE=''
SIDTARGET_M68K_FALSE='#'
SIDTARGET_M68K_TRUE=''
SIDTARGET_MEP_FALSE='#'
SIDTARGET_MEP_TRUE=''
SIDTARGET_MIPS_FALSE='#'
SIDTARGET_MIPS_TRUE=''
SIDTARGET_MT_FALSE='#'
SIDTARGET_MT_TRUE=''
SIDTARGET_PPC_FALSE='#'
SIDTARGET_PPC_TRUE=''
SIDTARGET_SH64_FALSE='#'
SIDTARGET_SH64_TRUE=''
SIDTARGET_SH_FALSE='#'
SIDTARGET_SH_TRUE=''
SIDTARGET_X86_FALSE='#'
SIDTARGET_X86_TRUE=''
SIDTARGET_XSTORMY16_FALSE='#'
SIDTARGET_XSTORMY16_TRUE=''
STRIP=''
VERSION='0.1-net'
ac_ct_CC=''
ac_ct_CXX=''
ac_ct_STRIP=''
am__fastdepCC_FALSE='#'
am__fastdepCC_TRUE=''
am__fastdepCXX_FALSE='#'
am__fastdepCXX_TRUE=''
am__include='include'
am__leading_dot='.'
am__quote=''
am__tar='${AMTAR} chof - "$$tardir"'
am__untar='${AMTAR} xf -'
bindir='${exec_prefix}/bin'
build_alias='i686-pc-linux-gnu'
datadir='${prefix}/share'
enable_shared='yes'
exec_prefix='${prefix}'
host_alias='i686-pc-linux-gnu'
includedir='${prefix}/include'
infodir='${prefix}/info'
install_sh='/home/adrian/_ETSIT-UPM/BECA-SimAntares/sid-1.1/src/sid/config/install-sh'
libdir='${exec_prefix}/lib'
libexecdir='${exec_prefix}/libexec'
localstatedir='${prefix}/var'
mandir='${prefix}/man'
mkdir_p='mkdir -p --'
oldincludedir='/usr/include'
prefix='/usr/local/sid-1.1'
program_transform_name='s,y,y,'
sbindir='${exec_prefix}/sbin'
sharedstatedir='${prefix}/com'
sidtarget_arm='1'
sidtarget_m32r='1'
sidtarget_m68k='1'
sidtarget_mep='1'
sidtarget_mips='1'
sidtarget_mt='1'
sidtarget_ppc='1'
sidtarget_sh64='1'
sidtarget_sh='1'
sidtarget_x86='1'
sidtarget_xstormy16='1'
subdirs=' include component main bsp samples demos'
sysconfdir='${prefix}/etc'
target='i686-pc-linux-gnu'
target_alias='i686-pc-linux-gnu'

## ----------- ##
## confdefs.h. ##
## ----------- ##

#define PACKAGE "sid"
#define PACKAGE_BUGREPORT ""
#define PACKAGE_NAME ""
#define PACKAGE_STRING ""
#define PACKAGE_TARNAME ""
#define PACKAGE_VERSION ""
#define VERSION "0.1-net"
#endif
#ifdef __cplusplus
extern "C" void exit (int) throw ();

configure: exit 0
