This file contains any messages produced by compilers while
running configure, to aid debugging if configure makes a mistake.

It was created by configure, which was
generated by GNU Autoconf 2.59.  Invocation command line was

  $ ../../.././sid/main/dynamic/configure --prefix=/usr/local/sid-1.1 --cache-file=./config.cache --with-system-zlib --prefix=/usr/local/sid-1.1 --program-transform-name=s,y,y, --disable-option-checking --build=i686-pc-linux-gnu --host=i686-pc-linux-gnu --target=i686-pc-linux-gnu --srcdir=.././sid CC=gcc CFLAGS=-g -O2 CXXFLAGS=-g -O2 CXX=g++ LDFLAGS=  build_alias=i686-pc-linux-gnu host_alias=i686-pc-linux-gnu target_alias=i686-pc-linux-gnu --cache-file=.././config.cache --srcdir=../.././sid/main --cache-file=../.././config.cache --srcdir=../../.././sid/main/dynamic

## --------- ##
## Platform. ##
## --------- ##

hostname = sirio
uname -m = i686
uname -r = 2.6.38-8-generic
uname -s = Linux
uname -v = #42-Ubuntu SMP Mon Apr 11 03:31:50 UTC 2011

/usr/bin/uname -p = unknown
/bin/uname -X     = unknown

/bin/arch              = unknown
/usr/bin/arch -k       = unknown
/usr/convex/getsysinfo = unknown
hostinfo               = unknown
/bin/machine           = unknown
/usr/bin/oslevel       = unknown
/bin/universe          = unknown

PATH: /home/adrian/CodeSourcery/Sourcery_G++_Lite/bin
PATH: /usr/matlab/bin
PATH: /home/adrian/.codeSourcery(uCLinux)/bin
PATH: /usr/local/sbin
PATH: /usr/local/bin
PATH: /usr/sbin
PATH: /usr/bin
PATH: /sbin
PATH: /bin
PATH: /usr/games


## ----------- ##
## Core tests. ##
## ----------- ##

configure:1412: loading cache ../.././config.cache
configure:1539: checking for a BSD-compatible install
configure:1594: result: /usr/bin/install -c
configure:1605: checking whether build environment is sane
configure:1648: result: yes
configure:1713: checking for gawk
configure:1739: result: mawk
configure:1749: checking whether make sets $(MAKE)
configure:1769: result: yes
configure:1940: checking whether to enable maintainer-specific portions of Makefiles
configure:1949: result: no
configure:2044: checking build system type
configure:2062: result: i686-pc-linux-gnu
configure:2070: checking host system type
configure:2084: result: i686-pc-linux-gnu
configure:2104: checking for style of include used by make
configure:2132: result: GNU
configure:2165: checking for i686-pc-linux-gnu-gcc
configure:2191: result: gcc
configure:2473: checking for C compiler version
configure:2476: gcc --version </dev/null >&5
gcc (Ubuntu/Linaro 4.5.2-8ubuntu4) 4.5.2
Copyright (C) 2010 Free Software Foundation, Inc.
This is free software; see the source for copying conditions.  There is NO
warranty; not even for MERCHANTABILITY or FITNESS FOR A PARTICULAR PURPOSE.

configure:2479: $? = 0
configure:2481: gcc -v </dev/null >&5
Using built-in specs.
COLLECT_GCC=gcc
COLLECT_LTO_WRAPPER=/usr/lib/i386-linux-gnu/gcc/i686-linux-gnu/4.5.2/lto-wrapper
Target: i686-linux-gnu
Configured with: ../src/configure -v --with-pkgversion='Ubuntu/Linaro 4.5.2-8ubuntu4' --with-bugurl=file:///usr/share/doc/gcc-4.5/README.Bugs --enable-languages=c,c++,fortran,objc,obj-c++ --prefix=/usr --program-suffix=-4.5 --enable-shared --enable-multiarch --with-multiarch-defaults=i386-linux-gnu --enable-linker-build-id --with-system-zlib --libexecdir=/usr/lib/i386-linux-gnu --without-included-gettext --enable-threads=posix --with-gxx-include-dir=/usr/include/c++/4.5 --libdir=/usr/lib/i386-linux-gnu --enable-nls --with-sysroot=/ --enable-clocale=gnu --enable-libstdcxx-debug --enable-libstdcxx-time=yes --enable-plugin --enable-gold --enable-ld=default --with-plugin-ld=ld.gold --enable-objc-gc --enable-targets=all --disable-werror --with-arch-32=i686 --with-tune=generic --enable-checking=release --build=i686-linux-gnu --host=i686-linux-gnu --target=i686-linux-gnu
Thread model: posix
gcc version 4.5.2 (Ubuntu/Linaro 4.5.2-8ubuntu4) 
configure:2484: $? = 0
configure:2486: gcc -V </dev/null >&5
gcc: '-V' option must have argument
configure:2489: $? = 1
configure:2512: checking for C compiler default output file name
configure:2515: gcc -g -O2    conftest.c  >&5
configure:2518: $? = 0
configure:2564: result: a.out
configure:2569: checking whether the C compiler works
configure:2575: ./a.out
configure:2578: $? = 0
configure:2595: result: yes
configure:2602: checking whether we are cross compiling
configure:2604: result: no
configure:2607: checking for suffix of executables
configure:2609: gcc -o conftest -g -O2    conftest.c  >&5
configure:2612: $? = 0
configure:2637: result: 
configure:2643: checking for suffix of object files
configure:2689: result: o
configure:2693: checking whether we are using the GNU C compiler
configure:2749: result: yes
configure:2755: checking whether gcc accepts -g
configure:2806: result: yes
configure:2823: checking for gcc option to accept ANSI C
configure:2930: result: none needed
configure:2948: gcc -c -g -O2  conftest.c >&5
conftest.c:2:9: error: expected '=', ',', ';', 'asm' or '__attribute__' before 'me'
configure:2954: $? = 1
configure: failed program was:
| #ifndef __cplusplus
|   choke me
| #endif
configure:3089: checking dependency style of gcc
configure:3179: result: gcc3
configure:3196: checking for a sed that does not truncate output
configure:3250: result: /bin/sed
configure:3253: checking for egrep
configure:3263: result: grep -E
configure:3279: checking for ld used by gcc
configure:3346: result: ld
configure:3355: checking if the linker (ld) is GNU ld
configure:3370: result: yes
configure:3375: checking for ld option to reload object files
configure:3382: result: -r
configure:3400: checking for BSD-compatible nm
configure:3442: result: nm
configure:3446: checking whether ln -s works
configure:3450: result: yes
configure:3457: checking how to recognise dependent libraries
configure:3629: result: pass_all
configure:3843: checking how to run the C preprocessor
configure:3961: result: gcc -E
configure:3985: gcc -E  conftest.c
configure:3991: $? = 0
configure:4023: gcc -E  conftest.c
conftest.c:11:28: fatal error: ac_nonexistent.h: No such file or directory
compilation terminated.
configure:4029: $? = 1
configure: failed program was:
| /* confdefs.h.  */
| 
| #define PACKAGE_NAME ""
| #define PACKAGE_TARNAME ""
| #define PACKAGE_VERSION ""
| #define PACKAGE_STRING ""
| #define PACKAGE_BUGREPORT ""
| #define PACKAGE "sidmain"
| #define VERSION "0.1"
| /* end confdefs.h.  */
| #include <ac_nonexistent.h>
configure:4073: checking for ANSI C header files
configure:4229: result: yes
configure:4253: checking for sys/types.h
configure:4299: result: yes
configure:4253: checking for sys/stat.h
configure:4299: result: yes
configure:4253: checking for stdlib.h
configure:4299: result: yes
configure:4253: checking for string.h
configure:4299: result: yes
configure:4253: checking for memory.h
configure:4299: result: yes
configure:4253: checking for strings.h
configure:4299: result: yes
configure:4253: checking for inttypes.h
configure:4299: result: yes
configure:4253: checking for stdint.h
configure:4299: result: yes
configure:4253: checking for unistd.h
configure:4299: result: yes
configure:4316: checking for dlfcn.h
configure:4321: result: yes
configure:4471: checking for i686-pc-linux-gnu-g++
configure:4497: result: g++
configure:4555: checking for C++ compiler version
configure:4558: g++ --version </dev/null >&5
g++ (Ubuntu/Linaro 4.5.2-8ubuntu4) 4.5.2
Copyright (C) 2010 Free Software Foundation, Inc.
This is free software; see the source for copying conditions.  There is NO
warranty; not even for MERCHANTABILITY or FITNESS FOR A PARTICULAR PURPOSE.

configure:4561: $? = 0
configure:4563: g++ -v </dev/null >&5
Using built-in specs.
COLLECT_GCC=g++
COLLECT_LTO_WRAPPER=/usr/lib/i386-linux-gnu/gcc/i686-linux-gnu/4.5.2/lto-wrapper
Target: i686-linux-gnu
Configured with: ../src/configure -v --with-pkgversion='Ubuntu/Linaro 4.5.2-8ubuntu4' --with-bugurl=file:///usr/share/doc/gcc-4.5/README.Bugs --enable-languages=c,c++,fortran,objc,obj-c++ --prefix=/usr --program-suffix=-4.5 --enable-shared --enable-multiarch --with-multiarch-defaults=i386-linux-gnu --enable-linker-build-id --with-system-zlib --libexecdir=/usr/lib/i386-linux-gnu --without-included-gettext --enable-threads=posix --with-gxx-include-dir=/usr/include/c++/4.5 --libdir=/usr/lib/i386-linux-gnu --enable-nls --with-sysroot=/ --enable-clocale=gnu --enable-libstdcxx-debug --enable-libstdcxx-time=yes --enable-plugin --enable-gold --enable-ld=default --with-plugin-ld=ld.gold --enable-objc-gc --enable-targets=all --disable-werror --with-arch-32=i686 --with-tune=generic --enable-checking=release --build=i686-linux-gnu --host=i686-linux-gnu --target=i686-linux-gnu
Thread model: posix
gcc version 4.5.2 (Ubuntu/Linaro 4.5.2-8ubuntu4) 
configure:4566: $? = 0
configure:4568: g++ -V </dev/null >&5
g++: '-V' option must have argument
configure:4571: $? = 1
configure:4574: checking whether we are using the GNU C++ compiler
configure:4630: result: yes
configure:4636: checking whether g++ accepts -g
configure:4687: result: yes
configure:4729: g++ -c -g -O2  conftest.cc >&5
configure:4735: $? = 0
configure:4739: test -z 
			 || test ! -s conftest.err
configure:4742: $? = 0
configure:4745: test -s conftest.o
configure:4748: $? = 0
configure:4774: g++ -c -g -O2  conftest.cc >&5
conftest.cc: In function 'int main()':
conftest.cc:26:9: error: 'exit' was not declared in this scope
configure:4780: $? = 1
configure: failed program was:
| /* confdefs.h.  */
| 
| #define PACKAGE_NAME ""
| #define PACKAGE_TARNAME ""
| #define PACKAGE_VERSION ""
| #define PACKAGE_STRING ""
| #define PACKAGE_BUGREPORT ""
| #define PACKAGE "sidmain"
| #define VERSION "0.1"
| #define STDC_HEADERS 1
| #define HAVE_SYS_TYPES_H 1
| #define HAVE_SYS_STAT_H 1
| #define HAVE_STDLIB_H 1
| #define HAVE_STRING_H 1
| #define HAVE_MEMORY_H 1
| #define HAVE_STRINGS_H 1
| #define HAVE_INTTYPES_H 1
| #define HAVE_STDINT_H 1
| #define HAVE_UNISTD_H 1
| #define HAVE_DLFCN_H 1
| /* end confdefs.h.  */
| 
| int
| main ()
| {
| exit (42);
|   ;
|   return 0;
| }
configure:4729: g++ -c -g -O2  conftest.cc >&5
conftest.cc:22:40: error: 'void std::exit(int)' should have been declared inside 'std'
configure:4735: $? = 1
configure: failed program was:
| /* confdefs.h.  */
| 
| #define PACKAGE_NAME ""
| #define PACKAGE_TARNAME ""
| #define PACKAGE_VERSION ""
| #define PACKAGE_STRING ""
| #define PACKAGE_BUGREPORT ""
| #define PACKAGE "sidmain"
| #define VERSION "0.1"
| #define STDC_HEADERS 1
| #define HAVE_SYS_TYPES_H 1
| #define HAVE_SYS_STAT_H 1
| #define HAVE_STDLIB_H 1
| #define HAVE_STRING_H 1
| #define HAVE_MEMORY_H 1
| #define HAVE_STRINGS_H 1
| #define HAVE_INTTYPES_H 1
| #define HAVE_STDINT_H 1
| #define HAVE_UNISTD_H 1
| #define HAVE_DLFCN_H 1
| /* end confdefs.h.  */
| extern "C" void std::exit (int) throw (); using std::exit;
| #include <stdlib.h>
| int
| main ()
| {
| exit (42);
|   ;
|   return 0;
| }
configure:4729: g++ -c -g -O2  conftest.cc >&5
conftest.cc:22:31: error: 'void std::exit(int)' should have been declared inside 'std'
In file included from conftest.cc:23:0:
/usr/include/stdlib.h:544:70: error: declaration of 'void std::exit(int) throw ()' throws different exceptions
conftest.cc:22:17: error: from previous declaration 'void std::exit(int)'
configure:4735: $? = 1
configure: failed program was:
| /* confdefs.h.  */
| 
| #define PACKAGE_NAME ""
| #define PACKAGE_TARNAME ""
| #define PACKAGE_VERSION ""
| #define PACKAGE_STRING ""
| #define PACKAGE_BUGREPORT ""
| #define PACKAGE "sidmain"
| #define VERSION "0.1"
| #define STDC_HEADERS 1
| #define HAVE_SYS_TYPES_H 1
| #define HAVE_SYS_STAT_H 1
| #define HAVE_STDLIB_H 1
| #define HAVE_STRING_H 1
| #define HAVE_MEMORY_H 1
| #define HAVE_STRINGS_H 1
| #define HAVE_INTTYPES_H 1
| #define HAVE_STDINT_H 1
| #define HAVE_UNISTD_H 1
| #define HAVE_DLFCN_H 1
| /* end confdefs.h.  */
| extern "C" void std::exit (int); using std::exit;
| #include <stdlib.h>
| int
| main ()
| {
| exit (42);
|   ;
|   return 0;
| }
configure:4729: g++ -c -g -O2  conftest.cc >&5
configure:4735: $? = 0
configure:4739: test -z 
			 || test ! -s conftest.err
configure:4742: $? = 0
configure:4745: test -s conftest.o
configure:4748: $? = 0
configure:4774: g++ -c -g -O2  conftest.cc >&5
configure:4780: $? = 0
configure:4784: test -z 
			 || test ! -s conftest.err
configure:4787: $? = 0
configure:4790: test -s conftest.o
configure:4793: $? = 0
configure:4818: checking dependency style of g++
configure:4908: result: gcc3
configure:4935: checking how to run the C++ preprocessor
configure:5049: result: g++ -E
configure:5073: g++ -E  conftest.cc
configure:5079: $? = 0
configure:5111: g++ -E  conftest.cc
conftest.cc:25:28: fatal error: ac_nonexistent.h: No such file or directory
compilation terminated.
configure:5117: $? = 1
configure: failed program was:
| /* confdefs.h.  */
| 
| #define PACKAGE_NAME ""
| #define PACKAGE_TARNAME ""
| #define PACKAGE_VERSION ""
| #define PACKAGE_STRING ""
| #define PACKAGE_BUGREPORT ""
| #define PACKAGE "sidmain"
| #define VERSION "0.1"
| #define STDC_HEADERS 1
| #define HAVE_SYS_TYPES_H 1
| #define HAVE_SYS_STAT_H 1
| #define HAVE_STDLIB_H 1
| #define HAVE_STRING_H 1
| #define HAVE_MEMORY_H 1
| #define HAVE_STRINGS_H 1
| #define HAVE_INTTYPES_H 1
| #define HAVE_STDINT_H 1
| #define HAVE_UNISTD_H 1
| #define HAVE_DLFCN_H 1
| #ifdef __cplusplus
| extern "C" void exit (int) throw ();
| #endif
| /* end confdefs.h.  */
| #include <ac_nonexistent.h>
configure:5172: checking for i686-pc-linux-gnu-g77
configure:5201: result: no
configure:5172: checking for i686-pc-linux-gnu-f77
configure:5201: result: no
configure:5172: checking for i686-pc-linux-gnu-xlf
configure:5201: result: no
configure:5172: checking for i686-pc-linux-gnu-frt
configure:5201: result: no
configure:5172: checking for i686-pc-linux-gnu-pgf77
configure:5201: result: no
configure:5172: checking for i686-pc-linux-gnu-fort77
configure:5201: result: no
configure:5172: checking for i686-pc-linux-gnu-fl32
configure:5201: result: no
configure:5172: checking for i686-pc-linux-gnu-af77
configure:5201: result: no
configure:5172: checking for i686-pc-linux-gnu-f90
configure:5201: result: no
configure:5172: checking for i686-pc-linux-gnu-xlf90
configure:5201: result: no
configure:5172: checking for i686-pc-linux-gnu-pgf90
configure:5201: result: no
configure:5172: checking for i686-pc-linux-gnu-epcf90
configure:5201: result: no
configure:5172: checking for i686-pc-linux-gnu-f95
configure:5201: result: no
configure:5172: checking for i686-pc-linux-gnu-fort
configure:5201: result: no
configure:5172: checking for i686-pc-linux-gnu-xlf95
configure:5201: result: no
configure:5172: checking for i686-pc-linux-gnu-ifc
configure:5201: result: no
configure:5172: checking for i686-pc-linux-gnu-efc
configure:5201: result: no
configure:5172: checking for i686-pc-linux-gnu-pgf95
configure:5201: result: no
configure:5172: checking for i686-pc-linux-gnu-lf95
configure:5201: result: no
configure:5172: checking for i686-pc-linux-gnu-gfortran
configure:5201: result: no
configure:5214: checking for g77
configure:5243: result: no
configure:5214: checking for f77
configure:5243: result: no
configure:5214: checking for xlf
configure:5243: result: no
configure:5214: checking for frt
configure:5243: result: no
configure:5214: checking for pgf77
configure:5243: result: no
configure:5214: checking for fort77
configure:5243: result: no
configure:5214: checking for fl32
configure:5243: result: no
configure:5214: checking for af77
configure:5243: result: no
configure:5214: checking for f90
configure:5243: result: no
configure:5214: checking for xlf90
configure:5243: result: no
configure:5214: checking for pgf90
configure:5243: result: no
configure:5214: checking for epcf90
configure:5243: result: no
configure:5214: checking for f95
configure:5243: result: no
configure:5214: checking for fort
configure:5243: result: no
configure:5214: checking for xlf95
configure:5243: result: no
configure:5214: checking for ifc
configure:5243: result: no
configure:5214: checking for efc
configure:5243: result: no
configure:5214: checking for pgf95
configure:5243: result: no
configure:5214: checking for lf95
configure:5243: result: no
configure:5214: checking for gfortran
configure:5243: result: no
configure:5255: checking for Fortran 77 compiler version
configure:5258:  --version </dev/null >&5
../../.././sid/main/dynamic/configure: line 5259: --version: command not found
configure:5261: $? = 127
configure:5263:  -v </dev/null >&5
../../.././sid/main/dynamic/configure: line 5264: -v: command not found
configure:5266: $? = 127
configure:5268:  -V </dev/null >&5
../../.././sid/main/dynamic/configure: line 5269: -V: command not found
configure:5271: $? = 127
configure:5279: checking whether we are using the GNU Fortran 77 compiler
configure:5325: result: no
configure:5331: checking whether  accepts -g
configure:5374: result: no
configure:5404: checking the maximum length of command line arguments
configure:5496: result: 32768
configure:5507: checking command to parse nm output from gcc object
configure:5706: result: ok
configure:5710: checking for objdir
configure:5725: result: .libs
configure:5777: checking for i686-pc-linux-gnu-ar
configure:5803: result: ar
configure:5857: checking for i686-pc-linux-gnu-ranlib
configure:5883: result: ranlib
configure:5937: checking for i686-pc-linux-gnu-strip
configure:5966: result: no
configure:5975: checking for strip
configure:6002: result: strip
configure:6289: checking if gcc static flag  works
configure:6317: result: yes
configure:6335: checking if gcc supports -fno-rtti -fno-exceptions
configure:6370: result: no
configure:6385: checking for gcc option to produce PIC
configure:6589: result: -fPIC
configure:6597: checking if gcc PIC flag -fPIC works
configure:6615: gcc -c -g -O2  -fPIC -DPIC conftest.c >&5
configure:6619: $? = 0
configure:6632: result: yes
configure:6656: checking if gcc supports -c -o file.o
configure:6703: result: yes
configure:6729: checking whether the gcc linker (ld) supports shared libraries
configure:7625: result: yes
configure:7651: checking whether -lc should be explicitly linked in
configure:7656: gcc -c -g -O2  conftest.c >&5
configure:7659: $? = 0
configure:7673: gcc -shared conftest.o  -v -Wl,-soname -Wl,conftest -o conftest 2\>\&1 \| grep  -lc  \>/dev/null 2\>\&1
configure:7676: $? = 0
configure:7688: result: no
configure:7696: checking dynamic linker characteristics
configure:8242: result: GNU/Linux ld.so
configure:8246: checking how to hardcode library paths into programs
configure:8271: result: immediate
configure:8285: checking whether stripping libraries is possible
configure:8290: result: yes
configure:8416: checking for shl_load
configure:8504: result: no
configure:8509: checking for shl_load in -ldld
configure:8571: result: no
configure:8576: checking for dlopen
configure:8664: result: no
configure:8669: checking for dlopen in -ldl
configure:8731: result: yes
configure:8906: checking whether a program can dlopen itself
configure:8999: result: yes
configure:9004: checking whether a statically linked program can dlopen itself
configure:9097: result: yes
configure:9120: checking if libtool supports shared libraries
configure:9122: result: yes
configure:9125: checking whether to build shared libraries
configure:9146: result: yes
configure:9149: checking whether to build static libraries
configure:9153: result: yes
configure:9245: creating libtool
configure:9823: checking for ld used by g++
configure:9890: result: ld
configure:9899: checking if the linker (ld) is GNU ld
configure:9914: result: yes
configure:9965: checking whether the g++ linker (ld) supports shared libraries
configure:10852: result: yes
configure:10870: g++ -c -g -O2  conftest.cc >&5
configure:10873: $? = 0
configure:10969: checking for g++ option to produce PIC
configure:11237: result: -fPIC
configure:11245: checking if g++ PIC flag -fPIC works
configure:11263: g++ -c -g -O2  -fPIC -DPIC conftest.cc >&5
configure:11267: $? = 0
configure:11280: result: yes
configure:11304: checking if g++ supports -c -o file.o
configure:11351: result: yes
configure:11377: checking whether the g++ linker (ld) supports shared libraries
configure:11402: result: yes
configure:11473: checking dynamic linker characteristics
configure:12019: result: GNU/Linux ld.so
configure:12023: checking how to hardcode library paths into programs
configure:12048: result: immediate
configure:12062: checking whether stripping libraries is possible
configure:12067: result: yes
configure:12193: checking for shl_load
configure:12281: result: no
configure:12286: checking for shl_load in -ldld
configure:12348: result: no
configure:12353: checking for dlopen
configure:12441: result: no
configure:12446: checking for dlopen in -ldl
configure:12508: result: yes
configure:12683: checking whether a program can dlopen itself
configure:12776: result: yes
configure:12781: checking whether a statically linked program can dlopen itself
configure:12874: result: yes
configure:19585: checking for i686-pc-linux-gnu-g++
configure:19611: result: g++
configure:19669: checking for C++ compiler version
configure:19672: g++ --version </dev/null >&5
g++ (Ubuntu/Linaro 4.5.2-8ubuntu4) 4.5.2
Copyright (C) 2010 Free Software Foundation, Inc.
This is free software; see the source for copying conditions.  There is NO
warranty; not even for MERCHANTABILITY or FITNESS FOR A PARTICULAR PURPOSE.

configure:19675: $? = 0
configure:19677: g++ -v </dev/null >&5
Using built-in specs.
COLLECT_GCC=g++
COLLECT_LTO_WRAPPER=/usr/lib/i386-linux-gnu/gcc/i686-linux-gnu/4.5.2/lto-wrapper
Target: i686-linux-gnu
Configured with: ../src/configure -v --with-pkgversion='Ubuntu/Linaro 4.5.2-8ubuntu4' --with-bugurl=file:///usr/share/doc/gcc-4.5/README.Bugs --enable-languages=c,c++,fortran,objc,obj-c++ --prefix=/usr --program-suffix=-4.5 --enable-shared --enable-multiarch --with-multiarch-defaults=i386-linux-gnu --enable-linker-build-id --with-system-zlib --libexecdir=/usr/lib/i386-linux-gnu --without-included-gettext --enable-threads=posix --with-gxx-include-dir=/usr/include/c++/4.5 --libdir=/usr/lib/i386-linux-gnu --enable-nls --with-sysroot=/ --enable-clocale=gnu --enable-libstdcxx-debug --enable-libstdcxx-time=yes --enable-plugin --enable-gold --enable-ld=default --with-plugin-ld=ld.gold --enable-objc-gc --enable-targets=all --disable-werror --with-arch-32=i686 --with-tune=generic --enable-checking=release --build=i686-linux-gnu --host=i686-linux-gnu --target=i686-linux-gnu
Thread model: posix
gcc version 4.5.2 (Ubuntu/Linaro 4.5.2-8ubuntu4) 
configure:19680: $? = 0
configure:19682: g++ -V </dev/null >&5
g++: '-V' option must have argument
configure:19685: $? = 1
configure:19688: checking whether we are using the GNU C++ compiler
configure:19744: result: yes
configure:19750: checking whether g++ accepts -g
configure:19801: result: yes
configure:19843: g++ -c -g -O2  conftest.cc >&5
configure:19849: $? = 0
configure:19853: test -z 
			 || test ! -s conftest.err
configure:19856: $? = 0
configure:19859: test -s conftest.o
configure:19862: $? = 0
configure:19888: g++ -c -g -O2  conftest.cc >&5
configure:19894: $? = 0
configure:19898: test -z 
			 || test ! -s conftest.err
configure:19901: $? = 0
configure:19904: test -s conftest.o
configure:19907: $? = 0
configure:19932: checking dependency style of g++
configure:20022: result: gcc3
configure:20044: checking how to run the C++ preprocessor
configure:20158: result: g++ -E
configure:20182: g++ -E  conftest.cc
configure:20188: $? = 0
configure:20220: g++ -E  conftest.cc
conftest.cc:25:28: fatal error: ac_nonexistent.h: No such file or directory
compilation terminated.
configure:20226: $? = 1
configure: failed program was:
| /* confdefs.h.  */
| 
| #define PACKAGE_NAME ""
| #define PACKAGE_TARNAME ""
| #define PACKAGE_VERSION ""
| #define PACKAGE_STRING ""
| #define PACKAGE_BUGREPORT ""
| #define PACKAGE "sidmain"
| #define VERSION "0.1"
| #define STDC_HEADERS 1
| #define HAVE_SYS_TYPES_H 1
| #define HAVE_SYS_STAT_H 1
| #define HAVE_STDLIB_H 1
| #define HAVE_STRING_H 1
| #define HAVE_MEMORY_H 1
| #define HAVE_STRINGS_H 1
| #define HAVE_INTTYPES_H 1
| #define HAVE_STDINT_H 1
| #define HAVE_UNISTD_H 1
| #define HAVE_DLFCN_H 1
| #ifdef __cplusplus
| extern "C" void exit (int) throw ();
| #endif
| /* end confdefs.h.  */
| #include <ac_nonexistent.h>
configure:20272: checking for i686-pc-linux-gnu-ar
configure:20298: result: ar
configure:20348: checking whether make sets $(MAKE)
configure:20368: result: yes
configure:20384: checking for ANSI C header files
configure:20540: result: yes
configure:20556: checking for getopt.h
configure:20561: result: yes
configure:20710: WARNING: Assuming --enable-targets=all
configure:20783: checking ARM family support
configure:20796: result: 1
configure:20799: checking X86 family support
configure:20812: result: 1
configure:20815: checking MIPS family support
configure:20828: result: 1
configure:20831: checking M32R family support
configure:20844: result: 1
configure:20847: checking M68K family support
configure:20860: result: 1
configure:20863: checking Toshiba MeP family support
configure:20876: result: 1
configure:20879: checking MT family support
configure:20892: result: 1
configure:20895: checking PPC family support
configure:20908: result: 1
configure:20911: checking SH family support
configure:20924: result: 1
configure:20927: checking SH64 family support
configure:20940: result: 1
configure:20943: checking Sanyo Xstormy16 family support
configure:20956: result: 1
configure:21189: creating ./config.status

## ---------------------- ##
## Running config.status. ##
## ---------------------- ##

This file was extended by config.status, which was
generated by GNU Autoconf 2.59.  Invocation command line was

  CONFIG_FILES    = 
  CONFIG_HEADERS  = 
  CONFIG_LINKS    = 
  CONFIG_COMMANDS = 
  $ ./config.status 

on sirio

config.status:752: creating Makefile
config.status:849: creating config.h
config.status:961: config.h is unchanged
config.status:1141: executing depfiles commands

## ---------------- ##
## Cache variables. ##
## ---------------- ##

ac_cv_build=i686-pc-linux-gnu
ac_cv_build_alias=i686-pc-linux-gnu
ac_cv_c_bigendian=no
ac_cv_c_compiler_gnu=yes
ac_cv_c_const=yes
ac_cv_c_inline=inline
ac_cv_cxx_compiler_gnu=yes
ac_cv_decl_ftime=yes
ac_cv_decl_socklen_t=yes
ac_cv_decl_usleep=yes
ac_cv_env_CCC_set=
ac_cv_env_CCC_value=
ac_cv_env_CC_set=set
ac_cv_env_CC_value=gcc
ac_cv_env_CFLAGS_set=set
ac_cv_env_CFLAGS_value='-g -O2'
ac_cv_env_CPPFLAGS_set=
ac_cv_env_CPPFLAGS_value=
ac_cv_env_CPP_set=
ac_cv_env_CPP_value=
ac_cv_env_CXXCPP_set=
ac_cv_env_CXXCPP_value=
ac_cv_env_CXXFLAGS_set=set
ac_cv_env_CXXFLAGS_value='-g -O2'
ac_cv_env_CXX_set=set
ac_cv_env_CXX_value=g++
ac_cv_env_F77_set=
ac_cv_env_F77_value=
ac_cv_env_FFLAGS_set=
ac_cv_env_FFLAGS_value=
ac_cv_env_LDFLAGS_set=set
ac_cv_env_LDFLAGS_value=' '
ac_cv_env_LIBS_set=
ac_cv_env_LIBS_value=
ac_cv_env_XMKMF_set=
ac_cv_env_XMKMF_value=
ac_cv_env_build_alias_set=set
ac_cv_env_build_alias_value=i686-pc-linux-gnu
ac_cv_env_host_alias_set=set
ac_cv_env_host_alias_value=i686-pc-linux-gnu
ac_cv_env_target_alias_set=set
ac_cv_env_target_alias_value=i686-pc-linux-gnu
ac_cv_exeext=
ac_cv_f77_compiler_gnu=no
ac_cv_func_argz_append=yes
ac_cv_func_argz_create_sep=yes
ac_cv_func_argz_insert=yes
ac_cv_func_argz_next=yes
ac_cv_func_argz_stringify=yes
ac_cv_func_closedir=yes
ac_cv_func_connect=yes
ac_cv_func_ctime=yes
ac_cv_func_cygwin_conv_to_full_posix_path=no
ac_cv_func_dlerror=yes
ac_cv_func_dlopen=no
ac_cv_func_ftime=yes
ac_cv_func_gethostbyname=yes
ac_cv_func_getopt=yes
ac_cv_func_gettimeofday=yes
ac_cv_func_inet_addr=yes
ac_cv_func_inet_aton=yes
ac_cv_func_memcpy=yes
ac_cv_func_memmove=yes
ac_cv_func_opendir=yes
ac_cv_func_readdir=yes
ac_cv_func_remove=yes
ac_cv_func_sched_yield=yes
ac_cv_func_select=yes
ac_cv_func_shl_load=no
ac_cv_func_shmat=yes
ac_cv_func_snprintf=yes
ac_cv_func_strchr=yes
ac_cv_func_strcmp=yes
ac_cv_func_strdup=yes
ac_cv_func_strerror=yes
ac_cv_func_strrchr=yes
ac_cv_func_strtoul=yes
ac_cv_func_strtoull=yes
ac_cv_func_strtouq=yes
ac_cv_func_times=yes
ac_cv_func_usleep=yes
ac_cv_func_vasprintf=yes
ac_cv_func_vsnprintf=yes
ac_cv_have_x='have_x=yes	ac_x_includes='\'''\''	ac_x_libraries='\'''\'''
ac_cv_header_X11_Xos_h=yes
ac_cv_header____ucbinclude_sys_ioctl_h=no
ac_cv_header__usr_include_curses_h=no
ac_cv_header_argz_h=yes
ac_cv_header_arpa_inet_h=yes
ac_cv_header_assert_h=yes
ac_cv_header_blt_h=no
ac_cv_header_ctype_h=yes
ac_cv_header_curses_h=no
ac_cv_header_dirent_dirent_h=yes
ac_cv_header_dirent_h=yes
ac_cv_header_dl_h=no
ac_cv_header_dld_h=no
ac_cv_header_dlfcn_h=yes
ac_cv_header_errno_h=yes
ac_cv_header_getopt_h=yes
ac_cv_header_inttypes_h=yes
ac_cv_header_mach_o_dyld_h=no
ac_cv_header_malloc_h=yes
ac_cv_header_memory_h=yes
ac_cv_header_mmsystem_h=no
ac_cv_header_netinet_in_h=yes
ac_cv_header_netinet_tcp_h=yes
ac_cv_header_readline_history_h=no
ac_cv_header_sched_h=yes
ac_cv_header_sstream=yes
ac_cv_header_stdc=yes
ac_cv_header_stdint_h=yes
ac_cv_header_stdio_h=yes
ac_cv_header_stdlib_h=yes
ac_cv_header_string_h=yes
ac_cv_header_strings_h=yes
ac_cv_header_strstream_h=no
ac_cv_header_sys_dl_h=no
ac_cv_header_sys_ioctl_h=yes
ac_cv_header_sys_socket_h=yes
ac_cv_header_sys_soundcard_h=yes
ac_cv_header_sys_stat_h=yes
ac_cv_header_sys_time_h=yes
ac_cv_header_sys_timeb_h=yes
ac_cv_header_sys_types_h=yes
ac_cv_header_tcl_h=yes
ac_cv_header_time=yes
ac_cv_header_time_h=yes
ac_cv_header_tk_h=yes
ac_cv_header_unistd_h=yes
ac_cv_header_windows_h=no
ac_cv_host=i686-pc-linux-gnu
ac_cv_host_alias=i686-pc-linux-gnu
ac_cv_lib_ICE_IceConnectionNumber=yes
ac_cv_lib_X11_XOpenDisplay=yes
ac_cv_lib_curses_refresh=no
ac_cv_lib_dl_dlopen=yes
ac_cv_lib_dld_shl_load=no
ac_cv_lib_kernel32_main=no
ac_cv_lib_m_main=yes
ac_cv_lib_ncurses_refresh=no
ac_cv_lib_nsl_gethostbyname=yes
ac_cv_lib_pthread_pthread_create=yes
ac_cv_lib_readline_readline=no
ac_cv_lib_socket_connect=no
ac_cv_lib_stdcpp_main=yes
ac_cv_lib_winmm_main=no
ac_cv_libstdcxx_shared=yes
ac_cv_objext=o
ac_cv_path_EGREP='/bin/grep -E'
ac_cv_path_GREP=/bin/grep
ac_cv_path_GZIP=/bin/gzip
ac_cv_path_TAR=/bin/tar
ac_cv_path_mkdir=/bin/mkdir
ac_cv_prog_AR=ar
ac_cv_prog_AWK=mawk
ac_cv_prog_CC=gcc
ac_cv_prog_CPP='gcc -E'
ac_cv_prog_CXX=g++
ac_cv_prog_CXXCPP='g++ -E'
ac_cv_prog_LINKS=false
ac_cv_prog_RANLIB=ranlib
ac_cv_prog_SABLOTRON=false
ac_cv_prog_XSLTPROC=true
ac_cv_prog_ac_ct_STRIP=strip
ac_cv_prog_cc_c89=
ac_cv_prog_cc_g=yes
ac_cv_prog_cc_stdc=
ac_cv_prog_cxx_g=yes
ac_cv_prog_egrep='grep -E'
ac_cv_prog_f77_g=no
ac_cv_prog_make_make_set=yes
ac_cv_search_opendir='none required'
ac_cv_sizeof_int_p=4
ac_cv_sizeof_unsigned_char=1
ac_cv_sizeof_unsigned_int=4
ac_cv_sizeof_unsigned_long=4
ac_cv_sizeof_unsigned_long_long=8
ac_cv_sizeof_unsigned_short=2
ac_cv_sys_symbol_underscore=no
ac_cv_type_error_t=yes
ac_cv_type_int_p=yes
ac_cv_type_unsigned_char=yes
ac_cv_type_unsigned_int=yes
ac_cv_type_unsigned_long=yes
ac_cv_type_unsigned_long_long=yes
ac_cv_type_unsigned_short=yes
am_cv_CC_dependencies_compiler_type=gcc3
am_cv_CXX_dependencies_compiler_type=gcc3
gcc_cv_have_decl_asprintf=yes
gcc_cv_have_decl_basename=yes
gcc_cv_have_decl_getopt=no
gcc_cv_have_decl_vasprintf=yes
libltdl_cv_lib_dl_dlopen=yes
libltdl_cv_objdir=.libs
libltdl_cv_preloaded_symbols=yes
libltdl_cv_shlibext=.so
libltdl_cv_shlibpath_var=LD_LIBRARY_PATH
libltdl_cv_sys_dlopen_deplibs=yes
libltdl_cv_sys_search_path='/lib /usr/lib /usr/lib/nvidia-current /lib/i386-linux-gnu /usr/lib/i386-linux-gnu /lib/i686-linux-gnu /usr/lib/i686-linux-gnu /usr/lib/alsa-lib /usr/local/lib /opt/prueba_sid/lib/libhexkeyboard.la '
lt_cv_deplibs_check_method=pass_all
lt_cv_dlopen=dlopen
lt_cv_dlopen_libs=-ldl
lt_cv_dlopen_self=yes
lt_cv_dlopen_self_static=yes
lt_cv_file_magic_cmd='$MAGIC_CMD'
lt_cv_file_magic_test_file=
lt_cv_ld_reload_flag=-r
lt_cv_objdir=.libs
lt_cv_path_LD=ld
lt_cv_path_LDCXX=ld
lt_cv_path_NM=nm
lt_cv_path_SED=/bin/sed
lt_cv_prog_compiler_c_o=yes
lt_cv_prog_compiler_c_o_CXX=yes
lt_cv_prog_compiler_rtti_exceptions=no
lt_cv_prog_gnu_ld=yes
lt_cv_prog_gnu_ldcxx=yes
lt_cv_sys_global_symbol_pipe='sed -n -e '\''s/^.*[ 	]\([ABCDGIRSTW][ABCDGIRSTW]*\)[ 	][ 	]*\([_A-Za-z][_A-Za-z0-9]*\)$/\1 \2 \2/p'\'''
lt_cv_sys_global_symbol_to_c_name_address='sed -n -e '\''s/^: \([^ ]*\) $/  {\"\1\", (lt_ptr) 0},/p'\'' -e '\''s/^[BCDEGRST] \([^ ]*\) \([^ ]*\)$/  {"\2", (lt_ptr) \&\2},/p'\'''
lt_cv_sys_global_symbol_to_cdecl='sed -n -e '\''s/^. .* \(.*\)$/extern int \1;/p'\'''
lt_cv_sys_max_cmd_len=32768
lt_lt_cv_prog_compiler_c_o='"yes"'
lt_lt_cv_prog_compiler_c_o_CXX='"yes"'
lt_lt_cv_sys_global_symbol_pipe='"sed -n -e '\''s/^.*[ 	]\\([ABCDGIRSTW][ABCDGIRSTW]*\\)[ 	][ 	]*\\([_A-Za-z][_A-Za-z0-9]*\\)\$/\\1 \\2 \\2/p'\''"'
lt_lt_cv_sys_global_symbol_to_c_name_address='"sed -n -e '\''s/^: \\([^ ]*\\) \$/  {\\\"\\1\\\", (lt_ptr) 0},/p'\'' -e '\''s/^[BCDEGRST] \\([^ ]*\\) \\([^ ]*\\)\$/  {\"\\2\", (lt_ptr) \\&\\2},/p'\''"'
lt_lt_cv_sys_global_symbol_to_cdecl='"sed -n -e '\''s/^. .* \\(.*\\)\$/extern int \\1;/p'\''"'
sid_cv_builtin_expect=yes
sid_cv_cctype_std=yes

## ----------------- ##
## Output variables. ##
## ----------------- ##

ACLOCAL='${SHELL} /home/adrian/_ETSIT-UPM/BECA-SimAntares/sid-1.1/src/sid/config/missing --run aclocal-1.9'
AMDEPBACKSLASH='\'
AMDEP_FALSE='#'
AMDEP_TRUE=''
AMTAR='${SHELL} /home/adrian/_ETSIT-UPM/BECA-SimAntares/sid-1.1/src/sid/config/missing --run tar'
AR='ar'
AUTOCONF='${SHELL} /home/adrian/_ETSIT-UPM/BECA-SimAntares/sid-1.1/src/sid/config/missing --run autoconf'
AUTOHEADER='${SHELL} /home/adrian/_ETSIT-UPM/BECA-SimAntares/sid-1.1/src/sid/config/missing --run autoheader'
AUTOMAKE='${SHELL} /home/adrian/_ETSIT-UPM/BECA-SimAntares/sid-1.1/src/sid/config/missing --run automake-1.9'
AWK='mawk'
CC='gcc'
CCDEPMODE='depmode=gcc3'
CFLAGS='-g -O2'
CPP='gcc -E'
CPPFLAGS=''
CXX='g++'
CXXCPP='g++ -E'
CXXDEPMODE='depmode=gcc3'
CXXFLAGS='-g -O2'
CYGPATH_W='echo'
DEFS='-DHAVE_CONFIG_H'
DEPDIR='.deps'
ECHO='echo'
ECHO_C=''
ECHO_N='-n'
ECHO_T=''
EGREP='grep -E'
EXEEXT=''
F77=''
FFLAGS=''
INSTALL_DATA='/usr/bin/install -c -m 644'
INSTALL_PROGRAM='/usr/bin/install -c'
INSTALL_SCRIPT='/usr/bin/install -c'
INSTALL_STRIP_PROGRAM='${SHELL} $(install_sh) -c -s'
LDFLAGS=' '
LIBOBJS=''
LIBS=''
LIBTOOL='$(SHELL) $(top_builddir)/libtool'
LN_S='ln -s'
LTLIBOBJS=''
MAINT='#'
MAINTAINER_MODE_FALSE=''
MAINTAINER_MODE_TRUE='#'
MAKEINFO='makeinfo --split-size=5000000'
OBJEXT='o'
PACKAGE='sidmain'
PACKAGE_BUGREPORT=''
PACKAGE_NAME=''
PACKAGE_STRING=''
PACKAGE_TARNAME=''
PACKAGE_VERSION=''
PATH_SEPARATOR=':'
RANLIB='ranlib'
SET_MAKE=''
SHELL='/bin/sh'
SIDTARGET_ARM_FALSE='#'
SIDTARGET_ARM_TRUE=''
SIDTARGET_M32R_FALSE='#'
SIDTARGET_M32R_TRUE=''
SIDTARGET_M68K_FALSE='#'
SIDTARGET_M68K_TRUE=''
SIDTARGET_MEP_FALSE='#'
SIDTARGET_MEP_TRUE=''
SIDTARGET_MIPS_FALSE='#'
SIDTARGET_MIPS_TRUE=''
SIDTARGET_MT_FALSE='#'
SIDTARGET_MT_TRUE=''
SIDTARGET_PPC_FALSE='#'
SIDTARGET_PPC_TRUE=''
SIDTARGET_SH64_FALSE='#'
SIDTARGET_SH64_TRUE=''
SIDTARGET_SH_FALSE='#'
SIDTARGET_SH_TRUE=''
SIDTARGET_X86_FALSE='#'
SIDTARGET_X86_TRUE=''
SIDTARGET_XSTORMY16_FALSE='#'
SIDTARGET_XSTORMY16_TRUE=''
SID_STATIC_FALSE=''
SID_STATIC_TRUE='#'
STRIP='strip'
VERSION='0.1'
ac_ct_AR=''
ac_ct_CC=''
ac_ct_CXX=''
ac_ct_F77=''
ac_ct_RANLIB=''
ac_ct_STRIP='strip'
am__fastdepCC_FALSE='#'
am__fastdepCC_TRUE=''
am__fastdepCXX_FALSE='#'
am__fastdepCXX_TRUE=''
am__include='include'
am__leading_dot='.'
am__quote=''
am__tar='${AMTAR} chof - "$$tardir"'
am__untar='${AMTAR} xf -'
bindir='${exec_prefix}/bin'
build='i686-pc-linux-gnu'
build_alias='i686-pc-linux-gnu'
build_cpu='i686'
build_os='linux-gnu'
build_vendor='pc'
datadir='${prefix}/share'
exec_prefix='${prefix}'
host='i686-pc-linux-gnu'
host_alias='i686-pc-linux-gnu'
host_cpu='i686'
host_os='linux-gnu'
host_vendor='pc'
includedir='${prefix}/include'
infodir='${prefix}/info'
install_sh='/home/adrian/_ETSIT-UPM/BECA-SimAntares/sid-1.1/src/sid/config/install-sh'
libdir='${exec_prefix}/lib'
libexecdir='${exec_prefix}/libexec'
localstatedir='${prefix}/var'
mandir='${prefix}/man'
mkdir_p='mkdir -p --'
oldincludedir='/usr/include'
prefix='/usr/local/sid-1.1'
program_transform_name='s,x,x,'
sbindir='${exec_prefix}/sbin'
sharedstatedir='${prefix}/com'
sidtarget_arm='1'
sidtarget_m32r='1'
sidtarget_m68k='1'
sidtarget_mep='1'
sidtarget_mips='1'
sidtarget_mt='1'
sidtarget_ppc='1'
sidtarget_sh64='1'
sidtarget_sh='1'
sidtarget_x86='1'
sidtarget_xstormy16='1'
sysconfdir='${prefix}/etc'
target_alias='i686-pc-linux-gnu'

## ----------- ##
## confdefs.h. ##
## ----------- ##

#define HAVE_DLFCN_H 1
#define HAVE_GETOPT_H 1
#define HAVE_INTTYPES_H 1
#define HAVE_MEMORY_H 1
#define HAVE_STDINT_H 1
#define HAVE_STDLIB_H 1
#define HAVE_STRINGS_H 1
#define HAVE_STRING_H 1
#define HAVE_SYS_STAT_H 1
#define HAVE_SYS_TYPES_H 1
#define HAVE_UNISTD_H 1
#define PACKAGE "sidmain"
#define PACKAGE_BUGREPORT ""
#define PACKAGE_NAME ""
#define PACKAGE_STRING ""
#define PACKAGE_TARNAME ""
#define PACKAGE_VERSION ""
#define STDC_HEADERS 1
#define STDC_HEADERS 1
#define VERSION "0.1"
#endif
#ifdef __cplusplus
extern "C" void exit (int) throw ();

configure: exit 0
