This file contains any messages produced by compilers while
running configure, to aid debugging if configure makes a mistake.

It was created by configure, which was
generated by GNU Autoconf 2.59.  Invocation command line was

  $ ../.././sid/include/configure --prefix=/usr/local/sid-1.1 --cache-file=./config.cache --with-system-zlib --prefix=/usr/local/sid-1.1 --program-transform-name=s,y,y, --disable-option-checking --build=i686-pc-linux-gnu --host=i686-pc-linux-gnu --target=i686-pc-linux-gnu --srcdir=.././sid CC=gcc CFLAGS=-g -O2 CXXFLAGS=-g -O2 CXX=g++ LDFLAGS=  build_alias=i686-pc-linux-gnu host_alias=i686-pc-linux-gnu target_alias=i686-pc-linux-gnu --cache-file=.././config.cache --srcdir=../.././sid/include

## --------- ##
## Platform. ##
## --------- ##

hostname = sirio
uname -m = i686
uname -r = 2.6.38-8-generic
uname -s = Linux
uname -v = #42-Ubuntu SMP Mon Apr 11 03:31:50 UTC 2011

/usr/bin/uname -p = unknown
/bin/uname -X     = unknown

/bin/arch              = unknown
/usr/bin/arch -k       = unknown
/usr/convex/getsysinfo = unknown
hostinfo               = unknown
/bin/machine           = unknown
/usr/bin/oslevel       = unknown
/bin/universe          = unknown

PATH: /home/adrian/CodeSourcery/Sourcery_G++_Lite/bin
PATH: /usr/matlab/bin
PATH: /home/adrian/.codeSourcery(uCLinux)/bin
PATH: /usr/local/sbin
PATH: /usr/local/bin
PATH: /usr/sbin
PATH: /usr/bin
PATH: /sbin
PATH: /bin
PATH: /usr/games


## ----------- ##
## Core tests. ##
## ----------- ##

configure:1213: loading cache .././config.cache
configure:1340: checking for a BSD-compatible install
configure:1395: result: /usr/bin/install -c
configure:1406: checking whether build environment is sane
configure:1449: result: yes
configure:1514: checking for gawk
configure:1540: result: mawk
configure:1550: checking whether make sets $(MAKE)
configure:1570: result: yes
configure:1741: checking whether to enable maintainer-specific portions of Makefiles
configure:1750: result: no
configure:1779: checking for style of include used by make
configure:1807: result: GNU
configure:1842: checking for i686-pc-linux-gnu-g++
configure:1868: result: g++
configure:1926: checking for C++ compiler version
configure:1929: g++ --version </dev/null >&5
g++ (Ubuntu/Linaro 4.5.2-8ubuntu4) 4.5.2
Copyright (C) 2010 Free Software Foundation, Inc.
This is free software; see the source for copying conditions.  There is NO
warranty; not even for MERCHANTABILITY or FITNESS FOR A PARTICULAR PURPOSE.

configure:1932: $? = 0
configure:1934: g++ -v </dev/null >&5
Using built-in specs.
COLLECT_GCC=g++
COLLECT_LTO_WRAPPER=/usr/lib/i386-linux-gnu/gcc/i686-linux-gnu/4.5.2/lto-wrapper
Target: i686-linux-gnu
Configured with: ../src/configure -v --with-pkgversion='Ubuntu/Linaro 4.5.2-8ubuntu4' --with-bugurl=file:///usr/share/doc/gcc-4.5/README.Bugs --enable-languages=c,c++,fortran,objc,obj-c++ --prefix=/usr --program-suffix=-4.5 --enable-shared --enable-multiarch --with-multiarch-defaults=i386-linux-gnu --enable-linker-build-id --with-system-zlib --libexecdir=/usr/lib/i386-linux-gnu --without-included-gettext --enable-threads=posix --with-gxx-include-dir=/usr/include/c++/4.5 --libdir=/usr/lib/i386-linux-gnu --enable-nls --with-sysroot=/ --enable-clocale=gnu --enable-libstdcxx-debug --enable-libstdcxx-time=yes --enable-plugin --enable-gold --enable-ld=default --with-plugin-ld=ld.gold --enable-objc-gc --enable-targets=all --disable-werror --with-arch-32=i686 --with-tune=generic --enable-checking=release --build=i686-linux-gnu --host=i686-linux-gnu --target=i686-linux-gnu
Thread model: posix
gcc version 4.5.2 (Ubuntu/Linaro 4.5.2-8ubuntu4) 
configure:1937: $? = 0
configure:1939: g++ -V </dev/null >&5
g++: '-V' option must have argument
configure:1942: $? = 1
configure:1965: checking for C++ compiler default output file name
configure:1968: g++ -g -O2    conftest.cc  >&5
configure:1971: $? = 0
configure:2017: result: a.out
configure:2022: checking whether the C++ compiler works
configure:2028: ./a.out
configure:2031: $? = 0
configure:2048: result: yes
configure:2055: checking whether we are cross compiling
configure:2057: result: no
configure:2060: checking for suffix of executables
configure:2062: g++ -o conftest -g -O2    conftest.cc  >&5
configure:2065: $? = 0
configure:2090: result: 
configure:2096: checking for suffix of object files
configure:2142: result: o
configure:2146: checking whether we are using the GNU C++ compiler
configure:2202: result: yes
configure:2208: checking whether g++ accepts -g
configure:2259: result: yes
configure:2301: g++ -c -g -O2  conftest.cc >&5
configure:2307: $? = 0
configure:2311: test -z 
			 || test ! -s conftest.err
configure:2314: $? = 0
configure:2317: test -s conftest.o
configure:2320: $? = 0
configure:2346: g++ -c -g -O2  conftest.cc >&5
conftest.cc: In function 'int main()':
conftest.cc:15:9: error: 'exit' was not declared in this scope
configure:2352: $? = 1
configure: failed program was:
| /* confdefs.h.  */
| 
| #define PACKAGE_NAME ""
| #define PACKAGE_TARNAME ""
| #define PACKAGE_VERSION ""
| #define PACKAGE_STRING ""
| #define PACKAGE_BUGREPORT ""
| #define PACKAGE "sid"
| #define VERSION "0.1"
| /* end confdefs.h.  */
| 
| int
| main ()
| {
| exit (42);
|   ;
|   return 0;
| }
configure:2301: g++ -c -g -O2  conftest.cc >&5
conftest.cc:11:40: error: 'void std::exit(int)' should have been declared inside 'std'
configure:2307: $? = 1
configure: failed program was:
| /* confdefs.h.  */
| 
| #define PACKAGE_NAME ""
| #define PACKAGE_TARNAME ""
| #define PACKAGE_VERSION ""
| #define PACKAGE_STRING ""
| #define PACKAGE_BUGREPORT ""
| #define PACKAGE "sid"
| #define VERSION "0.1"
| /* end confdefs.h.  */
| extern "C" void std::exit (int) throw (); using std::exit;
| #include <stdlib.h>
| int
| main ()
| {
| exit (42);
|   ;
|   return 0;
| }
configure:2301: g++ -c -g -O2  conftest.cc >&5
conftest.cc:11:31: error: 'void std::exit(int)' should have been declared inside 'std'
In file included from conftest.cc:12:0:
/usr/include/stdlib.h:544:70: error: declaration of 'void std::exit(int) throw ()' throws different exceptions
conftest.cc:11:17: error: from previous declaration 'void std::exit(int)'
configure:2307: $? = 1
configure: failed program was:
| /* confdefs.h.  */
| 
| #define PACKAGE_NAME ""
| #define PACKAGE_TARNAME ""
| #define PACKAGE_VERSION ""
| #define PACKAGE_STRING ""
| #define PACKAGE_BUGREPORT ""
| #define PACKAGE "sid"
| #define VERSION "0.1"
| /* end confdefs.h.  */
| extern "C" void std::exit (int); using std::exit;
| #include <stdlib.h>
| int
| main ()
| {
| exit (42);
|   ;
|   return 0;
| }
configure:2301: g++ -c -g -O2  conftest.cc >&5
configure:2307: $? = 0
configure:2311: test -z 
			 || test ! -s conftest.err
configure:2314: $? = 0
configure:2317: test -s conftest.o
configure:2320: $? = 0
configure:2346: g++ -c -g -O2  conftest.cc >&5
configure:2352: $? = 0
configure:2356: test -z 
			 || test ! -s conftest.err
configure:2359: $? = 0
configure:2362: test -s conftest.o
configure:2365: $? = 0
configure:2390: checking dependency style of g++
configure:2480: result: gcc3
configure:2502: checking how to run the C++ preprocessor
configure:2616: result: g++ -E
configure:2640: g++ -E  conftest.cc
configure:2646: $? = 0
configure:2678: g++ -E  conftest.cc
conftest.cc:14:28: fatal error: ac_nonexistent.h: No such file or directory
compilation terminated.
configure:2684: $? = 1
configure: failed program was:
| /* confdefs.h.  */
| 
| #define PACKAGE_NAME ""
| #define PACKAGE_TARNAME ""
| #define PACKAGE_VERSION ""
| #define PACKAGE_STRING ""
| #define PACKAGE_BUGREPORT ""
| #define PACKAGE "sid"
| #define VERSION "0.1"
| #ifdef __cplusplus
| extern "C" void exit (int) throw ();
| #endif
| /* end confdefs.h.  */
| #include <ac_nonexistent.h>
configure:2727: checking whether make sets $(MAKE)
configure:2747: result: yes
configure:2765: checking for egrep
configure:2775: result: grep -E
configure:2780: checking for ANSI C header files
configure:2936: result: yes
configure:2961: checking for sys/types.h
configure:3007: result: yes
configure:2961: checking for sys/stat.h
configure:3007: result: yes
configure:2961: checking for stdlib.h
configure:3007: result: yes
configure:2961: checking for string.h
configure:3007: result: yes
configure:2961: checking for memory.h
configure:3007: result: yes
configure:2961: checking for strings.h
configure:3007: result: yes
configure:2961: checking for inttypes.h
configure:3007: result: yes
configure:2961: checking for stdint.h
configure:3007: result: yes
configure:2961: checking for unistd.h
configure:3007: result: yes
configure:3025: checking for sstream
configure:3030: result: yes
configure:3025: checking for strstream.h
configure:3030: result: no
configure:3174: checking for strerror
configure:3262: result: yes
configure:3294: checking whether std:: prefix works for <cctype> functions
configure:3358: result: yes
configure:3361: checking whether __builtin_expect is supported
configure:3425: result: yes
configure:3557: creating ./config.status

## ---------------------- ##
## Running config.status. ##
## ---------------------- ##

This file was extended by config.status, which was
generated by GNU Autoconf 2.59.  Invocation command line was

  CONFIG_FILES    = 
  CONFIG_HEADERS  = 
  CONFIG_LINKS    = 
  CONFIG_COMMANDS = 
  $ ./config.status 

on sirio

config.status:692: creating Makefile
config.status:789: creating sidconfutil.h
config.status:905: sidconfutil.h is unchanged
config.status:1085: executing depfiles commands

## ---------------- ##
## Cache variables. ##
## ---------------- ##

ac_cv_build=i686-pc-linux-gnu
ac_cv_build_alias=i686-pc-linux-gnu
ac_cv_c_bigendian=no
ac_cv_c_compiler_gnu=yes
ac_cv_c_const=yes
ac_cv_c_inline=inline
ac_cv_cxx_compiler_gnu=yes
ac_cv_decl_ftime=yes
ac_cv_decl_socklen_t=yes
ac_cv_decl_usleep=yes
ac_cv_env_CCC_set=
ac_cv_env_CCC_value=
ac_cv_env_CC_set=set
ac_cv_env_CC_value=gcc
ac_cv_env_CFLAGS_set=set
ac_cv_env_CFLAGS_value='-g -O2'
ac_cv_env_CPPFLAGS_set=
ac_cv_env_CPPFLAGS_value=
ac_cv_env_CPP_set=
ac_cv_env_CPP_value=
ac_cv_env_CXXCPP_set=
ac_cv_env_CXXCPP_value=
ac_cv_env_CXXFLAGS_set=set
ac_cv_env_CXXFLAGS_value='-g -O2'
ac_cv_env_CXX_set=set
ac_cv_env_CXX_value=g++
ac_cv_env_F77_set=
ac_cv_env_F77_value=
ac_cv_env_FFLAGS_set=
ac_cv_env_FFLAGS_value=
ac_cv_env_LDFLAGS_set=set
ac_cv_env_LDFLAGS_value=' '
ac_cv_env_LIBS_set=
ac_cv_env_LIBS_value=
ac_cv_env_XMKMF_set=
ac_cv_env_XMKMF_value=
ac_cv_env_build_alias_set=set
ac_cv_env_build_alias_value=i686-pc-linux-gnu
ac_cv_env_host_alias_set=set
ac_cv_env_host_alias_value=i686-pc-linux-gnu
ac_cv_env_target_alias_set=set
ac_cv_env_target_alias_value=i686-pc-linux-gnu
ac_cv_exeext=
ac_cv_f77_compiler_gnu=no
ac_cv_func_argz_append=yes
ac_cv_func_argz_create_sep=yes
ac_cv_func_argz_insert=yes
ac_cv_func_argz_next=yes
ac_cv_func_argz_stringify=yes
ac_cv_func_closedir=yes
ac_cv_func_connect=yes
ac_cv_func_ctime=yes
ac_cv_func_cygwin_conv_to_full_posix_path=no
ac_cv_func_dlerror=yes
ac_cv_func_dlopen=no
ac_cv_func_ftime=yes
ac_cv_func_gethostbyname=yes
ac_cv_func_getopt=yes
ac_cv_func_gettimeofday=yes
ac_cv_func_inet_addr=yes
ac_cv_func_inet_aton=yes
ac_cv_func_memcpy=yes
ac_cv_func_memmove=yes
ac_cv_func_opendir=yes
ac_cv_func_readdir=yes
ac_cv_func_remove=yes
ac_cv_func_sched_yield=yes
ac_cv_func_select=yes
ac_cv_func_shl_load=no
ac_cv_func_shmat=yes
ac_cv_func_snprintf=yes
ac_cv_func_strchr=yes
ac_cv_func_strcmp=yes
ac_cv_func_strdup=yes
ac_cv_func_strerror=yes
ac_cv_func_strrchr=yes
ac_cv_func_strtoul=yes
ac_cv_func_strtoull=yes
ac_cv_func_strtouq=yes
ac_cv_func_times=yes
ac_cv_func_usleep=yes
ac_cv_func_vasprintf=yes
ac_cv_func_vsnprintf=yes
ac_cv_have_x='have_x=yes	ac_x_includes='\'''\''	ac_x_libraries='\'''\'''
ac_cv_header_X11_Xos_h=yes
ac_cv_header____ucbinclude_sys_ioctl_h=no
ac_cv_header__usr_include_curses_h=no
ac_cv_header_argz_h=yes
ac_cv_header_arpa_inet_h=yes
ac_cv_header_assert_h=yes
ac_cv_header_blt_h=no
ac_cv_header_ctype_h=yes
ac_cv_header_curses_h=no
ac_cv_header_dirent_dirent_h=yes
ac_cv_header_dirent_h=yes
ac_cv_header_dl_h=no
ac_cv_header_dld_h=no
ac_cv_header_dlfcn_h=yes
ac_cv_header_errno_h=yes
ac_cv_header_getopt_h=yes
ac_cv_header_inttypes_h=yes
ac_cv_header_mach_o_dyld_h=no
ac_cv_header_malloc_h=yes
ac_cv_header_memory_h=yes
ac_cv_header_mmsystem_h=no
ac_cv_header_netinet_in_h=yes
ac_cv_header_netinet_tcp_h=yes
ac_cv_header_readline_history_h=no
ac_cv_header_sched_h=yes
ac_cv_header_sstream=yes
ac_cv_header_stdc=yes
ac_cv_header_stdint_h=yes
ac_cv_header_stdio_h=yes
ac_cv_header_stdlib_h=yes
ac_cv_header_string_h=yes
ac_cv_header_strings_h=yes
ac_cv_header_strstream_h=no
ac_cv_header_sys_dl_h=no
ac_cv_header_sys_ioctl_h=yes
ac_cv_header_sys_socket_h=yes
ac_cv_header_sys_soundcard_h=yes
ac_cv_header_sys_stat_h=yes
ac_cv_header_sys_time_h=yes
ac_cv_header_sys_timeb_h=yes
ac_cv_header_sys_types_h=yes
ac_cv_header_tcl_h=yes
ac_cv_header_time=yes
ac_cv_header_time_h=yes
ac_cv_header_tk_h=yes
ac_cv_header_unistd_h=yes
ac_cv_header_windows_h=no
ac_cv_host=i686-pc-linux-gnu
ac_cv_host_alias=i686-pc-linux-gnu
ac_cv_lib_ICE_IceConnectionNumber=yes
ac_cv_lib_X11_XOpenDisplay=yes
ac_cv_lib_curses_refresh=no
ac_cv_lib_dl_dlopen=yes
ac_cv_lib_dld_shl_load=no
ac_cv_lib_kernel32_main=no
ac_cv_lib_m_main=yes
ac_cv_lib_ncurses_refresh=no
ac_cv_lib_nsl_gethostbyname=yes
ac_cv_lib_pthread_pthread_create=yes
ac_cv_lib_readline_readline=no
ac_cv_lib_socket_connect=no
ac_cv_lib_stdcpp_main=yes
ac_cv_lib_winmm_main=no
ac_cv_libstdcxx_shared=yes
ac_cv_objext=o
ac_cv_path_EGREP='/bin/grep -E'
ac_cv_path_GREP=/bin/grep
ac_cv_path_GZIP=/bin/gzip
ac_cv_path_TAR=/bin/tar
ac_cv_path_mkdir=/bin/mkdir
ac_cv_prog_AR=ar
ac_cv_prog_AWK=mawk
ac_cv_prog_CC=gcc
ac_cv_prog_CPP='gcc -E'
ac_cv_prog_CXX=g++
ac_cv_prog_CXXCPP='g++ -E'
ac_cv_prog_LINKS=false
ac_cv_prog_RANLIB=ranlib
ac_cv_prog_SABLOTRON=false
ac_cv_prog_XSLTPROC=true
ac_cv_prog_ac_ct_STRIP=strip
ac_cv_prog_cc_c89=
ac_cv_prog_cc_g=yes
ac_cv_prog_cc_stdc=
ac_cv_prog_cxx_g=yes
ac_cv_prog_egrep='grep -E'
ac_cv_prog_f77_g=no
ac_cv_prog_make_make_set=yes
ac_cv_search_opendir='none required'
ac_cv_sizeof_int_p=4
ac_cv_sizeof_unsigned_char=1
ac_cv_sizeof_unsigned_int=4
ac_cv_sizeof_unsigned_long=4
ac_cv_sizeof_unsigned_long_long=8
ac_cv_sizeof_unsigned_short=2
ac_cv_sys_symbol_underscore=no
ac_cv_type_error_t=yes
ac_cv_type_int_p=yes
ac_cv_type_unsigned_char=yes
ac_cv_type_unsigned_int=yes
ac_cv_type_unsigned_long=yes
ac_cv_type_unsigned_long_long=yes
ac_cv_type_unsigned_short=yes
am_cv_CC_dependencies_compiler_type=gcc3
am_cv_CXX_dependencies_compiler_type=gcc3
gcc_cv_have_decl_asprintf=yes
gcc_cv_have_decl_basename=yes
gcc_cv_have_decl_getopt=no
gcc_cv_have_decl_vasprintf=yes
libltdl_cv_lib_dl_dlopen=yes
libltdl_cv_objdir=.libs
libltdl_cv_preloaded_symbols=yes
libltdl_cv_shlibext=.so
libltdl_cv_shlibpath_var=LD_LIBRARY_PATH
libltdl_cv_sys_dlopen_deplibs=yes
libltdl_cv_sys_search_path='/lib /usr/lib /usr/lib/nvidia-current /lib/i386-linux-gnu /usr/lib/i386-linux-gnu /lib/i686-linux-gnu /usr/lib/i686-linux-gnu /usr/lib/alsa-lib /usr/local/lib /opt/prueba_sid/lib/libhexkeyboard.la '
lt_cv_deplibs_check_method=pass_all
lt_cv_dlopen=dlopen
lt_cv_dlopen_libs=-ldl
lt_cv_dlopen_self=yes
lt_cv_dlopen_self_static=yes
lt_cv_file_magic_cmd='$MAGIC_CMD'
lt_cv_file_magic_test_file=
lt_cv_ld_reload_flag=-r
lt_cv_objdir=.libs
lt_cv_path_LD=ld
lt_cv_path_LDCXX=ld
lt_cv_path_NM=nm
lt_cv_path_SED=/bin/sed
lt_cv_prog_compiler_c_o=yes
lt_cv_prog_compiler_c_o_CXX=yes
lt_cv_prog_compiler_rtti_exceptions=no
lt_cv_prog_gnu_ld=yes
lt_cv_prog_gnu_ldcxx=yes
lt_cv_sys_global_symbol_pipe='sed -n -e '\''s/^.*[ 	]\([ABCDGIRSTW][ABCDGIRSTW]*\)[ 	][ 	]*\([_A-Za-z][_A-Za-z0-9]*\)$/\1 \2 \2/p'\'''
lt_cv_sys_global_symbol_to_c_name_address='sed -n -e '\''s/^: \([^ ]*\) $/  {\"\1\", (lt_ptr) 0},/p'\'' -e '\''s/^[BCDEGRST] \([^ ]*\) \([^ ]*\)$/  {"\2", (lt_ptr) \&\2},/p'\'''
lt_cv_sys_global_symbol_to_cdecl='sed -n -e '\''s/^. .* \(.*\)$/extern int \1;/p'\'''
lt_cv_sys_max_cmd_len=32768
lt_lt_cv_prog_compiler_c_o='"yes"'
lt_lt_cv_prog_compiler_c_o_CXX='"yes"'
lt_lt_cv_sys_global_symbol_pipe='"sed -n -e '\''s/^.*[ 	]\\([ABCDGIRSTW][ABCDGIRSTW]*\\)[ 	][ 	]*\\([_A-Za-z][_A-Za-z0-9]*\\)\$/\\1 \\2 \\2/p'\''"'
lt_lt_cv_sys_global_symbol_to_c_name_address='"sed -n -e '\''s/^: \\([^ ]*\\) \$/  {\\\"\\1\\\", (lt_ptr) 0},/p'\'' -e '\''s/^[BCDEGRST] \\([^ ]*\\) \\([^ ]*\\)\$/  {\"\\2\", (lt_ptr) \\&\\2},/p'\''"'
lt_lt_cv_sys_global_symbol_to_cdecl='"sed -n -e '\''s/^. .* \\(.*\\)\$/extern int \\1;/p'\''"'
sid_cv_builtin_expect=yes
sid_cv_cctype_std=yes

## ----------------- ##
## Output variables. ##
## ----------------- ##

ACLOCAL='${SHELL} /home/adrian/_ETSIT-UPM/BECA-SimAntares/sid-1.1/src/sid/config/missing --run aclocal-1.9'
AMDEPBACKSLASH='\'
AMDEP_FALSE='#'
AMDEP_TRUE=''
AMTAR='${SHELL} /home/adrian/_ETSIT-UPM/BECA-SimAntares/sid-1.1/src/sid/config/missing --run tar'
AUTOCONF='${SHELL} /home/adrian/_ETSIT-UPM/BECA-SimAntares/sid-1.1/src/sid/config/missing --run autoconf'
AUTOHEADER='${SHELL} /home/adrian/_ETSIT-UPM/BECA-SimAntares/sid-1.1/src/sid/config/missing --run autoheader'
AUTOMAKE='${SHELL} /home/adrian/_ETSIT-UPM/BECA-SimAntares/sid-1.1/src/sid/config/missing --run automake-1.9'
AWK='mawk'
CPPFLAGS=''
CXX='g++'
CXXCPP='g++ -E'
CXXDEPMODE='depmode=gcc3'
CXXFLAGS='-g -O2'
CYGPATH_W='echo'
DEFS='-DHAVE_CONFIG_H'
DEPDIR='.deps'
ECHO_C=''
ECHO_N='-n'
ECHO_T=''
EGREP='grep -E'
EXEEXT=''
INSTALL_DATA='/usr/bin/install -c -m 644'
INSTALL_PROGRAM='/usr/bin/install -c'
INSTALL_SCRIPT='/usr/bin/install -c'
INSTALL_STRIP_PROGRAM='${SHELL} $(install_sh) -c -s'
LDFLAGS=' '
LIBOBJS=''
LIBS=''
LTLIBOBJS=''
MAINT='#'
MAINTAINER_MODE_FALSE=''
MAINTAINER_MODE_TRUE='#'
MAKEINFO='makeinfo --split-size=5000000'
OBJEXT='o'
PACKAGE='sid'
PACKAGE_BUGREPORT=''
PACKAGE_NAME=''
PACKAGE_STRING=''
PACKAGE_TARNAME=''
PACKAGE_VERSION=''
PATH_SEPARATOR=':'
SET_MAKE=''
SHELL='/bin/sh'
STRIP=''
VERSION='0.1'
ac_ct_CXX=''
ac_ct_STRIP=''
am__fastdepCXX_FALSE='#'
am__fastdepCXX_TRUE=''
am__include='include'
am__leading_dot='.'
am__quote=''
am__tar='${AMTAR} chof - "$$tardir"'
am__untar='${AMTAR} xf -'
bindir='${exec_prefix}/bin'
build_alias='i686-pc-linux-gnu'
datadir='${prefix}/share'
exec_prefix='${prefix}'
host_alias='i686-pc-linux-gnu'
includedir='${prefix}/include'
infodir='${prefix}/info'
install_sh='/home/adrian/_ETSIT-UPM/BECA-SimAntares/sid-1.1/src/sid/config/install-sh'
libdir='${exec_prefix}/lib'
libexecdir='${exec_prefix}/libexec'
localstatedir='${prefix}/var'
mandir='${prefix}/man'
mkdir_p='mkdir -p --'
oldincludedir='/usr/include'
prefix='/usr/local/sid-1.1'
program_transform_name='s,y,y,'
sbindir='${exec_prefix}/sbin'
sharedstatedir='${prefix}/com'
sysconfdir='${prefix}/etc'
target_alias='i686-pc-linux-gnu'

## ----------- ##
## confdefs.h. ##
## ----------- ##

#define HAVE_BUILTIN_EXPECT 1
#define HAVE_INTTYPES_H 1
#define HAVE_MEMORY_H 1
#define HAVE_SSTREAM 1
#define HAVE_STDINT_H 1
#define HAVE_STDLIB_H 1
#define HAVE_STRERROR 1
#define HAVE_STRINGS_H 1
#define HAVE_STRING_H 1
#define HAVE_SYS_STAT_H 1
#define HAVE_SYS_TYPES_H 1
#define HAVE_UNISTD_H 1
#define PACKAGE "sid"
#define PACKAGE_BUGREPORT ""
#define PACKAGE_NAME ""
#define PACKAGE_STRING ""
#define PACKAGE_TARNAME ""
#define PACKAGE_VERSION ""
#define SID_EXEC_PREFIX "/usr/local/sid-1.1"
#define STDC_HEADERS 1
#define STD_CCTYPE 1
#define VERSION "0.1"
#endif
#ifdef __cplusplus
extern "C" void exit (int) throw ();

configure: exit 0
