This file contains any messages produced by compilers while
running configure, to aid debugging if configure makes a mistake.

It was created by configure, which was
generated by GNU Autoconf 2.59.  Invocation command line was

  $ ../../.././sid/component/cgen-cpu/configure --prefix=/usr/local/sid-1.1 --cache-file=./config.cache --with-system-zlib --prefix=/usr/local/sid-1.1 --program-transform-name=s,y,y, --disable-option-checking --build=i686-pc-linux-gnu --host=i686-pc-linux-gnu --target=i686-pc-linux-gnu --srcdir=.././sid CC=gcc CFLAGS=-g -O2 CXXFLAGS=-g -O2 CXX=g++ LDFLAGS=  build_alias=i686-pc-linux-gnu host_alias=i686-pc-linux-gnu target_alias=i686-pc-linux-gnu --cache-file=.././config.cache --srcdir=../.././sid/component --cache-file=../.././config.cache --srcdir=../../.././sid/component/cgen-cpu

## --------- ##
## Platform. ##
## --------- ##

hostname = sirio
uname -m = i686
uname -r = 2.6.38-8-generic
uname -s = Linux
uname -v = #42-Ubuntu SMP Mon Apr 11 03:31:50 UTC 2011

/usr/bin/uname -p = unknown
/bin/uname -X     = unknown

/bin/arch              = unknown
/usr/bin/arch -k       = unknown
/usr/convex/getsysinfo = unknown
hostinfo               = unknown
/bin/machine           = unknown
/usr/bin/oslevel       = unknown
/bin/universe          = unknown

PATH: /home/adrian/CodeSourcery/Sourcery_G++_Lite/bin
PATH: /usr/matlab/bin
PATH: /home/adrian/.codeSourcery(uCLinux)/bin
PATH: /usr/local/sbin
PATH: /usr/local/bin
PATH: /usr/sbin
PATH: /usr/bin
PATH: /sbin
PATH: /bin
PATH: /usr/games


## ----------- ##
## Core tests. ##
## ----------- ##

configure:1418: loading cache ../.././config.cache
configure:1545: checking for a BSD-compatible install
configure:1600: result: /usr/bin/install -c
configure:1611: checking whether build environment is sane
configure:1654: result: yes
configure:1719: checking for gawk
configure:1745: result: mawk
configure:1755: checking whether make sets $(MAKE)
configure:1775: result: yes
configure:1946: checking whether to enable maintainer-specific portions of Makefiles
configure:1955: result: no
configure:2050: checking build system type
configure:2068: result: i686-pc-linux-gnu
configure:2076: checking host system type
configure:2090: result: i686-pc-linux-gnu
configure:2110: checking for style of include used by make
configure:2138: result: GNU
configure:2171: checking for i686-pc-linux-gnu-gcc
configure:2197: result: gcc
configure:2479: checking for C compiler version
configure:2482: gcc --version </dev/null >&5
gcc (Ubuntu/Linaro 4.5.2-8ubuntu4) 4.5.2
Copyright (C) 2010 Free Software Foundation, Inc.
This is free software; see the source for copying conditions.  There is NO
warranty; not even for MERCHANTABILITY or FITNESS FOR A PARTICULAR PURPOSE.

configure:2485: $? = 0
configure:2487: gcc -v </dev/null >&5
Using built-in specs.
COLLECT_GCC=gcc
COLLECT_LTO_WRAPPER=/usr/lib/i386-linux-gnu/gcc/i686-linux-gnu/4.5.2/lto-wrapper
Target: i686-linux-gnu
Configured with: ../src/configure -v --with-pkgversion='Ubuntu/Linaro 4.5.2-8ubuntu4' --with-bugurl=file:///usr/share/doc/gcc-4.5/README.Bugs --enable-languages=c,c++,fortran,objc,obj-c++ --prefix=/usr --program-suffix=-4.5 --enable-shared --enable-multiarch --with-multiarch-defaults=i386-linux-gnu --enable-linker-build-id --with-system-zlib --libexecdir=/usr/lib/i386-linux-gnu --without-included-gettext --enable-threads=posix --with-gxx-include-dir=/usr/include/c++/4.5 --libdir=/usr/lib/i386-linux-gnu --enable-nls --with-sysroot=/ --enable-clocale=gnu --enable-libstdcxx-debug --enable-libstdcxx-time=yes --enable-plugin --enable-gold --enable-ld=default --with-plugin-ld=ld.gold --enable-objc-gc --enable-targets=all --disable-werror --with-arch-32=i686 --with-tune=generic --enable-checking=release --build=i686-linux-gnu --host=i686-linux-gnu --target=i686-linux-gnu
Thread model: posix
gcc version 4.5.2 (Ubuntu/Linaro 4.5.2-8ubuntu4) 
configure:2490: $? = 0
configure:2492: gcc -V </dev/null >&5
gcc: '-V' option must have argument
configure:2495: $? = 1
configure:2518: checking for C compiler default output file name
configure:2521: gcc -g -O2    conftest.c  >&5
configure:2524: $? = 0
configure:2570: result: a.out
configure:2575: checking whether the C compiler works
configure:2581: ./a.out
configure:2584: $? = 0
configure:2601: result: yes
configure:2608: checking whether we are cross compiling
configure:2610: result: no
configure:2613: checking for suffix of executables
configure:2615: gcc -o conftest -g -O2    conftest.c  >&5
configure:2618: $? = 0
configure:2643: result: 
configure:2649: checking for suffix of object files
configure:2695: result: o
configure:2699: checking whether we are using the GNU C compiler
configure:2755: result: yes
configure:2761: checking whether gcc accepts -g
configure:2812: result: yes
configure:2829: checking for gcc option to accept ANSI C
configure:2936: result: none needed
configure:2954: gcc -c -g -O2  conftest.c >&5
conftest.c:2:9: error: expected '=', ',', ';', 'asm' or '__attribute__' before 'me'
configure:2960: $? = 1
configure: failed program was:
| #ifndef __cplusplus
|   choke me
| #endif
configure:3095: checking dependency style of gcc
configure:3185: result: gcc3
configure:3202: checking for a sed that does not truncate output
configure:3256: result: /bin/sed
configure:3259: checking for egrep
configure:3269: result: grep -E
configure:3285: checking for ld used by gcc
configure:3352: result: ld
configure:3361: checking if the linker (ld) is GNU ld
configure:3376: result: yes
configure:3381: checking for ld option to reload object files
configure:3388: result: -r
configure:3406: checking for BSD-compatible nm
configure:3448: result: nm
configure:3452: checking whether ln -s works
configure:3456: result: yes
configure:3463: checking how to recognise dependent libraries
configure:3635: result: pass_all
configure:4091: checking how to run the C preprocessor
configure:4209: result: gcc -E
configure:4233: gcc -E  conftest.c
configure:4239: $? = 0
configure:4271: gcc -E  conftest.c
conftest.c:11:28: fatal error: ac_nonexistent.h: No such file or directory
compilation terminated.
configure:4277: $? = 1
configure: failed program was:
| /* confdefs.h.  */
| 
| #define PACKAGE_NAME ""
| #define PACKAGE_TARNAME ""
| #define PACKAGE_VERSION ""
| #define PACKAGE_STRING ""
| #define PACKAGE_BUGREPORT ""
| #define PACKAGE "sidcomp"
| #define VERSION "0.1"
| /* end confdefs.h.  */
| #include <ac_nonexistent.h>
configure:4321: checking for ANSI C header files
configure:4477: result: yes
configure:4501: checking for sys/types.h
configure:4547: result: yes
configure:4501: checking for sys/stat.h
configure:4547: result: yes
configure:4501: checking for stdlib.h
configure:4547: result: yes
configure:4501: checking for string.h
configure:4547: result: yes
configure:4501: checking for memory.h
configure:4547: result: yes
configure:4501: checking for strings.h
configure:4547: result: yes
configure:4501: checking for inttypes.h
configure:4547: result: yes
configure:4501: checking for stdint.h
configure:4547: result: yes
configure:4501: checking for unistd.h
configure:4547: result: yes
configure:4564: checking for dlfcn.h
configure:4569: result: yes
configure:4719: checking for i686-pc-linux-gnu-g++
configure:4745: result: g++
configure:4803: checking for C++ compiler version
configure:4806: g++ --version </dev/null >&5
g++ (Ubuntu/Linaro 4.5.2-8ubuntu4) 4.5.2
Copyright (C) 2010 Free Software Foundation, Inc.
This is free software; see the source for copying conditions.  There is NO
warranty; not even for MERCHANTABILITY or FITNESS FOR A PARTICULAR PURPOSE.

configure:4809: $? = 0
configure:4811: g++ -v </dev/null >&5
Using built-in specs.
COLLECT_GCC=g++
COLLECT_LTO_WRAPPER=/usr/lib/i386-linux-gnu/gcc/i686-linux-gnu/4.5.2/lto-wrapper
Target: i686-linux-gnu
Configured with: ../src/configure -v --with-pkgversion='Ubuntu/Linaro 4.5.2-8ubuntu4' --with-bugurl=file:///usr/share/doc/gcc-4.5/README.Bugs --enable-languages=c,c++,fortran,objc,obj-c++ --prefix=/usr --program-suffix=-4.5 --enable-shared --enable-multiarch --with-multiarch-defaults=i386-linux-gnu --enable-linker-build-id --with-system-zlib --libexecdir=/usr/lib/i386-linux-gnu --without-included-gettext --enable-threads=posix --with-gxx-include-dir=/usr/include/c++/4.5 --libdir=/usr/lib/i386-linux-gnu --enable-nls --with-sysroot=/ --enable-clocale=gnu --enable-libstdcxx-debug --enable-libstdcxx-time=yes --enable-plugin --enable-gold --enable-ld=default --with-plugin-ld=ld.gold --enable-objc-gc --enable-targets=all --disable-werror --with-arch-32=i686 --with-tune=generic --enable-checking=release --build=i686-linux-gnu --host=i686-linux-gnu --target=i686-linux-gnu
Thread model: posix
gcc version 4.5.2 (Ubuntu/Linaro 4.5.2-8ubuntu4) 
configure:4814: $? = 0
configure:4816: g++ -V </dev/null >&5
g++: '-V' option must have argument
configure:4819: $? = 1
configure:4822: checking whether we are using the GNU C++ compiler
configure:4878: result: yes
configure:4884: checking whether g++ accepts -g
configure:4935: result: yes
configure:4977: g++ -c -g -O2  conftest.cc >&5
configure:4983: $? = 0
configure:4987: test -z 
			 || test ! -s conftest.err
configure:4990: $? = 0
configure:4993: test -s conftest.o
configure:4996: $? = 0
configure:5022: g++ -c -g -O2  conftest.cc >&5
conftest.cc: In function 'int main()':
conftest.cc:26:9: error: 'exit' was not declared in this scope
configure:5028: $? = 1
configure: failed program was:
| /* confdefs.h.  */
| 
| #define PACKAGE_NAME ""
| #define PACKAGE_TARNAME ""
| #define PACKAGE_VERSION ""
| #define PACKAGE_STRING ""
| #define PACKAGE_BUGREPORT ""
| #define PACKAGE "sidcomp"
| #define VERSION "0.1"
| #define STDC_HEADERS 1
| #define HAVE_SYS_TYPES_H 1
| #define HAVE_SYS_STAT_H 1
| #define HAVE_STDLIB_H 1
| #define HAVE_STRING_H 1
| #define HAVE_MEMORY_H 1
| #define HAVE_STRINGS_H 1
| #define HAVE_INTTYPES_H 1
| #define HAVE_STDINT_H 1
| #define HAVE_UNISTD_H 1
| #define HAVE_DLFCN_H 1
| /* end confdefs.h.  */
| 
| int
| main ()
| {
| exit (42);
|   ;
|   return 0;
| }
configure:4977: g++ -c -g -O2  conftest.cc >&5
conftest.cc:22:40: error: 'void std::exit(int)' should have been declared inside 'std'
configure:4983: $? = 1
configure: failed program was:
| /* confdefs.h.  */
| 
| #define PACKAGE_NAME ""
| #define PACKAGE_TARNAME ""
| #define PACKAGE_VERSION ""
| #define PACKAGE_STRING ""
| #define PACKAGE_BUGREPORT ""
| #define PACKAGE "sidcomp"
| #define VERSION "0.1"
| #define STDC_HEADERS 1
| #define HAVE_SYS_TYPES_H 1
| #define HAVE_SYS_STAT_H 1
| #define HAVE_STDLIB_H 1
| #define HAVE_STRING_H 1
| #define HAVE_MEMORY_H 1
| #define HAVE_STRINGS_H 1
| #define HAVE_INTTYPES_H 1
| #define HAVE_STDINT_H 1
| #define HAVE_UNISTD_H 1
| #define HAVE_DLFCN_H 1
| /* end confdefs.h.  */
| extern "C" void std::exit (int) throw (); using std::exit;
| #include <stdlib.h>
| int
| main ()
| {
| exit (42);
|   ;
|   return 0;
| }
configure:4977: g++ -c -g -O2  conftest.cc >&5
conftest.cc:22:31: error: 'void std::exit(int)' should have been declared inside 'std'
In file included from conftest.cc:23:0:
/usr/include/stdlib.h:544:70: error: declaration of 'void std::exit(int) throw ()' throws different exceptions
conftest.cc:22:17: error: from previous declaration 'void std::exit(int)'
configure:4983: $? = 1
configure: failed program was:
| /* confdefs.h.  */
| 
| #define PACKAGE_NAME ""
| #define PACKAGE_TARNAME ""
| #define PACKAGE_VERSION ""
| #define PACKAGE_STRING ""
| #define PACKAGE_BUGREPORT ""
| #define PACKAGE "sidcomp"
| #define VERSION "0.1"
| #define STDC_HEADERS 1
| #define HAVE_SYS_TYPES_H 1
| #define HAVE_SYS_STAT_H 1
| #define HAVE_STDLIB_H 1
| #define HAVE_STRING_H 1
| #define HAVE_MEMORY_H 1
| #define HAVE_STRINGS_H 1
| #define HAVE_INTTYPES_H 1
| #define HAVE_STDINT_H 1
| #define HAVE_UNISTD_H 1
| #define HAVE_DLFCN_H 1
| /* end confdefs.h.  */
| extern "C" void std::exit (int); using std::exit;
| #include <stdlib.h>
| int
| main ()
| {
| exit (42);
|   ;
|   return 0;
| }
configure:4977: g++ -c -g -O2  conftest.cc >&5
configure:4983: $? = 0
configure:4987: test -z 
			 || test ! -s conftest.err
configure:4990: $? = 0
configure:4993: test -s conftest.o
configure:4996: $? = 0
configure:5022: g++ -c -g -O2  conftest.cc >&5
configure:5028: $? = 0
configure:5032: test -z 
			 || test ! -s conftest.err
configure:5035: $? = 0
configure:5038: test -s conftest.o
configure:5041: $? = 0
configure:5066: checking dependency style of g++
configure:5156: result: gcc3
configure:5183: checking how to run the C++ preprocessor
configure:5297: result: g++ -E
configure:5321: g++ -E  conftest.cc
configure:5327: $? = 0
configure:5359: g++ -E  conftest.cc
conftest.cc:25:28: fatal error: ac_nonexistent.h: No such file or directory
compilation terminated.
configure:5365: $? = 1
configure: failed program was:
| /* confdefs.h.  */
| 
| #define PACKAGE_NAME ""
| #define PACKAGE_TARNAME ""
| #define PACKAGE_VERSION ""
| #define PACKAGE_STRING ""
| #define PACKAGE_BUGREPORT ""
| #define PACKAGE "sidcomp"
| #define VERSION "0.1"
| #define STDC_HEADERS 1
| #define HAVE_SYS_TYPES_H 1
| #define HAVE_SYS_STAT_H 1
| #define HAVE_STDLIB_H 1
| #define HAVE_STRING_H 1
| #define HAVE_MEMORY_H 1
| #define HAVE_STRINGS_H 1
| #define HAVE_INTTYPES_H 1
| #define HAVE_STDINT_H 1
| #define HAVE_UNISTD_H 1
| #define HAVE_DLFCN_H 1
| #ifdef __cplusplus
| extern "C" void exit (int) throw ();
| #endif
| /* end confdefs.h.  */
| #include <ac_nonexistent.h>
configure:5420: checking for i686-pc-linux-gnu-g77
configure:5449: result: no
configure:5420: checking for i686-pc-linux-gnu-f77
configure:5449: result: no
configure:5420: checking for i686-pc-linux-gnu-xlf
configure:5449: result: no
configure:5420: checking for i686-pc-linux-gnu-frt
configure:5449: result: no
configure:5420: checking for i686-pc-linux-gnu-pgf77
configure:5449: result: no
configure:5420: checking for i686-pc-linux-gnu-fort77
configure:5449: result: no
configure:5420: checking for i686-pc-linux-gnu-fl32
configure:5449: result: no
configure:5420: checking for i686-pc-linux-gnu-af77
configure:5449: result: no
configure:5420: checking for i686-pc-linux-gnu-f90
configure:5449: result: no
configure:5420: checking for i686-pc-linux-gnu-xlf90
configure:5449: result: no
configure:5420: checking for i686-pc-linux-gnu-pgf90
configure:5449: result: no
configure:5420: checking for i686-pc-linux-gnu-epcf90
configure:5449: result: no
configure:5420: checking for i686-pc-linux-gnu-f95
configure:5449: result: no
configure:5420: checking for i686-pc-linux-gnu-fort
configure:5449: result: no
configure:5420: checking for i686-pc-linux-gnu-xlf95
configure:5449: result: no
configure:5420: checking for i686-pc-linux-gnu-ifc
configure:5449: result: no
configure:5420: checking for i686-pc-linux-gnu-efc
configure:5449: result: no
configure:5420: checking for i686-pc-linux-gnu-pgf95
configure:5449: result: no
configure:5420: checking for i686-pc-linux-gnu-lf95
configure:5449: result: no
configure:5420: checking for i686-pc-linux-gnu-gfortran
configure:5449: result: no
configure:5462: checking for g77
configure:5491: result: no
configure:5462: checking for f77
configure:5491: result: no
configure:5462: checking for xlf
configure:5491: result: no
configure:5462: checking for frt
configure:5491: result: no
configure:5462: checking for pgf77
configure:5491: result: no
configure:5462: checking for fort77
configure:5491: result: no
configure:5462: checking for fl32
configure:5491: result: no
configure:5462: checking for af77
configure:5491: result: no
configure:5462: checking for f90
configure:5491: result: no
configure:5462: checking for xlf90
configure:5491: result: no
configure:5462: checking for pgf90
configure:5491: result: no
configure:5462: checking for epcf90
configure:5491: result: no
configure:5462: checking for f95
configure:5491: result: no
configure:5462: checking for fort
configure:5491: result: no
configure:5462: checking for xlf95
configure:5491: result: no
configure:5462: checking for ifc
configure:5491: result: no
configure:5462: checking for efc
configure:5491: result: no
configure:5462: checking for pgf95
configure:5491: result: no
configure:5462: checking for lf95
configure:5491: result: no
configure:5462: checking for gfortran
configure:5491: result: no
configure:5503: checking for Fortran 77 compiler version
configure:5506:  --version </dev/null >&5
../../.././sid/component/cgen-cpu/configure: line 5507: --version: command not found
configure:5509: $? = 127
configure:5511:  -v </dev/null >&5
../../.././sid/component/cgen-cpu/configure: line 5512: -v: command not found
configure:5514: $? = 127
configure:5516:  -V </dev/null >&5
../../.././sid/component/cgen-cpu/configure: line 5517: -V: command not found
configure:5519: $? = 127
configure:5527: checking whether we are using the GNU Fortran 77 compiler
configure:5573: result: no
configure:5579: checking whether  accepts -g
configure:5622: result: no
configure:5652: checking the maximum length of command line arguments
configure:5744: result: 32768
configure:5755: checking command to parse nm output from gcc object
configure:5954: result: ok
configure:5958: checking for objdir
configure:5973: result: .libs
configure:6025: checking for i686-pc-linux-gnu-ar
configure:6051: result: ar
configure:6105: checking for i686-pc-linux-gnu-ranlib
configure:6131: result: ranlib
configure:6185: checking for i686-pc-linux-gnu-strip
configure:6214: result: no
configure:6223: checking for strip
configure:6250: result: strip
configure:6537: checking if gcc static flag  works
configure:6565: result: yes
configure:6583: checking if gcc supports -fno-rtti -fno-exceptions
configure:6618: result: no
configure:6633: checking for gcc option to produce PIC
configure:6837: result: -fPIC
configure:6845: checking if gcc PIC flag -fPIC works
configure:6863: gcc -c -g -O2  -fPIC -DPIC conftest.c >&5
configure:6867: $? = 0
configure:6880: result: yes
configure:6904: checking if gcc supports -c -o file.o
configure:6951: result: yes
configure:6977: checking whether the gcc linker (ld) supports shared libraries
configure:7873: result: yes
configure:7899: checking whether -lc should be explicitly linked in
configure:7904: gcc -c -g -O2  conftest.c >&5
configure:7907: $? = 0
configure:7921: gcc -shared conftest.o  -v -Wl,-soname -Wl,conftest -o conftest 2\>\&1 \| grep  -lc  \>/dev/null 2\>\&1
configure:7924: $? = 0
configure:7936: result: no
configure:7944: checking dynamic linker characteristics
configure:8490: result: GNU/Linux ld.so
configure:8494: checking how to hardcode library paths into programs
configure:8519: result: immediate
configure:8533: checking whether stripping libraries is possible
configure:8538: result: yes
configure:9368: checking if libtool supports shared libraries
configure:9370: result: yes
configure:9373: checking whether to build shared libraries
configure:9394: result: yes
configure:9397: checking whether to build static libraries
configure:9401: result: yes
configure:9493: creating libtool
configure:10071: checking for ld used by g++
configure:10138: result: ld
configure:10147: checking if the linker (ld) is GNU ld
configure:10162: result: yes
configure:10213: checking whether the g++ linker (ld) supports shared libraries
configure:11100: result: yes
configure:11118: g++ -c -g -O2  conftest.cc >&5
configure:11121: $? = 0
configure:11217: checking for g++ option to produce PIC
configure:11485: result: -fPIC
configure:11493: checking if g++ PIC flag -fPIC works
configure:11511: g++ -c -g -O2  -fPIC -DPIC conftest.cc >&5
configure:11515: $? = 0
configure:11528: result: yes
configure:11552: checking if g++ supports -c -o file.o
configure:11599: result: yes
configure:11625: checking whether the g++ linker (ld) supports shared libraries
configure:11650: result: yes
configure:11721: checking dynamic linker characteristics
configure:12267: result: GNU/Linux ld.so
configure:12271: checking how to hardcode library paths into programs
configure:12296: result: immediate
configure:12310: checking whether stripping libraries is possible
configure:12315: result: yes
configure:19831: checking for i686-pc-linux-gnu-g++
configure:19857: result: g++
configure:19915: checking for C++ compiler version
configure:19918: g++ --version </dev/null >&5
g++ (Ubuntu/Linaro 4.5.2-8ubuntu4) 4.5.2
Copyright (C) 2010 Free Software Foundation, Inc.
This is free software; see the source for copying conditions.  There is NO
warranty; not even for MERCHANTABILITY or FITNESS FOR A PARTICULAR PURPOSE.

configure:19921: $? = 0
configure:19923: g++ -v </dev/null >&5
Using built-in specs.
COLLECT_GCC=g++
COLLECT_LTO_WRAPPER=/usr/lib/i386-linux-gnu/gcc/i686-linux-gnu/4.5.2/lto-wrapper
Target: i686-linux-gnu
Configured with: ../src/configure -v --with-pkgversion='Ubuntu/Linaro 4.5.2-8ubuntu4' --with-bugurl=file:///usr/share/doc/gcc-4.5/README.Bugs --enable-languages=c,c++,fortran,objc,obj-c++ --prefix=/usr --program-suffix=-4.5 --enable-shared --enable-multiarch --with-multiarch-defaults=i386-linux-gnu --enable-linker-build-id --with-system-zlib --libexecdir=/usr/lib/i386-linux-gnu --without-included-gettext --enable-threads=posix --with-gxx-include-dir=/usr/include/c++/4.5 --libdir=/usr/lib/i386-linux-gnu --enable-nls --with-sysroot=/ --enable-clocale=gnu --enable-libstdcxx-debug --enable-libstdcxx-time=yes --enable-plugin --enable-gold --enable-ld=default --with-plugin-ld=ld.gold --enable-objc-gc --enable-targets=all --disable-werror --with-arch-32=i686 --with-tune=generic --enable-checking=release --build=i686-linux-gnu --host=i686-linux-gnu --target=i686-linux-gnu
Thread model: posix
gcc version 4.5.2 (Ubuntu/Linaro 4.5.2-8ubuntu4) 
configure:19926: $? = 0
configure:19928: g++ -V </dev/null >&5
g++: '-V' option must have argument
configure:19931: $? = 1
configure:19934: checking whether we are using the GNU C++ compiler
configure:19990: result: yes
configure:19996: checking whether g++ accepts -g
configure:20047: result: yes
configure:20089: g++ -c -g -O2  conftest.cc >&5
configure:20095: $? = 0
configure:20099: test -z 
			 || test ! -s conftest.err
configure:20102: $? = 0
configure:20105: test -s conftest.o
configure:20108: $? = 0
configure:20134: g++ -c -g -O2  conftest.cc >&5
configure:20140: $? = 0
configure:20144: test -z 
			 || test ! -s conftest.err
configure:20147: $? = 0
configure:20150: test -s conftest.o
configure:20153: $? = 0
configure:20178: checking dependency style of g++
configure:20268: result: gcc3
configure:20290: checking how to run the C++ preprocessor
configure:20404: result: g++ -E
configure:20428: g++ -E  conftest.cc
configure:20434: $? = 0
configure:20466: g++ -E  conftest.cc
conftest.cc:25:28: fatal error: ac_nonexistent.h: No such file or directory
compilation terminated.
configure:20472: $? = 1
configure: failed program was:
| /* confdefs.h.  */
| 
| #define PACKAGE_NAME ""
| #define PACKAGE_TARNAME ""
| #define PACKAGE_VERSION ""
| #define PACKAGE_STRING ""
| #define PACKAGE_BUGREPORT ""
| #define PACKAGE "sidcomp"
| #define VERSION "0.1"
| #define STDC_HEADERS 1
| #define HAVE_SYS_TYPES_H 1
| #define HAVE_SYS_STAT_H 1
| #define HAVE_STDLIB_H 1
| #define HAVE_STRING_H 1
| #define HAVE_MEMORY_H 1
| #define HAVE_STRINGS_H 1
| #define HAVE_INTTYPES_H 1
| #define HAVE_STDINT_H 1
| #define HAVE_UNISTD_H 1
| #define HAVE_DLFCN_H 1
| #ifdef __cplusplus
| extern "C" void exit (int) throw ();
| #endif
| /* end confdefs.h.  */
| #include <ac_nonexistent.h>
configure:20524: checking for main in -lm
configure:20580: result: yes
configure:20592: checking for pthread_create in -lpthread
configure:20654: result: yes
configure:20669: checking for getopt
configure:20757: result: yes
configure:20779: checking whether libintl is required for gettext
configure:20812: gcc -o conftest -g -O2    conftest.c -lpthread -lm  >&5
configure:20818: $? = 0
configure:20822: test -z 
			 || test ! -s conftest.err
configure:20825: $? = 0
configure:20828: test -s conftest
configure:20831: $? = 0
configure:20833: result: no
configure:20859: WARNING: Assuming --enable-targets=all
configure:20932: checking ARM family support
configure:20945: result: 1
configure:20948: checking X86 family support
configure:20961: result: 1
configure:20964: checking MIPS family support
configure:20977: result: 1
configure:20980: checking M32R family support
configure:20993: result: 1
configure:20996: checking M68K family support
configure:21009: result: 1
configure:21012: checking Toshiba MeP family support
configure:21025: result: 1
configure:21028: checking MT family support
configure:21041: result: 1
configure:21044: checking PPC family support
configure:21057: result: 1
configure:21060: checking SH family support
configure:21073: result: 1
configure:21076: checking SH64 family support
configure:21089: result: 1
configure:21092: checking Sanyo Xstormy16 family support
configure:21105: result: 1
configure:21173: checking for guile
configure:21202: result: no
configure:21215: checking for links
configure:21242: result: false
configure:21262: checking for xsltproc
configure:21289: result: true
configure:21309: checking for sabcmd
configure:21336: result: false
configure:21359: checking whether vasprintf is declared
configure:21420: result: yes
configure:21359: checking whether asprintf is declared
configure:21420: result: yes
configure:21359: checking whether basename is declared
configure:21420: result: yes
configure:21359: checking whether getopt is declared
configure:21426: result: no
configure:21683: creating ./config.status

## ---------------------- ##
## Running config.status. ##
## ---------------------- ##

This file was extended by config.status, which was
generated by GNU Autoconf 2.59.  Invocation command line was

  CONFIG_FILES    = 
  CONFIG_HEADERS  = 
  CONFIG_LINKS    = 
  CONFIG_COMMANDS = 
  $ ./config.status 

on sirio

config.status:773: creating Makefile
config.status:773: creating CGEN.sh
config.status:870: creating config.h
config.status:992: config.h is unchanged
config.status:1172: executing depfiles commands
configure:23098: configuring in arm7t
configure:23215: running /bin/sh '../../../.././sid/component/cgen-cpu/arm7t/configure' --prefix=/usr/local/sid-1.1  '--cache-file=./config.cache' '--with-system-zlib' '--prefix=/usr/local/sid-1.1' '--program-transform-name=s,y,y,' '--disable-option-checking' '--build=i686-pc-linux-gnu' '--host=i686-pc-linux-gnu' '--target=i686-pc-linux-gnu' '--srcdir=.././sid' 'CC=gcc' 'CFLAGS=-g -O2' 'CXXFLAGS=-g -O2' 'CXX=g++' 'LDFLAGS= ' 'build_alias=i686-pc-linux-gnu' 'host_alias=i686-pc-linux-gnu' 'target_alias=i686-pc-linux-gnu' '--cache-file=.././config.cache' '--srcdir=../.././sid/component' '--cache-file=../.././config.cache' '--srcdir=../../.././sid/component/cgen-cpu' --cache-file=../../.././config.cache --srcdir=../../../.././sid/component/cgen-cpu/arm7t
configure:23098: configuring in m32r
configure:23215: running /bin/sh '../../../.././sid/component/cgen-cpu/m32r/configure' --prefix=/usr/local/sid-1.1  '--cache-file=./config.cache' '--with-system-zlib' '--prefix=/usr/local/sid-1.1' '--program-transform-name=s,y,y,' '--disable-option-checking' '--build=i686-pc-linux-gnu' '--host=i686-pc-linux-gnu' '--target=i686-pc-linux-gnu' '--srcdir=.././sid' 'CC=gcc' 'CFLAGS=-g -O2' 'CXXFLAGS=-g -O2' 'CXX=g++' 'LDFLAGS= ' 'build_alias=i686-pc-linux-gnu' 'host_alias=i686-pc-linux-gnu' 'target_alias=i686-pc-linux-gnu' '--cache-file=.././config.cache' '--srcdir=../.././sid/component' '--cache-file=../.././config.cache' '--srcdir=../../.././sid/component/cgen-cpu' --cache-file=../../.././config.cache --srcdir=../../../.././sid/component/cgen-cpu/m32r
configure:23098: configuring in mep
configure:23215: running /bin/sh '../../../.././sid/component/cgen-cpu/mep/configure' --prefix=/usr/local/sid-1.1  '--cache-file=./config.cache' '--with-system-zlib' '--prefix=/usr/local/sid-1.1' '--program-transform-name=s,y,y,' '--disable-option-checking' '--build=i686-pc-linux-gnu' '--host=i686-pc-linux-gnu' '--target=i686-pc-linux-gnu' '--srcdir=.././sid' 'CC=gcc' 'CFLAGS=-g -O2' 'CXXFLAGS=-g -O2' 'CXX=g++' 'LDFLAGS= ' 'build_alias=i686-pc-linux-gnu' 'host_alias=i686-pc-linux-gnu' 'target_alias=i686-pc-linux-gnu' '--cache-file=.././config.cache' '--srcdir=../.././sid/component' '--cache-file=../.././config.cache' '--srcdir=../../.././sid/component/cgen-cpu' --cache-file=../../.././config.cache --srcdir=../../../.././sid/component/cgen-cpu/mep
configure:23098: configuring in mt
configure:23215: running /bin/sh '../../../.././sid/component/cgen-cpu/mt/configure' --prefix=/usr/local/sid-1.1  '--cache-file=./config.cache' '--with-system-zlib' '--prefix=/usr/local/sid-1.1' '--program-transform-name=s,y,y,' '--disable-option-checking' '--build=i686-pc-linux-gnu' '--host=i686-pc-linux-gnu' '--target=i686-pc-linux-gnu' '--srcdir=.././sid' 'CC=gcc' 'CFLAGS=-g -O2' 'CXXFLAGS=-g -O2' 'CXX=g++' 'LDFLAGS= ' 'build_alias=i686-pc-linux-gnu' 'host_alias=i686-pc-linux-gnu' 'target_alias=i686-pc-linux-gnu' '--cache-file=.././config.cache' '--srcdir=../.././sid/component' '--cache-file=../.././config.cache' '--srcdir=../../.././sid/component/cgen-cpu' --cache-file=../../.././config.cache --srcdir=../../../.././sid/component/cgen-cpu/mt
configure:23098: configuring in sh
configure:23215: running /bin/sh '../../../.././sid/component/cgen-cpu/sh/configure' --prefix=/usr/local/sid-1.1  '--cache-file=./config.cache' '--with-system-zlib' '--prefix=/usr/local/sid-1.1' '--program-transform-name=s,y,y,' '--disable-option-checking' '--build=i686-pc-linux-gnu' '--host=i686-pc-linux-gnu' '--target=i686-pc-linux-gnu' '--srcdir=.././sid' 'CC=gcc' 'CFLAGS=-g -O2' 'CXXFLAGS=-g -O2' 'CXX=g++' 'LDFLAGS= ' 'build_alias=i686-pc-linux-gnu' 'host_alias=i686-pc-linux-gnu' 'target_alias=i686-pc-linux-gnu' '--cache-file=.././config.cache' '--srcdir=../.././sid/component' '--cache-file=../.././config.cache' '--srcdir=../../.././sid/component/cgen-cpu' --cache-file=../../.././config.cache --srcdir=../../../.././sid/component/cgen-cpu/sh
configure:23098: configuring in xstormy16
configure:23215: running /bin/sh '../../../.././sid/component/cgen-cpu/xstormy16/configure' --prefix=/usr/local/sid-1.1  '--cache-file=./config.cache' '--with-system-zlib' '--prefix=/usr/local/sid-1.1' '--program-transform-name=s,y,y,' '--disable-option-checking' '--build=i686-pc-linux-gnu' '--host=i686-pc-linux-gnu' '--target=i686-pc-linux-gnu' '--srcdir=.././sid' 'CC=gcc' 'CFLAGS=-g -O2' 'CXXFLAGS=-g -O2' 'CXX=g++' 'LDFLAGS= ' 'build_alias=i686-pc-linux-gnu' 'host_alias=i686-pc-linux-gnu' 'target_alias=i686-pc-linux-gnu' '--cache-file=.././config.cache' '--srcdir=../.././sid/component' '--cache-file=../.././config.cache' '--srcdir=../../.././sid/component/cgen-cpu' --cache-file=../../.././config.cache --srcdir=../../../.././sid/component/cgen-cpu/xstormy16

## ---------------- ##
## Cache variables. ##
## ---------------- ##

ac_cv_build=i686-pc-linux-gnu
ac_cv_build_alias=i686-pc-linux-gnu
ac_cv_c_bigendian=no
ac_cv_c_compiler_gnu=yes
ac_cv_c_const=yes
ac_cv_c_inline=inline
ac_cv_cxx_compiler_gnu=yes
ac_cv_decl_ftime=yes
ac_cv_decl_socklen_t=yes
ac_cv_decl_usleep=yes
ac_cv_env_CCC_set=
ac_cv_env_CCC_value=
ac_cv_env_CC_set=set
ac_cv_env_CC_value=gcc
ac_cv_env_CFLAGS_set=set
ac_cv_env_CFLAGS_value='-g -O2'
ac_cv_env_CPPFLAGS_set=
ac_cv_env_CPPFLAGS_value=
ac_cv_env_CPP_set=
ac_cv_env_CPP_value=
ac_cv_env_CXXCPP_set=
ac_cv_env_CXXCPP_value=
ac_cv_env_CXXFLAGS_set=set
ac_cv_env_CXXFLAGS_value='-g -O2'
ac_cv_env_CXX_set=set
ac_cv_env_CXX_value=g++
ac_cv_env_F77_set=
ac_cv_env_F77_value=
ac_cv_env_FFLAGS_set=
ac_cv_env_FFLAGS_value=
ac_cv_env_LDFLAGS_set=set
ac_cv_env_LDFLAGS_value=' '
ac_cv_env_LIBS_set=
ac_cv_env_LIBS_value=
ac_cv_env_XMKMF_set=
ac_cv_env_XMKMF_value=
ac_cv_env_build_alias_set=set
ac_cv_env_build_alias_value=i686-pc-linux-gnu
ac_cv_env_host_alias_set=set
ac_cv_env_host_alias_value=i686-pc-linux-gnu
ac_cv_env_target_alias_set=set
ac_cv_env_target_alias_value=i686-pc-linux-gnu
ac_cv_exeext=
ac_cv_f77_compiler_gnu=no
ac_cv_func_argz_append=yes
ac_cv_func_argz_create_sep=yes
ac_cv_func_argz_insert=yes
ac_cv_func_argz_next=yes
ac_cv_func_argz_stringify=yes
ac_cv_func_closedir=yes
ac_cv_func_connect=yes
ac_cv_func_ctime=yes
ac_cv_func_cygwin_conv_to_full_posix_path=no
ac_cv_func_dlerror=yes
ac_cv_func_dlopen=no
ac_cv_func_ftime=yes
ac_cv_func_gethostbyname=yes
ac_cv_func_getopt=yes
ac_cv_func_gettimeofday=yes
ac_cv_func_inet_addr=yes
ac_cv_func_inet_aton=yes
ac_cv_func_memcpy=yes
ac_cv_func_memmove=yes
ac_cv_func_opendir=yes
ac_cv_func_readdir=yes
ac_cv_func_remove=yes
ac_cv_func_sched_yield=yes
ac_cv_func_select=yes
ac_cv_func_shl_load=no
ac_cv_func_shmat=yes
ac_cv_func_snprintf=yes
ac_cv_func_strchr=yes
ac_cv_func_strcmp=yes
ac_cv_func_strdup=yes
ac_cv_func_strerror=yes
ac_cv_func_strrchr=yes
ac_cv_func_strtoul=yes
ac_cv_func_strtoull=yes
ac_cv_func_strtouq=yes
ac_cv_func_times=yes
ac_cv_func_usleep=yes
ac_cv_func_vasprintf=yes
ac_cv_func_vsnprintf=yes
ac_cv_have_x='have_x=yes	ac_x_includes='\'''\''	ac_x_libraries='\'''\'''
ac_cv_header_X11_Xos_h=yes
ac_cv_header____ucbinclude_sys_ioctl_h=no
ac_cv_header__usr_include_curses_h=no
ac_cv_header_argz_h=yes
ac_cv_header_arpa_inet_h=yes
ac_cv_header_assert_h=yes
ac_cv_header_blt_h=no
ac_cv_header_ctype_h=yes
ac_cv_header_curses_h=no
ac_cv_header_dirent_dirent_h=yes
ac_cv_header_dirent_h=yes
ac_cv_header_dl_h=no
ac_cv_header_dld_h=no
ac_cv_header_dlfcn_h=yes
ac_cv_header_errno_h=yes
ac_cv_header_getopt_h=yes
ac_cv_header_inttypes_h=yes
ac_cv_header_mach_o_dyld_h=no
ac_cv_header_malloc_h=yes
ac_cv_header_memory_h=yes
ac_cv_header_mmsystem_h=no
ac_cv_header_netinet_in_h=yes
ac_cv_header_netinet_tcp_h=yes
ac_cv_header_readline_history_h=no
ac_cv_header_sched_h=yes
ac_cv_header_sstream=yes
ac_cv_header_stdc=yes
ac_cv_header_stdint_h=yes
ac_cv_header_stdio_h=yes
ac_cv_header_stdlib_h=yes
ac_cv_header_string_h=yes
ac_cv_header_strings_h=yes
ac_cv_header_strstream_h=no
ac_cv_header_sys_dl_h=no
ac_cv_header_sys_ioctl_h=yes
ac_cv_header_sys_socket_h=yes
ac_cv_header_sys_soundcard_h=yes
ac_cv_header_sys_stat_h=yes
ac_cv_header_sys_time_h=yes
ac_cv_header_sys_timeb_h=yes
ac_cv_header_sys_types_h=yes
ac_cv_header_tcl_h=yes
ac_cv_header_time=yes
ac_cv_header_time_h=yes
ac_cv_header_tk_h=yes
ac_cv_header_unistd_h=yes
ac_cv_header_windows_h=no
ac_cv_host=i686-pc-linux-gnu
ac_cv_host_alias=i686-pc-linux-gnu
ac_cv_lib_ICE_IceConnectionNumber=yes
ac_cv_lib_X11_XOpenDisplay=yes
ac_cv_lib_curses_refresh=no
ac_cv_lib_dl_dlopen=yes
ac_cv_lib_dld_shl_load=no
ac_cv_lib_kernel32_main=no
ac_cv_lib_m_main=yes
ac_cv_lib_ncurses_refresh=no
ac_cv_lib_nsl_gethostbyname=yes
ac_cv_lib_pthread_pthread_create=yes
ac_cv_lib_readline_readline=no
ac_cv_lib_socket_connect=no
ac_cv_lib_stdcpp_main=yes
ac_cv_lib_winmm_main=no
ac_cv_libstdcxx_shared=yes
ac_cv_objext=o
ac_cv_path_EGREP='/bin/grep -E'
ac_cv_path_GREP=/bin/grep
ac_cv_path_GZIP=/bin/gzip
ac_cv_path_TAR=/bin/tar
ac_cv_path_mkdir=/bin/mkdir
ac_cv_prog_AR=ar
ac_cv_prog_AWK=mawk
ac_cv_prog_CC=gcc
ac_cv_prog_CPP='gcc -E'
ac_cv_prog_CXX=g++
ac_cv_prog_CXXCPP='g++ -E'
ac_cv_prog_LINKS=false
ac_cv_prog_RANLIB=ranlib
ac_cv_prog_SABLOTRON=false
ac_cv_prog_XSLTPROC=true
ac_cv_prog_ac_ct_STRIP=strip
ac_cv_prog_cc_c89=
ac_cv_prog_cc_g=yes
ac_cv_prog_cc_stdc=
ac_cv_prog_cxx_g=yes
ac_cv_prog_egrep='grep -E'
ac_cv_prog_f77_g=no
ac_cv_prog_make_make_set=yes
ac_cv_search_opendir='none required'
ac_cv_sizeof_int_p=4
ac_cv_sizeof_unsigned_char=1
ac_cv_sizeof_unsigned_int=4
ac_cv_sizeof_unsigned_long=4
ac_cv_sizeof_unsigned_long_long=8
ac_cv_sizeof_unsigned_short=2
ac_cv_sys_symbol_underscore=no
ac_cv_type_error_t=yes
ac_cv_type_int_p=yes
ac_cv_type_unsigned_char=yes
ac_cv_type_unsigned_int=yes
ac_cv_type_unsigned_long=yes
ac_cv_type_unsigned_long_long=yes
ac_cv_type_unsigned_short=yes
am_cv_CC_dependencies_compiler_type=gcc3
am_cv_CXX_dependencies_compiler_type=gcc3
gcc_cv_have_decl_asprintf=yes
gcc_cv_have_decl_basename=yes
gcc_cv_have_decl_getopt=no
gcc_cv_have_decl_vasprintf=yes
libltdl_cv_lib_dl_dlopen=yes
libltdl_cv_objdir=.libs
libltdl_cv_preloaded_symbols=yes
libltdl_cv_shlibext=.so
libltdl_cv_shlibpath_var=LD_LIBRARY_PATH
libltdl_cv_sys_dlopen_deplibs=yes
libltdl_cv_sys_search_path='/lib /usr/lib /usr/lib/nvidia-current /lib/i386-linux-gnu /usr/lib/i386-linux-gnu /lib/i686-linux-gnu /usr/lib/i686-linux-gnu /usr/lib/alsa-lib /usr/local/lib /opt/prueba_sid/lib/libhexkeyboard.la '
lt_cv_deplibs_check_method=pass_all
lt_cv_dlopen=dlopen
lt_cv_dlopen_libs=-ldl
lt_cv_dlopen_self=yes
lt_cv_dlopen_self_static=yes
lt_cv_file_magic_cmd='$MAGIC_CMD'
lt_cv_file_magic_test_file=
lt_cv_ld_reload_flag=-r
lt_cv_objdir=.libs
lt_cv_path_LD=ld
lt_cv_path_LDCXX=ld
lt_cv_path_NM=nm
lt_cv_path_SED=/bin/sed
lt_cv_prog_compiler_c_o=yes
lt_cv_prog_compiler_c_o_CXX=yes
lt_cv_prog_compiler_rtti_exceptions=no
lt_cv_prog_gnu_ld=yes
lt_cv_prog_gnu_ldcxx=yes
lt_cv_sys_global_symbol_pipe='sed -n -e '\''s/^.*[ 	]\([ABCDGIRSTW][ABCDGIRSTW]*\)[ 	][ 	]*\([_A-Za-z][_A-Za-z0-9]*\)$/\1 \2 \2/p'\'''
lt_cv_sys_global_symbol_to_c_name_address='sed -n -e '\''s/^: \([^ ]*\) $/  {\"\1\", (lt_ptr) 0},/p'\'' -e '\''s/^[BCDEGRST] \([^ ]*\) \([^ ]*\)$/  {"\2", (lt_ptr) \&\2},/p'\'''
lt_cv_sys_global_symbol_to_cdecl='sed -n -e '\''s/^. .* \(.*\)$/extern int \1;/p'\'''
lt_cv_sys_max_cmd_len=32768
lt_lt_cv_prog_compiler_c_o='"yes"'
lt_lt_cv_prog_compiler_c_o_CXX='"yes"'
lt_lt_cv_sys_global_symbol_pipe='"sed -n -e '\''s/^.*[ 	]\\([ABCDGIRSTW][ABCDGIRSTW]*\\)[ 	][ 	]*\\([_A-Za-z][_A-Za-z0-9]*\\)\$/\\1 \\2 \\2/p'\''"'
lt_lt_cv_sys_global_symbol_to_c_name_address='"sed -n -e '\''s/^: \\([^ ]*\\) \$/  {\\\"\\1\\\", (lt_ptr) 0},/p'\'' -e '\''s/^[BCDEGRST] \\([^ ]*\\) \\([^ ]*\\)\$/  {\"\\2\", (lt_ptr) \\&\\2},/p'\''"'
lt_lt_cv_sys_global_symbol_to_cdecl='"sed -n -e '\''s/^. .* \\(.*\\)\$/extern int \\1;/p'\''"'
sid_cv_builtin_expect=yes
sid_cv_cctype_std=yes

## ----------------- ##
## Output variables. ##
## ----------------- ##

ACLOCAL='${SHELL} /home/adrian/_ETSIT-UPM/BECA-SimAntares/sid-1.1/src/sid/config/missing --run aclocal-1.9'
AMDEPBACKSLASH='\'
AMDEP_FALSE='#'
AMDEP_TRUE=''
AMTAR='${SHELL} /home/adrian/_ETSIT-UPM/BECA-SimAntares/sid-1.1/src/sid/config/missing --run tar'
AR='ar'
AS='as'
AUTOCONF='${SHELL} /home/adrian/_ETSIT-UPM/BECA-SimAntares/sid-1.1/src/sid/config/missing --run autoconf'
AUTOHEADER='${SHELL} /home/adrian/_ETSIT-UPM/BECA-SimAntares/sid-1.1/src/sid/config/missing --run autoheader'
AUTOMAKE='${SHELL} /home/adrian/_ETSIT-UPM/BECA-SimAntares/sid-1.1/src/sid/config/missing --run automake-1.9'
AWK='mawk'
CC='gcc'
CCDEPMODE='depmode=gcc3'
CFLAGS='-g -O2'
CPP='gcc -E'
CPPFLAGS=''
CXX='g++'
CXXCPP='g++ -E'
CXXDEPMODE='depmode=gcc3'
CXXFLAGS='-g -O2'
CYGPATH_W='echo'
DEFS='-DHAVE_CONFIG_H'
DEPDIR='.deps'
DLLTOOL='dlltool'
ECHO='echo'
ECHO_C=''
ECHO_N='-n'
ECHO_T=''
EGREP='grep -E'
EXEEXT=''
F77=''
FFLAGS=''
GUILE='false'
HAVE_LINKS_FALSE=''
HAVE_LINKS_TRUE='#'
HAVE_SABLOTRON_FALSE=''
HAVE_SABLOTRON_TRUE='#'
HAVE_XSLTPROC_FALSE='#'
HAVE_XSLTPROC_TRUE=''
INSTALL_DATA='/usr/bin/install -c -m 644'
INSTALL_PROGRAM='/usr/bin/install -c'
INSTALL_SCRIPT='/usr/bin/install -c'
INSTALL_STRIP_PROGRAM='${SHELL} $(install_sh) -c -s'
INTLLIBS=''
LDFLAGS=' '
LIBOBJS=''
LIBS='-lpthread -lm '
LIBTOOL='$(SHELL) $(top_builddir)/libtool'
LINKS='false'
LN_S='ln -s'
LTLIBOBJS=''
MAINT='#'
MAINTAINER_MODE_FALSE=''
MAINTAINER_MODE_TRUE='#'
MAKEINFO='makeinfo --split-size=5000000'
OBJDUMP='objdump'
OBJEXT='o'
PACKAGE='sidcomp'
PACKAGE_BUGREPORT=''
PACKAGE_NAME=''
PACKAGE_STRING=''
PACKAGE_TARNAME=''
PACKAGE_VERSION=''
PATH_SEPARATOR=':'
RANLIB='ranlib'
SABLOTRON='false'
SET_MAKE=''
SHELL='/bin/sh'
SIDTARGET_ARM_FALSE='#'
SIDTARGET_ARM_TRUE=''
SIDTARGET_M32R_FALSE='#'
SIDTARGET_M32R_TRUE=''
SIDTARGET_M68K_FALSE='#'
SIDTARGET_M68K_TRUE=''
SIDTARGET_MEP_FALSE='#'
SIDTARGET_MEP_TRUE=''
SIDTARGET_MIPS_FALSE='#'
SIDTARGET_MIPS_TRUE=''
SIDTARGET_MT_FALSE='#'
SIDTARGET_MT_TRUE=''
SIDTARGET_PPC_FALSE='#'
SIDTARGET_PPC_TRUE=''
SIDTARGET_SH64_FALSE='#'
SIDTARGET_SH64_TRUE=''
SIDTARGET_SH_FALSE='#'
SIDTARGET_SH_TRUE=''
SIDTARGET_X86_FALSE='#'
SIDTARGET_X86_TRUE=''
SIDTARGET_XSTORMY16_FALSE='#'
SIDTARGET_XSTORMY16_TRUE=''
STRIP='strip'
VERSION='0.1'
XSLTPROC='true'
ac_ct_AR=''
ac_ct_AS=''
ac_ct_CC=''
ac_ct_CXX=''
ac_ct_DLLTOOL=''
ac_ct_F77=''
ac_ct_OBJDUMP=''
ac_ct_RANLIB=''
ac_ct_STRIP='strip'
am__fastdepCC_FALSE='#'
am__fastdepCC_TRUE=''
am__fastdepCXX_FALSE='#'
am__fastdepCXX_TRUE=''
am__include='include'
am__leading_dot='.'
am__quote=''
am__tar='${AMTAR} chof - "$$tardir"'
am__untar='${AMTAR} xf -'
bindir='${exec_prefix}/bin'
build='i686-pc-linux-gnu'
build_alias='i686-pc-linux-gnu'
build_cpu='i686'
build_os='linux-gnu'
build_vendor='pc'
cpu_defs=''
cpu_incl=' -I../../.././sid/component/cgen-cpu/arm7t -I../../.././sid/component/cgen-cpu/m32r -I../../.././sid/component/cgen-cpu/mep -I../../.././sid/component/cgen-cpu/mt -I../../.././sid/component/cgen-cpu/sh -I../../.././sid/component/cgen-cpu/xstormy16'
cpu_libs=' arm7t/libarm7t.la m32r/libm32r.la mep/libmep.la mt/libmt.la sh/libsh.la xstormy16/libxstormy16.la'
cpu_subdirs=' arm7t m32r mep mt sh xstormy16'
datadir='${prefix}/share'
exec_prefix='${prefix}'
host='i686-pc-linux-gnu'
host_alias='i686-pc-linux-gnu'
host_cpu='i686'
host_os='linux-gnu'
host_vendor='pc'
includedir='${prefix}/include'
infodir='${prefix}/info'
install_sh='/home/adrian/_ETSIT-UPM/BECA-SimAntares/sid-1.1/src/sid/config/install-sh'
libdir='${exec_prefix}/lib'
libexecdir='${exec_prefix}/libexec'
localstatedir='${prefix}/var'
mandir='${prefix}/man'
mkdir_p='mkdir -p --'
oldincludedir='/usr/include'
prefix='/usr/local/sid-1.1'
program_transform_name='s,y,y,'
sbindir='${exec_prefix}/sbin'
sharedstatedir='${prefix}/com'
sidtarget_arm='1'
sidtarget_m32r='1'
sidtarget_m68k='1'
sidtarget_mep='1'
sidtarget_mips='1'
sidtarget_mt='1'
sidtarget_ppc='1'
sidtarget_sh64='1'
sidtarget_sh='1'
sidtarget_x86='1'
sidtarget_xstormy16='1'
subdirs=' arm7t m32r mep mt sh xstormy16'
sysconfdir='${prefix}/etc'
target_alias='i686-pc-linux-gnu'

## ----------- ##
## confdefs.h. ##
## ----------- ##

#define HAVE_DECL_ASPRINTF 1
#define HAVE_DECL_BASENAME 1
#define HAVE_DECL_GETOPT 0
#define HAVE_DECL_VASPRINTF 1
#define HAVE_DLFCN_H 1
#define HAVE_GETOPT 1
#define HAVE_INTTYPES_H 1
#define HAVE_LIBM 1
#define HAVE_LIBPTHREAD 1
#define HAVE_MEMORY_H 1
#define HAVE_STDINT_H 1
#define HAVE_STDLIB_H 1
#define HAVE_STRINGS_H 1
#define HAVE_STRING_H 1
#define HAVE_SYS_STAT_H 1
#define HAVE_SYS_TYPES_H 1
#define HAVE_UNISTD_H 1
#define PACKAGE "sidcomp"
#define PACKAGE_BUGREPORT ""
#define PACKAGE_NAME ""
#define PACKAGE_STRING ""
#define PACKAGE_TARNAME ""
#define PACKAGE_VERSION ""
#define STDC_HEADERS 1
#define VERSION "0.1"
#endif
#ifdef __cplusplus
extern "C" void exit (int) throw ();

configure: exit 0
