This file contains any messages produced by compilers while
running configure, to aid debugging if configure makes a mistake.

It was created by configure, which was
generated by GNU Autoconf 2.59.  Invocation command line was

  $ ../../.././sid/component/bochs/configure --prefix=/opt/sid-1.2 --cache-file=./config.cache --with-system-zlib --prefix=/opt/sid-1.2 --program-transform-name=s,y,y, --disable-option-checking --build=i686-pc-linux-gnu --host=i686-pc-linux-gnu --target=i686-pc-linux-gnu --srcdir=.././sid CC=gcc CFLAGS=-g -O2 CXXFLAGS=-g -O2 CXX=g++ LDFLAGS=  build_alias=i686-pc-linux-gnu host_alias=i686-pc-linux-gnu target_alias=i686-pc-linux-gnu --cache-file=.././config.cache --srcdir=../.././sid/component --cache-file=../.././config.cache --srcdir=../../.././sid/component/bochs

## --------- ##
## Platform. ##
## --------- ##

hostname = sirio
uname -m = i686
uname -r = 2.6.38-11-generic
uname -s = Linux
uname -v = #50-Ubuntu SMP Mon Sep 12 21:18:14 UTC 2011

/usr/bin/uname -p = unknown
/bin/uname -X     = unknown

/bin/arch              = unknown
/usr/bin/arch -k       = unknown
/usr/convex/getsysinfo = unknown
hostinfo               = unknown
/bin/machine           = unknown
/usr/bin/oslevel       = unknown
/bin/universe          = unknown

PATH: /home/adrian/CodeSourcery/Sourcery_G++_Lite/bin
PATH: /usr/matlab/bin
PATH: /home/adrian/.codeSourcery(uCLinux)/bin
PATH: /usr/local/bin
PATH: /usr/bin
PATH: /bin


## ----------- ##
## Core tests. ##
## ----------- ##

configure:1448: loading cache ../.././config.cache
configure:1578: checking for a BSD-compatible install
configure:1633: result: /usr/bin/install -c
configure:1644: checking whether build environment is sane
configure:1687: result: yes
configure:1752: checking for gawk
configure:1778: result: mawk
configure:1788: checking whether make sets $(MAKE)
configure:1808: result: yes
configure:1976: checking whether to enable maintainer-specific portions of Makefiles
configure:1985: result: no
configure:2079: checking build system type
configure:2097: result: i686-pc-linux-gnu
configure:2105: checking host system type
configure:2119: result: i686-pc-linux-gnu
configure:2139: checking for style of include used by make
configure:2167: result: GNU
configure:2200: checking for i686-pc-linux-gnu-gcc
configure:2226: result: gcc
configure:2508: checking for C compiler version
configure:2511: gcc --version </dev/null >&5
gcc (Ubuntu/Linaro 4.5.2-8ubuntu4) 4.5.2
Copyright (C) 2010 Free Software Foundation, Inc.
This is free software; see the source for copying conditions.  There is NO
warranty; not even for MERCHANTABILITY or FITNESS FOR A PARTICULAR PURPOSE.

configure:2514: $? = 0
configure:2516: gcc -v </dev/null >&5
Using built-in specs.
COLLECT_GCC=gcc
COLLECT_LTO_WRAPPER=/usr/lib/i386-linux-gnu/gcc/i686-linux-gnu/4.5.2/lto-wrapper
Target: i686-linux-gnu
Configured with: ../src/configure -v --with-pkgversion='Ubuntu/Linaro 4.5.2-8ubuntu4' --with-bugurl=file:///usr/share/doc/gcc-4.5/README.Bugs --enable-languages=c,c++,fortran,objc,obj-c++ --prefix=/usr --program-suffix=-4.5 --enable-shared --enable-multiarch --with-multiarch-defaults=i386-linux-gnu --enable-linker-build-id --with-system-zlib --libexecdir=/usr/lib/i386-linux-gnu --without-included-gettext --enable-threads=posix --with-gxx-include-dir=/usr/include/c++/4.5 --libdir=/usr/lib/i386-linux-gnu --enable-nls --with-sysroot=/ --enable-clocale=gnu --enable-libstdcxx-debug --enable-libstdcxx-time=yes --enable-plugin --enable-gold --enable-ld=default --with-plugin-ld=ld.gold --enable-objc-gc --enable-targets=all --disable-werror --with-arch-32=i686 --with-tune=generic --enable-checking=release --build=i686-linux-gnu --host=i686-linux-gnu --target=i686-linux-gnu
Thread model: posix
gcc version 4.5.2 (Ubuntu/Linaro 4.5.2-8ubuntu4) 
configure:2519: $? = 0
configure:2521: gcc -V </dev/null >&5
gcc: '-V' option must have argument
configure:2524: $? = 1
configure:2547: checking for C compiler default output file name
configure:2550: gcc -g -O2    conftest.c  >&5
configure:2553: $? = 0
configure:2599: result: a.out
configure:2604: checking whether the C compiler works
configure:2610: ./a.out
configure:2613: $? = 0
configure:2630: result: yes
configure:2637: checking whether we are cross compiling
configure:2639: result: no
configure:2642: checking for suffix of executables
configure:2644: gcc -o conftest -g -O2    conftest.c  >&5
configure:2647: $? = 0
configure:2672: result: 
configure:2678: checking for suffix of object files
configure:2724: result: o
configure:2728: checking whether we are using the GNU C compiler
configure:2784: result: yes
configure:2790: checking whether gcc accepts -g
configure:2841: result: yes
configure:2858: checking for gcc option to accept ANSI C
configure:2965: result: none needed
configure:2983: gcc -c -g -O2  conftest.c >&5
conftest.c:2:9: error: expected '=', ',', ';', 'asm' or '__attribute__' before 'me'
configure:2989: $? = 1
configure: failed program was:
| #ifndef __cplusplus
|   choke me
| #endif
configure:3124: checking dependency style of gcc
configure:3214: result: gcc3
configure:3231: checking for a sed that does not truncate output
configure:3285: result: /bin/sed
configure:3288: checking for egrep
configure:3298: result: grep -E
configure:3314: checking for ld used by gcc
configure:3381: result: ld
configure:3390: checking if the linker (ld) is GNU ld
configure:3405: result: yes
configure:3410: checking for ld option to reload object files
configure:3417: result: -r
configure:3435: checking for BSD-compatible nm
configure:3477: result: nm
configure:3481: checking whether ln -s works
configure:3485: result: yes
configure:3492: checking how to recognise dependent libraries
configure:3664: result: pass_all
configure:3877: checking how to run the C preprocessor
configure:3995: result: gcc -E
configure:4019: gcc -E  conftest.c
configure:4025: $? = 0
configure:4057: gcc -E  conftest.c
conftest.c:11:28: fatal error: ac_nonexistent.h: No such file or directory
compilation terminated.
configure:4063: $? = 1
configure: failed program was:
| /* confdefs.h.  */
| 
| #define PACKAGE_NAME ""
| #define PACKAGE_TARNAME ""
| #define PACKAGE_VERSION ""
| #define PACKAGE_STRING ""
| #define PACKAGE_BUGREPORT ""
| #define PACKAGE "sidcomp"
| #define VERSION "0.1"
| /* end confdefs.h.  */
| #include <ac_nonexistent.h>
configure:4107: checking for ANSI C header files
configure:4263: result: yes
configure:4287: checking for sys/types.h
configure:4333: result: yes
configure:4287: checking for sys/stat.h
configure:4333: result: yes
configure:4287: checking for stdlib.h
configure:4333: result: yes
configure:4287: checking for string.h
configure:4333: result: yes
configure:4287: checking for memory.h
configure:4333: result: yes
configure:4287: checking for strings.h
configure:4333: result: yes
configure:4287: checking for inttypes.h
configure:4333: result: yes
configure:4287: checking for stdint.h
configure:4333: result: yes
configure:4287: checking for unistd.h
configure:4333: result: yes
configure:4350: checking for dlfcn.h
configure:4355: result: yes
configure:4505: checking for i686-pc-linux-gnu-g++
configure:4531: result: g++
configure:4589: checking for C++ compiler version
configure:4592: g++ --version </dev/null >&5
g++ (Ubuntu/Linaro 4.5.2-8ubuntu4) 4.5.2
Copyright (C) 2010 Free Software Foundation, Inc.
This is free software; see the source for copying conditions.  There is NO
warranty; not even for MERCHANTABILITY or FITNESS FOR A PARTICULAR PURPOSE.

configure:4595: $? = 0
configure:4597: g++ -v </dev/null >&5
Using built-in specs.
COLLECT_GCC=g++
COLLECT_LTO_WRAPPER=/usr/lib/i386-linux-gnu/gcc/i686-linux-gnu/4.5.2/lto-wrapper
Target: i686-linux-gnu
Configured with: ../src/configure -v --with-pkgversion='Ubuntu/Linaro 4.5.2-8ubuntu4' --with-bugurl=file:///usr/share/doc/gcc-4.5/README.Bugs --enable-languages=c,c++,fortran,objc,obj-c++ --prefix=/usr --program-suffix=-4.5 --enable-shared --enable-multiarch --with-multiarch-defaults=i386-linux-gnu --enable-linker-build-id --with-system-zlib --libexecdir=/usr/lib/i386-linux-gnu --without-included-gettext --enable-threads=posix --with-gxx-include-dir=/usr/include/c++/4.5 --libdir=/usr/lib/i386-linux-gnu --enable-nls --with-sysroot=/ --enable-clocale=gnu --enable-libstdcxx-debug --enable-libstdcxx-time=yes --enable-plugin --enable-gold --enable-ld=default --with-plugin-ld=ld.gold --enable-objc-gc --enable-targets=all --disable-werror --with-arch-32=i686 --with-tune=generic --enable-checking=release --build=i686-linux-gnu --host=i686-linux-gnu --target=i686-linux-gnu
Thread model: posix
gcc version 4.5.2 (Ubuntu/Linaro 4.5.2-8ubuntu4) 
configure:4600: $? = 0
configure:4602: g++ -V </dev/null >&5
g++: '-V' option must have argument
configure:4605: $? = 1
configure:4608: checking whether we are using the GNU C++ compiler
configure:4664: result: yes
configure:4670: checking whether g++ accepts -g
configure:4721: result: yes
configure:4763: g++ -c -g -O2  conftest.cc >&5
configure:4769: $? = 0
configure:4773: test -z 
			 || test ! -s conftest.err
configure:4776: $? = 0
configure:4779: test -s conftest.o
configure:4782: $? = 0
configure:4808: g++ -c -g -O2  conftest.cc >&5
conftest.cc: In function 'int main()':
conftest.cc:26:9: error: 'exit' was not declared in this scope
configure:4814: $? = 1
configure: failed program was:
| /* confdefs.h.  */
| 
| #define PACKAGE_NAME ""
| #define PACKAGE_TARNAME ""
| #define PACKAGE_VERSION ""
| #define PACKAGE_STRING ""
| #define PACKAGE_BUGREPORT ""
| #define PACKAGE "sidcomp"
| #define VERSION "0.1"
| #define STDC_HEADERS 1
| #define HAVE_SYS_TYPES_H 1
| #define HAVE_SYS_STAT_H 1
| #define HAVE_STDLIB_H 1
| #define HAVE_STRING_H 1
| #define HAVE_MEMORY_H 1
| #define HAVE_STRINGS_H 1
| #define HAVE_INTTYPES_H 1
| #define HAVE_STDINT_H 1
| #define HAVE_UNISTD_H 1
| #define HAVE_DLFCN_H 1
| /* end confdefs.h.  */
| 
| int
| main ()
| {
| exit (42);
|   ;
|   return 0;
| }
configure:4763: g++ -c -g -O2  conftest.cc >&5
conftest.cc:22:40: error: 'void std::exit(int)' should have been declared inside 'std'
configure:4769: $? = 1
configure: failed program was:
| /* confdefs.h.  */
| 
| #define PACKAGE_NAME ""
| #define PACKAGE_TARNAME ""
| #define PACKAGE_VERSION ""
| #define PACKAGE_STRING ""
| #define PACKAGE_BUGREPORT ""
| #define PACKAGE "sidcomp"
| #define VERSION "0.1"
| #define STDC_HEADERS 1
| #define HAVE_SYS_TYPES_H 1
| #define HAVE_SYS_STAT_H 1
| #define HAVE_STDLIB_H 1
| #define HAVE_STRING_H 1
| #define HAVE_MEMORY_H 1
| #define HAVE_STRINGS_H 1
| #define HAVE_INTTYPES_H 1
| #define HAVE_STDINT_H 1
| #define HAVE_UNISTD_H 1
| #define HAVE_DLFCN_H 1
| /* end confdefs.h.  */
| extern "C" void std::exit (int) throw (); using std::exit;
| #include <stdlib.h>
| int
| main ()
| {
| exit (42);
|   ;
|   return 0;
| }
configure:4763: g++ -c -g -O2  conftest.cc >&5
conftest.cc:22:31: error: 'void std::exit(int)' should have been declared inside 'std'
In file included from conftest.cc:23:0:
/usr/include/stdlib.h:544:70: error: declaration of 'void std::exit(int) throw ()' throws different exceptions
conftest.cc:22:17: error: from previous declaration 'void std::exit(int)'
configure:4769: $? = 1
configure: failed program was:
| /* confdefs.h.  */
| 
| #define PACKAGE_NAME ""
| #define PACKAGE_TARNAME ""
| #define PACKAGE_VERSION ""
| #define PACKAGE_STRING ""
| #define PACKAGE_BUGREPORT ""
| #define PACKAGE "sidcomp"
| #define VERSION "0.1"
| #define STDC_HEADERS 1
| #define HAVE_SYS_TYPES_H 1
| #define HAVE_SYS_STAT_H 1
| #define HAVE_STDLIB_H 1
| #define HAVE_STRING_H 1
| #define HAVE_MEMORY_H 1
| #define HAVE_STRINGS_H 1
| #define HAVE_INTTYPES_H 1
| #define HAVE_STDINT_H 1
| #define HAVE_UNISTD_H 1
| #define HAVE_DLFCN_H 1
| /* end confdefs.h.  */
| extern "C" void std::exit (int); using std::exit;
| #include <stdlib.h>
| int
| main ()
| {
| exit (42);
|   ;
|   return 0;
| }
configure:4763: g++ -c -g -O2  conftest.cc >&5
configure:4769: $? = 0
configure:4773: test -z 
			 || test ! -s conftest.err
configure:4776: $? = 0
configure:4779: test -s conftest.o
configure:4782: $? = 0
configure:4808: g++ -c -g -O2  conftest.cc >&5
configure:4814: $? = 0
configure:4818: test -z 
			 || test ! -s conftest.err
configure:4821: $? = 0
configure:4824: test -s conftest.o
configure:4827: $? = 0
configure:4852: checking dependency style of g++
configure:4942: result: gcc3
configure:4969: checking how to run the C++ preprocessor
configure:5083: result: g++ -E
configure:5107: g++ -E  conftest.cc
configure:5113: $? = 0
configure:5145: g++ -E  conftest.cc
conftest.cc:25:28: fatal error: ac_nonexistent.h: No such file or directory
compilation terminated.
configure:5151: $? = 1
configure: failed program was:
| /* confdefs.h.  */
| 
| #define PACKAGE_NAME ""
| #define PACKAGE_TARNAME ""
| #define PACKAGE_VERSION ""
| #define PACKAGE_STRING ""
| #define PACKAGE_BUGREPORT ""
| #define PACKAGE "sidcomp"
| #define VERSION "0.1"
| #define STDC_HEADERS 1
| #define HAVE_SYS_TYPES_H 1
| #define HAVE_SYS_STAT_H 1
| #define HAVE_STDLIB_H 1
| #define HAVE_STRING_H 1
| #define HAVE_MEMORY_H 1
| #define HAVE_STRINGS_H 1
| #define HAVE_INTTYPES_H 1
| #define HAVE_STDINT_H 1
| #define HAVE_UNISTD_H 1
| #define HAVE_DLFCN_H 1
| #ifdef __cplusplus
| extern "C" void exit (int) throw ();
| #endif
| /* end confdefs.h.  */
| #include <ac_nonexistent.h>
configure:5206: checking for i686-pc-linux-gnu-g77
configure:5235: result: no
configure:5206: checking for i686-pc-linux-gnu-f77
configure:5235: result: no
configure:5206: checking for i686-pc-linux-gnu-xlf
configure:5235: result: no
configure:5206: checking for i686-pc-linux-gnu-frt
configure:5235: result: no
configure:5206: checking for i686-pc-linux-gnu-pgf77
configure:5235: result: no
configure:5206: checking for i686-pc-linux-gnu-fort77
configure:5235: result: no
configure:5206: checking for i686-pc-linux-gnu-fl32
configure:5235: result: no
configure:5206: checking for i686-pc-linux-gnu-af77
configure:5235: result: no
configure:5206: checking for i686-pc-linux-gnu-f90
configure:5235: result: no
configure:5206: checking for i686-pc-linux-gnu-xlf90
configure:5235: result: no
configure:5206: checking for i686-pc-linux-gnu-pgf90
configure:5235: result: no
configure:5206: checking for i686-pc-linux-gnu-epcf90
configure:5235: result: no
configure:5206: checking for i686-pc-linux-gnu-f95
configure:5235: result: no
configure:5206: checking for i686-pc-linux-gnu-fort
configure:5235: result: no
configure:5206: checking for i686-pc-linux-gnu-xlf95
configure:5235: result: no
configure:5206: checking for i686-pc-linux-gnu-ifc
configure:5235: result: no
configure:5206: checking for i686-pc-linux-gnu-efc
configure:5235: result: no
configure:5206: checking for i686-pc-linux-gnu-pgf95
configure:5235: result: no
configure:5206: checking for i686-pc-linux-gnu-lf95
configure:5235: result: no
configure:5206: checking for i686-pc-linux-gnu-gfortran
configure:5235: result: no
configure:5248: checking for g77
configure:5277: result: no
configure:5248: checking for f77
configure:5277: result: no
configure:5248: checking for xlf
configure:5277: result: no
configure:5248: checking for frt
configure:5277: result: no
configure:5248: checking for pgf77
configure:5277: result: no
configure:5248: checking for fort77
configure:5277: result: no
configure:5248: checking for fl32
configure:5277: result: no
configure:5248: checking for af77
configure:5277: result: no
configure:5248: checking for f90
configure:5277: result: no
configure:5248: checking for xlf90
configure:5277: result: no
configure:5248: checking for pgf90
configure:5277: result: no
configure:5248: checking for epcf90
configure:5277: result: no
configure:5248: checking for f95
configure:5277: result: no
configure:5248: checking for fort
configure:5277: result: no
configure:5248: checking for xlf95
configure:5277: result: no
configure:5248: checking for ifc
configure:5277: result: no
configure:5248: checking for efc
configure:5277: result: no
configure:5248: checking for pgf95
configure:5277: result: no
configure:5248: checking for lf95
configure:5277: result: no
configure:5248: checking for gfortran
configure:5277: result: no
configure:5289: checking for Fortran 77 compiler version
configure:5292:  --version </dev/null >&5
../../.././sid/component/bochs/configure: line 5293: --version: command not found
configure:5295: $? = 127
configure:5297:  -v </dev/null >&5
../../.././sid/component/bochs/configure: line 5298: -v: command not found
configure:5300: $? = 127
configure:5302:  -V </dev/null >&5
../../.././sid/component/bochs/configure: line 5303: -V: command not found
configure:5305: $? = 127
configure:5313: checking whether we are using the GNU Fortran 77 compiler
configure:5359: result: no
configure:5365: checking whether  accepts -g
configure:5408: result: no
configure:5438: checking the maximum length of command line arguments
configure:5530: result: 32768
configure:5541: checking command to parse nm output from gcc object
configure:5740: result: ok
configure:5744: checking for objdir
configure:5759: result: .libs
configure:5811: checking for i686-pc-linux-gnu-ar
configure:5837: result: ar
configure:5891: checking for i686-pc-linux-gnu-ranlib
configure:5917: result: ranlib
configure:5971: checking for i686-pc-linux-gnu-strip
configure:6000: result: no
configure:6009: checking for strip
configure:6036: result: strip
configure:6323: checking if gcc static flag  works
configure:6351: result: yes
configure:6369: checking if gcc supports -fno-rtti -fno-exceptions
configure:6404: result: no
configure:6419: checking for gcc option to produce PIC
configure:6623: result: -fPIC
configure:6631: checking if gcc PIC flag -fPIC works
configure:6649: gcc -c -g -O2  -fPIC -DPIC conftest.c >&5
configure:6653: $? = 0
configure:6666: result: yes
configure:6690: checking if gcc supports -c -o file.o
configure:6737: result: yes
configure:6763: checking whether the gcc linker (ld) supports shared libraries
configure:7659: result: yes
configure:7685: checking whether -lc should be explicitly linked in
configure:7690: gcc -c -g -O2  conftest.c >&5
configure:7693: $? = 0
configure:7707: gcc -shared conftest.o  -v -Wl,-soname -Wl,conftest -o conftest 2\>\&1 \| grep  -lc  \>/dev/null 2\>\&1
configure:7710: $? = 0
configure:7722: result: no
configure:7730: checking dynamic linker characteristics
configure:8276: result: GNU/Linux ld.so
configure:8280: checking how to hardcode library paths into programs
configure:8305: result: immediate
configure:8319: checking whether stripping libraries is possible
configure:8324: result: yes
configure:9154: checking if libtool supports shared libraries
configure:9156: result: yes
configure:9159: checking whether to build shared libraries
configure:9180: result: yes
configure:9183: checking whether to build static libraries
configure:9187: result: yes
configure:9279: creating libtool
configure:9857: checking for ld used by g++
configure:9924: result: ld
configure:9933: checking if the linker (ld) is GNU ld
configure:9948: result: yes
configure:9999: checking whether the g++ linker (ld) supports shared libraries
configure:10886: result: yes
configure:10904: g++ -c -g -O2  conftest.cc >&5
configure:10907: $? = 0
configure:11003: checking for g++ option to produce PIC
configure:11271: result: -fPIC
configure:11279: checking if g++ PIC flag -fPIC works
configure:11297: g++ -c -g -O2  -fPIC -DPIC conftest.cc >&5
configure:11301: $? = 0
configure:11314: result: yes
configure:11338: checking if g++ supports -c -o file.o
configure:11385: result: yes
configure:11411: checking whether the g++ linker (ld) supports shared libraries
configure:11436: result: yes
configure:11507: checking dynamic linker characteristics
configure:12053: result: GNU/Linux ld.so
configure:12057: checking how to hardcode library paths into programs
configure:12082: result: immediate
configure:12096: checking whether stripping libraries is possible
configure:12101: result: yes
configure:19619: checking for i686-pc-linux-gnu-gcc
configure:19645: result: gcc
configure:19927: checking for C compiler version
configure:19930: gcc --version </dev/null >&5
gcc (Ubuntu/Linaro 4.5.2-8ubuntu4) 4.5.2
Copyright (C) 2010 Free Software Foundation, Inc.
This is free software; see the source for copying conditions.  There is NO
warranty; not even for MERCHANTABILITY or FITNESS FOR A PARTICULAR PURPOSE.

configure:19933: $? = 0
configure:19935: gcc -v </dev/null >&5
Using built-in specs.
COLLECT_GCC=gcc
COLLECT_LTO_WRAPPER=/usr/lib/i386-linux-gnu/gcc/i686-linux-gnu/4.5.2/lto-wrapper
Target: i686-linux-gnu
Configured with: ../src/configure -v --with-pkgversion='Ubuntu/Linaro 4.5.2-8ubuntu4' --with-bugurl=file:///usr/share/doc/gcc-4.5/README.Bugs --enable-languages=c,c++,fortran,objc,obj-c++ --prefix=/usr --program-suffix=-4.5 --enable-shared --enable-multiarch --with-multiarch-defaults=i386-linux-gnu --enable-linker-build-id --with-system-zlib --libexecdir=/usr/lib/i386-linux-gnu --without-included-gettext --enable-threads=posix --with-gxx-include-dir=/usr/include/c++/4.5 --libdir=/usr/lib/i386-linux-gnu --enable-nls --with-sysroot=/ --enable-clocale=gnu --enable-libstdcxx-debug --enable-libstdcxx-time=yes --enable-plugin --enable-gold --enable-ld=default --with-plugin-ld=ld.gold --enable-objc-gc --enable-targets=all --disable-werror --with-arch-32=i686 --with-tune=generic --enable-checking=release --build=i686-linux-gnu --host=i686-linux-gnu --target=i686-linux-gnu
Thread model: posix
gcc version 4.5.2 (Ubuntu/Linaro 4.5.2-8ubuntu4) 
configure:19938: $? = 0
configure:19940: gcc -V </dev/null >&5
gcc: '-V' option must have argument
configure:19943: $? = 1
configure:19946: checking whether we are using the GNU C compiler
configure:20002: result: yes
configure:20008: checking whether gcc accepts -g
configure:20059: result: yes
configure:20076: checking for gcc option to accept ANSI C
configure:20183: result: none needed
configure:20201: gcc -c -g -O2  conftest.c >&5
conftest.c:2:9: error: expected '=', ',', ';', 'asm' or '__attribute__' before 'me'
configure:20207: $? = 1
configure: failed program was:
| #ifndef __cplusplus
|   choke me
| #endif
configure:20342: checking dependency style of gcc
configure:20432: result: gcc3
configure:20459: checking for i686-pc-linux-gnu-g++
configure:20485: result: g++
configure:20543: checking for C++ compiler version
configure:20546: g++ --version </dev/null >&5
g++ (Ubuntu/Linaro 4.5.2-8ubuntu4) 4.5.2
Copyright (C) 2010 Free Software Foundation, Inc.
This is free software; see the source for copying conditions.  There is NO
warranty; not even for MERCHANTABILITY or FITNESS FOR A PARTICULAR PURPOSE.

configure:20549: $? = 0
configure:20551: g++ -v </dev/null >&5
Using built-in specs.
COLLECT_GCC=g++
COLLECT_LTO_WRAPPER=/usr/lib/i386-linux-gnu/gcc/i686-linux-gnu/4.5.2/lto-wrapper
Target: i686-linux-gnu
Configured with: ../src/configure -v --with-pkgversion='Ubuntu/Linaro 4.5.2-8ubuntu4' --with-bugurl=file:///usr/share/doc/gcc-4.5/README.Bugs --enable-languages=c,c++,fortran,objc,obj-c++ --prefix=/usr --program-suffix=-4.5 --enable-shared --enable-multiarch --with-multiarch-defaults=i386-linux-gnu --enable-linker-build-id --with-system-zlib --libexecdir=/usr/lib/i386-linux-gnu --without-included-gettext --enable-threads=posix --with-gxx-include-dir=/usr/include/c++/4.5 --libdir=/usr/lib/i386-linux-gnu --enable-nls --with-sysroot=/ --enable-clocale=gnu --enable-libstdcxx-debug --enable-libstdcxx-time=yes --enable-plugin --enable-gold --enable-ld=default --with-plugin-ld=ld.gold --enable-objc-gc --enable-targets=all --disable-werror --with-arch-32=i686 --with-tune=generic --enable-checking=release --build=i686-linux-gnu --host=i686-linux-gnu --target=i686-linux-gnu
Thread model: posix
gcc version 4.5.2 (Ubuntu/Linaro 4.5.2-8ubuntu4) 
configure:20554: $? = 0
configure:20556: g++ -V </dev/null >&5
g++: '-V' option must have argument
configure:20559: $? = 1
configure:20562: checking whether we are using the GNU C++ compiler
configure:20618: result: yes
configure:20624: checking whether g++ accepts -g
configure:20675: result: yes
configure:20717: g++ -c -g -O2  conftest.cc >&5
configure:20723: $? = 0
configure:20727: test -z 
			 || test ! -s conftest.err
configure:20730: $? = 0
configure:20733: test -s conftest.o
configure:20736: $? = 0
configure:20762: g++ -c -g -O2  conftest.cc >&5
configure:20768: $? = 0
configure:20772: test -z 
			 || test ! -s conftest.err
configure:20775: $? = 0
configure:20778: test -s conftest.o
configure:20781: $? = 0
configure:20806: checking dependency style of g++
configure:20896: result: gcc3
configure:20913: checking whether make sets $(MAKE)
configure:20933: result: yes
configure:20945: checking for i686-pc-linux-gnu-ranlib
configure:20971: result: ranlib
configure:21023: checking for X
configure:21253: result: libraries , headers 
configure:21425: gcc -o conftest -g -O2    conftest.c   -lX11 >&5
configure:21431: $? = 0
configure:21435: test -z 
			 || test ! -s conftest.err
configure:21438: $? = 0
configure:21441: test -s conftest
configure:21444: $? = 0
configure:21602: checking for gethostbyname
configure:21690: result: yes
configure:21841: checking for connect
configure:21929: result: yes
configure:22004: checking for remove
configure:22092: result: yes
configure:22167: checking for shmat
configure:22255: result: yes
configure:22339: checking for IceConnectionNumber in -lICE
configure:22401: result: yes
configure:22412: checking whether byte ordering is bigendian
configure:22623: result: no
configure:22642: checking for inline
configure:22694: result: inline
configure:22713: checking for unsigned char
configure:22767: result: yes
configure:22770: checking size of unsigned char
configure:23120: result: 1
configure:23127: checking for unsigned short
configure:23181: result: yes
configure:23184: checking size of unsigned short
configure:23534: result: 2
configure:23541: checking for unsigned int
configure:23595: result: yes
configure:23598: checking size of unsigned int
configure:23948: result: 4
configure:23955: checking for unsigned long
configure:24009: result: yes
configure:24012: checking size of unsigned long
configure:24362: result: 4
configure:24369: checking for unsigned long long
configure:24423: result: yes
configure:24426: checking size of unsigned long long
configure:24776: result: 8
configure:24783: checking for int *
configure:24837: result: yes
configure:24840: checking size of int *
configure:25190: result: 4
configure:25201: checking for select
configure:25289: result: yes
configure:25306: checking for snprintf
configure:25394: result: yes
configure:25411: checking for strtoull
configure:25499: result: yes
configure:25516: checking for strtouq
configure:25604: result: yes
configure:25621: checking for strdup
configure:25709: result: yes
configure:25723: checking if compiler allows empty structs
configure:25741: gcc -c -g -O2  conftest.c >&5
configure:25747: $? = 0
configure:25751: test -z 
			 || test ! -s conftest.err
configure:25754: $? = 0
configure:25757: test -s conftest.o
configure:25760: $? = 0
configure:25762: result: yes
configure:25779: checking if compiler allows __attribute__
configure:25797: gcc -c -g -O2  conftest.c >&5
configure:25803: $? = 0
configure:25807: test -z 
			 || test ! -s conftest.err
configure:25810: $? = 0
configure:25813: test -s conftest.o
configure:25816: $? = 0
configure:25818: result: yes
configure:25843: checking for hash_map.h
configure:25861: g++ -c -g -O2  conftest.cc >&5
conftest.cc:41:22: fatal error: hash_map.h: No such file or directory
compilation terminated.
configure:25867: $? = 1
configure: failed program was:
| /* confdefs.h.  */
| 
| #define PACKAGE_NAME ""
| #define PACKAGE_TARNAME ""
| #define PACKAGE_VERSION ""
| #define PACKAGE_STRING ""
| #define PACKAGE_BUGREPORT ""
| #define PACKAGE "sidcomp"
| #define VERSION "0.1"
| #define STDC_HEADERS 1
| #define HAVE_SYS_TYPES_H 1
| #define HAVE_SYS_STAT_H 1
| #define HAVE_STDLIB_H 1
| #define HAVE_STRING_H 1
| #define HAVE_MEMORY_H 1
| #define HAVE_STRINGS_H 1
| #define HAVE_INTTYPES_H 1
| #define HAVE_STDINT_H 1
| #define HAVE_UNISTD_H 1
| #define HAVE_DLFCN_H 1
| #ifdef __cplusplus
| extern "C" void exit (int) throw ();
| #endif
| #define SIZEOF_UNSIGNED_CHAR 1
| #define SIZEOF_UNSIGNED_SHORT 2
| #define SIZEOF_UNSIGNED_INT 4
| #define SIZEOF_UNSIGNED_LONG 4
| #define SIZEOF_UNSIGNED_LONG_LONG 8
| #define SIZEOF_INT_P 4
| #define HAVE_SELECT 1
| #define BX_HAVE_SELECT 1
| #define HAVE_SNPRINTF 1
| #define BX_HAVE_SNPRINTF 1
| #define HAVE_STRTOULL 1
| #define BX_HAVE_STRTOULL 1
| #define HAVE_STRTOUQ 1
| #define BX_HAVE_STRTOUQ 1
| #define HAVE_STRDUP 1
| #define BX_HAVE_STRDUP 1
| /* end confdefs.h.  */
| #include <hash_map.h>
| int
| main ()
| {
| 
|   ;
|   return 0;
| }
configure:25894: result: no
configure:25905: checking for number of processors
configure:25994: result: 1
configure:26013: checking if compiler allows blank labels
configure:26031: gcc -c -g -O2  conftest.c >&5
conftest.c: In function 'main':
conftest.c:48:4: error: label at end of compound statement
configure:26037: $? = 1
configure: failed program was:
| /* confdefs.h.  */
| 
| #define PACKAGE_NAME ""
| #define PACKAGE_TARNAME ""
| #define PACKAGE_VERSION ""
| #define PACKAGE_STRING ""
| #define PACKAGE_BUGREPORT ""
| #define PACKAGE "sidcomp"
| #define VERSION "0.1"
| #define STDC_HEADERS 1
| #define HAVE_SYS_TYPES_H 1
| #define HAVE_SYS_STAT_H 1
| #define HAVE_STDLIB_H 1
| #define HAVE_STRING_H 1
| #define HAVE_MEMORY_H 1
| #define HAVE_STRINGS_H 1
| #define HAVE_INTTYPES_H 1
| #define HAVE_STDINT_H 1
| #define HAVE_UNISTD_H 1
| #define HAVE_DLFCN_H 1
| #ifdef __cplusplus
| extern "C" void exit (int) throw ();
| #endif
| #define SIZEOF_UNSIGNED_CHAR 1
| #define SIZEOF_UNSIGNED_SHORT 2
| #define SIZEOF_UNSIGNED_INT 4
| #define SIZEOF_UNSIGNED_LONG 4
| #define SIZEOF_UNSIGNED_LONG_LONG 8
| #define SIZEOF_INT_P 4
| #define HAVE_SELECT 1
| #define BX_HAVE_SELECT 1
| #define HAVE_SNPRINTF 1
| #define BX_HAVE_SNPRINTF 1
| #define HAVE_STRTOULL 1
| #define BX_HAVE_STRTOULL 1
| #define HAVE_STRTOUQ 1
| #define BX_HAVE_STRTOUQ 1
| #define HAVE_STRDUP 1
| #define BX_HAVE_STRDUP 1
| #define BX_SMP_PROCESSORS 1
| #define BX_BOOTSTRAP_PROCESSOR 0
| #define BX_IOAPIC_DEFAULT_ID 1
| /* end confdefs.h.  */
| 
| int
| main ()
| {
|  { label1: }
|   ;
|   return 0;
| }
configure:26059: result: no
configure:26069: checking if compiler allows LL for 64-bit constants
configure:26087: gcc -c -g -O2  conftest.c >&5
configure:26093: $? = 0
configure:26097: test -z 
			 || test ! -s conftest.err
configure:26100: $? = 0
configure:26103: test -s conftest.o
configure:26106: $? = 0
configure:26108: result: yes
configure:26125: checking for cpu level
configure:26207: result: 5
configure:26225: checking for dynamic translation support
configure:26284: result: no
configure:26300: checking for APIC support
configure:26343: result: no
configure:26358: checking for split hard disk image support
configure:26380: result: yes
configure:26391: checking for NE2000 support
configure:26557: result: no
configure:26570: checking for i440FX PCI support
configure:26594: result: no
configure:26607: checking for port e9 hack
configure:26629: result: no
configure:26640: checking for use of .cpp as suffix
configure:26658: result: no
configure:26684: checking for Bochs internal debugger support
configure:26711: result: no
configure:26724: checking for disassembler support
configure:26761: result: no
configure:26774: checking whether to use readline
configure:26790: result: yes
configure:26798: checking for readline in -lreadline
configure:26860: result: no
configure:26880: checking for readline/history.h
configure:26885: result: no
configure:27027: checking for loader support
configure:27051: result: no
configure:27067: checking for instrumentation support
configure:27100: result: no
configure:27202: checking for VGA emulation
configure:27226: result: no
configure:27238: checking for FPU emulation
configure:27269: result: yes
configure:27285: checking for x86 debugger support
configure:27314: result: no
configure:27324: checking for CDROM support
configure:27356: result: no
configure:27369: checking for Sound Blaster 16 support
configure:27424: result: no
configure:27521: checking for gui library to use
configure:27666: result: none
configure:28031: checking for X11/Xos.h
configure:28036: result: yes
configure:28209: checking for gzip
configure:28239: result: /bin/gzip
configure:28248: checking for tar
configure:28278: result: /bin/tar
configure:28294: WARNING: Assuming --enable-targets=all
configure:28367: checking ARM family support
configure:28380: result: 1
configure:28383: checking X86 family support
configure:28396: result: 1
configure:28399: checking MIPS family support
configure:28412: result: 1
configure:28415: checking M32R family support
configure:28428: result: 1
configure:28431: checking M68K family support
configure:28444: result: 1
configure:28447: checking Toshiba MeP family support
configure:28460: result: 1
configure:28463: checking MT family support
configure:28476: result: 1
configure:28479: checking PPC family support
configure:28492: result: 1
configure:28495: checking SH family support
configure:28508: result: 1
configure:28511: checking SH64 family support
configure:28524: result: 1
configure:28527: checking Sanyo Xstormy16 family support
configure:28540: result: 1
configure:28767: creating ./config.status

## ---------------------- ##
## Running config.status. ##
## ---------------------- ##

This file was extended by config.status, which was
generated by GNU Autoconf 2.59.  Invocation command line was

  CONFIG_FILES    = 
  CONFIG_HEADERS  = 
  CONFIG_LINKS    = 
  CONFIG_COMMANDS = 
  $ ./config.status 

on sirio

config.status:813: creating Makefile
config.status:813: creating vga/Makefile
config.status:813: creating gui/Makefile
config.status:813: creating keyboard/Makefile
config.status:813: creating pic/Makefile
config.status:813: creating pit/Makefile
config.status:813: creating cmos/Makefile
config.status:813: creating dma/Makefile
config.status:813: creating floppy/Makefile
config.status:813: creating unmapped/Makefile
config.status:813: creating harddrv/Makefile
config.status:813: creating cpu/Makefile
config.status:813: creating cpu/memory/Makefile
config.status:813: creating cpu/fpu/Makefile
config.status:910: creating config.h
config.status:1124: config.h is unchanged
config.status:1304: executing depfiles commands

## ---------------- ##
## Cache variables. ##
## ---------------- ##

ac_cv_build=i686-pc-linux-gnu
ac_cv_build_alias=i686-pc-linux-gnu
ac_cv_c_bigendian=no
ac_cv_c_compiler_gnu=yes
ac_cv_c_const=yes
ac_cv_c_inline=inline
ac_cv_cxx_compiler_gnu=yes
ac_cv_decl_ftime=yes
ac_cv_decl_socklen_t=yes
ac_cv_decl_usleep=yes
ac_cv_env_CCC_set=
ac_cv_env_CCC_value=
ac_cv_env_CC_set=set
ac_cv_env_CC_value=gcc
ac_cv_env_CFLAGS_set=set
ac_cv_env_CFLAGS_value='-g -O2'
ac_cv_env_CPPFLAGS_set=
ac_cv_env_CPPFLAGS_value=
ac_cv_env_CPP_set=
ac_cv_env_CPP_value=
ac_cv_env_CXXCPP_set=
ac_cv_env_CXXCPP_value=
ac_cv_env_CXXFLAGS_set=set
ac_cv_env_CXXFLAGS_value='-g -O2'
ac_cv_env_CXX_set=set
ac_cv_env_CXX_value=g++
ac_cv_env_F77_set=
ac_cv_env_F77_value=
ac_cv_env_FFLAGS_set=
ac_cv_env_FFLAGS_value=
ac_cv_env_LDFLAGS_set=set
ac_cv_env_LDFLAGS_value=' '
ac_cv_env_LIBS_set=
ac_cv_env_LIBS_value=
ac_cv_env_XMKMF_set=
ac_cv_env_XMKMF_value=
ac_cv_env_build_alias_set=set
ac_cv_env_build_alias_value=i686-pc-linux-gnu
ac_cv_env_host_alias_set=set
ac_cv_env_host_alias_value=i686-pc-linux-gnu
ac_cv_env_target_alias_set=set
ac_cv_env_target_alias_value=i686-pc-linux-gnu
ac_cv_exeext=
ac_cv_f77_compiler_gnu=no
ac_cv_func_argz_append=yes
ac_cv_func_argz_create_sep=yes
ac_cv_func_argz_insert=yes
ac_cv_func_argz_next=yes
ac_cv_func_argz_stringify=yes
ac_cv_func_closedir=yes
ac_cv_func_connect=yes
ac_cv_func_ctime=yes
ac_cv_func_cygwin_conv_to_full_posix_path=no
ac_cv_func_dlerror=yes
ac_cv_func_dlopen=no
ac_cv_func_ftime=yes
ac_cv_func_gethostbyname=yes
ac_cv_func_getopt=yes
ac_cv_func_gettimeofday=yes
ac_cv_func_inet_addr=yes
ac_cv_func_inet_aton=yes
ac_cv_func_memcpy=yes
ac_cv_func_memmove=yes
ac_cv_func_opendir=yes
ac_cv_func_readdir=yes
ac_cv_func_remove=yes
ac_cv_func_sched_yield=yes
ac_cv_func_select=yes
ac_cv_func_shl_load=no
ac_cv_func_shmat=yes
ac_cv_func_snprintf=yes
ac_cv_func_strchr=yes
ac_cv_func_strcmp=yes
ac_cv_func_strdup=yes
ac_cv_func_strerror=yes
ac_cv_func_strrchr=yes
ac_cv_func_strtoul=yes
ac_cv_func_strtoull=yes
ac_cv_func_strtouq=yes
ac_cv_func_times=yes
ac_cv_func_usleep=yes
ac_cv_func_vasprintf=yes
ac_cv_func_vsnprintf=yes
ac_cv_have_x='have_x=yes 		ac_x_includes= ac_x_libraries='
ac_cv_header_X11_Xos_h=yes
ac_cv_header____ucbinclude_sys_ioctl_h=no
ac_cv_header__usr_include_curses_h=no
ac_cv_header_argz_h=yes
ac_cv_header_arpa_inet_h=yes
ac_cv_header_assert_h=yes
ac_cv_header_blt_h=no
ac_cv_header_ctype_h=yes
ac_cv_header_curses_h=no
ac_cv_header_dirent_dirent_h=yes
ac_cv_header_dirent_h=yes
ac_cv_header_dl_h=no
ac_cv_header_dld_h=no
ac_cv_header_dlfcn_h=yes
ac_cv_header_errno_h=yes
ac_cv_header_getopt_h=yes
ac_cv_header_inttypes_h=yes
ac_cv_header_mach_o_dyld_h=no
ac_cv_header_malloc_h=yes
ac_cv_header_memory_h=yes
ac_cv_header_mmsystem_h=no
ac_cv_header_netinet_in_h=yes
ac_cv_header_netinet_tcp_h=yes
ac_cv_header_readline_history_h=no
ac_cv_header_sched_h=yes
ac_cv_header_sstream=yes
ac_cv_header_stdc=yes
ac_cv_header_stdint_h=yes
ac_cv_header_stdio_h=yes
ac_cv_header_stdlib_h=yes
ac_cv_header_string_h=yes
ac_cv_header_strings_h=yes
ac_cv_header_strstream_h=no
ac_cv_header_sys_dl_h=no
ac_cv_header_sys_ioctl_h=yes
ac_cv_header_sys_socket_h=yes
ac_cv_header_sys_soundcard_h=yes
ac_cv_header_sys_stat_h=yes
ac_cv_header_sys_time_h=yes
ac_cv_header_sys_timeb_h=yes
ac_cv_header_sys_types_h=yes
ac_cv_header_tcl_h=yes
ac_cv_header_time=yes
ac_cv_header_time_h=yes
ac_cv_header_tk_h=yes
ac_cv_header_unistd_h=yes
ac_cv_header_windows_h=no
ac_cv_host=i686-pc-linux-gnu
ac_cv_host_alias=i686-pc-linux-gnu
ac_cv_lib_ICE_IceConnectionNumber=yes
ac_cv_lib_X11_XOpenDisplay=yes
ac_cv_lib_curses_refresh=no
ac_cv_lib_dl_dlopen=yes
ac_cv_lib_dld_shl_load=no
ac_cv_lib_kernel32_main=no
ac_cv_lib_m_main=yes
ac_cv_lib_ncurses_refresh=no
ac_cv_lib_nsl_gethostbyname=yes
ac_cv_lib_pthread_pthread_create=yes
ac_cv_lib_readline_readline=no
ac_cv_lib_socket_connect=no
ac_cv_lib_stdcpp_main=yes
ac_cv_lib_winmm_main=no
ac_cv_libstdcxx_shared=yes
ac_cv_objext=o
ac_cv_path_EGREP='/bin/grep -E'
ac_cv_path_GREP=/bin/grep
ac_cv_path_GZIP=/bin/gzip
ac_cv_path_TAR=/bin/tar
ac_cv_path_mkdir=/bin/mkdir
ac_cv_prog_AR=ar
ac_cv_prog_AWK=mawk
ac_cv_prog_CC=gcc
ac_cv_prog_CPP='gcc -E'
ac_cv_prog_CXX=g++
ac_cv_prog_CXXCPP='g++ -E'
ac_cv_prog_LINKS=false
ac_cv_prog_RANLIB=ranlib
ac_cv_prog_SABLOTRON=false
ac_cv_prog_XSLTPROC=true
ac_cv_prog_ac_ct_STRIP=strip
ac_cv_prog_cc_c89=
ac_cv_prog_cc_g=yes
ac_cv_prog_cc_stdc=
ac_cv_prog_cxx_g=yes
ac_cv_prog_egrep='grep -E'
ac_cv_prog_f77_g=no
ac_cv_prog_make_make_set=yes
ac_cv_search_opendir='none required'
ac_cv_sizeof_int_p=4
ac_cv_sizeof_unsigned_char=1
ac_cv_sizeof_unsigned_int=4
ac_cv_sizeof_unsigned_long=4
ac_cv_sizeof_unsigned_long_long=8
ac_cv_sizeof_unsigned_short=2
ac_cv_sys_symbol_underscore=no
ac_cv_type_error_t=yes
ac_cv_type_int_p=yes
ac_cv_type_unsigned_char=yes
ac_cv_type_unsigned_int=yes
ac_cv_type_unsigned_long=yes
ac_cv_type_unsigned_long_long=yes
ac_cv_type_unsigned_short=yes
am_cv_CC_dependencies_compiler_type=gcc3
am_cv_CXX_dependencies_compiler_type=gcc3
gcc_cv_have_decl_asprintf=yes
gcc_cv_have_decl_basename=yes
gcc_cv_have_decl_getopt=no
gcc_cv_have_decl_vasprintf=yes
libltdl_cv_lib_dl_dlopen=yes
libltdl_cv_objdir=.libs
libltdl_cv_preloaded_symbols=yes
libltdl_cv_shlibext=.so
libltdl_cv_shlibpath_var=LD_LIBRARY_PATH
libltdl_cv_sys_dlopen_deplibs=yes
libltdl_cv_sys_search_path='/lib /usr/lib /usr/lib/nvidia-current /lib/i386-linux-gnu /usr/lib/i386-linux-gnu /lib/i686-linux-gnu /usr/lib/i686-linux-gnu /usr/lib/alsa-lib /usr/local/lib /opt/prueba_sid/lib/libhexkeyboard.la '
lt_cv_deplibs_check_method=pass_all
lt_cv_dlopen=dlopen
lt_cv_dlopen_libs=-ldl
lt_cv_dlopen_self=yes
lt_cv_dlopen_self_static=yes
lt_cv_file_magic_cmd='$MAGIC_CMD'
lt_cv_file_magic_test_file=
lt_cv_ld_reload_flag=-r
lt_cv_objdir=.libs
lt_cv_path_LD=ld
lt_cv_path_LDCXX=ld
lt_cv_path_NM=nm
lt_cv_path_SED=/bin/sed
lt_cv_prog_compiler_c_o=yes
lt_cv_prog_compiler_c_o_CXX=yes
lt_cv_prog_compiler_rtti_exceptions=no
lt_cv_prog_gnu_ld=yes
lt_cv_prog_gnu_ldcxx=yes
lt_cv_sys_global_symbol_pipe='sed -n -e '\''s/^.*[ 	]\([ABCDGIRSTW][ABCDGIRSTW]*\)[ 	][ 	]*\([_A-Za-z][_A-Za-z0-9]*\)$/\1 \2 \2/p'\'''
lt_cv_sys_global_symbol_to_c_name_address='sed -n -e '\''s/^: \([^ ]*\) $/  {\"\1\", (lt_ptr) 0},/p'\'' -e '\''s/^[BCDEGRST] \([^ ]*\) \([^ ]*\)$/  {"\2", (lt_ptr) \&\2},/p'\'''
lt_cv_sys_global_symbol_to_cdecl='sed -n -e '\''s/^. .* \(.*\)$/extern int \1;/p'\'''
lt_cv_sys_max_cmd_len=32768
lt_lt_cv_prog_compiler_c_o='"yes"'
lt_lt_cv_prog_compiler_c_o_CXX='"yes"'
lt_lt_cv_sys_global_symbol_pipe='"sed -n -e '\''s/^.*[ 	]\\([ABCDGIRSTW][ABCDGIRSTW]*\\)[ 	][ 	]*\\([_A-Za-z][_A-Za-z0-9]*\\)\$/\\1 \\2 \\2/p'\''"'
lt_lt_cv_sys_global_symbol_to_c_name_address='"sed -n -e '\''s/^: \\([^ ]*\\) \$/  {\\\"\\1\\\", (lt_ptr) 0},/p'\'' -e '\''s/^[BCDEGRST] \\([^ ]*\\) \\([^ ]*\\)\$/  {\"\\2\", (lt_ptr) \\&\\2},/p'\''"'
lt_lt_cv_sys_global_symbol_to_cdecl='"sed -n -e '\''s/^. .* \\(.*\\)\$/extern int \\1;/p'\''"'
sid_cv_builtin_expect=yes
sid_cv_cctype_std=yes

## ----------------- ##
## Output variables. ##
## ----------------- ##

ACLOCAL='${SHELL} /home/adrian/_ETSIT-UPM/BECA-SimAntares/sid-1.2/src/sid/config/missing --run aclocal-1.9'
AMDEPBACKSLASH='\'
AMDEP_FALSE='#'
AMDEP_TRUE=''
AMTAR='${SHELL} /home/adrian/_ETSIT-UPM/BECA-SimAntares/sid-1.2/src/sid/config/missing --run tar'
APIC_OBJS=''
AR='ar'
AS_DYNAMIC_INCS=''
AS_DYNAMIC_OBJS=''
AUTOCONF='${SHELL} /home/adrian/_ETSIT-UPM/BECA-SimAntares/sid-1.2/src/sid/config/missing --run autoconf'
AUTOHEADER='${SHELL} /home/adrian/_ETSIT-UPM/BECA-SimAntares/sid-1.2/src/sid/config/missing --run autoheader'
AUTOMAKE='${SHELL} /home/adrian/_ETSIT-UPM/BECA-SimAntares/sid-1.2/src/sid/config/missing --run automake-1.9'
AWK='mawk'
BX_LOADER_OBJS=''
BX_SPLIT_HD_SUPPORT=''
CC='gcc'
CCDEPMODE='depmode=gcc3'
CDROM_OBJS=''
CD_UP_ONE='echo done'
CD_UP_TWO='echo done'
CFLAGS='-g -O2'
CFP=''
COMMAND_SEPARATOR='&& \'
CPP='gcc -E'
CPPFLAGS=''
CPP_SUFFIX='cc'
CXX='g++'
CXXCPP='g++ -E'
CXXDEPMODE='depmode=gcc3'
CXXFLAGS='-g -O2'
CXXFP=''
CYGPATH_W='echo'
DASH='-'
DEBUGGER_VAR=''
DEFS='-DHAVE_CONFIG_H'
DEPDIR='.deps'
DISASM_VAR=''
DYNAMIC_VAR=''
ECHO='echo'
ECHO_C=''
ECHO_N='-n'
ECHO_T=''
EGREP='grep -E'
EXE=''
EXEEXT=''
EXTERNAL_DEPENDENCY=''
F77=''
FFLAGS=''
FPU_GLUE_OBJ='$(FPU_GLUE_OBJ)'
FPU_VAR='$(FPU_LIB)'
GUI_LINK_OPTS='$(GUI_LINK_OPTS_NOGUI)'
GUI_LINK_OPTS_TERM=''
GUI_OBJS='$(GUI_OBJS_NOGUI)'
GZIP='/bin/gzip'
HAVE_XOS_HEADER_FALSE='#'
HAVE_XOS_HEADER_TRUE=''
INLINE_VAR=''
INSTALL_DATA='/usr/bin/install -c -m 644'
INSTALL_PROGRAM='/usr/bin/install -c'
INSTALL_SCRIPT='/usr/bin/install -c'
INSTALL_STRIP_PROGRAM='${SHELL} $(install_sh) -c -s'
INSTRUMENT_DIR='instrument/stubs'
INSTRUMENT_VAR=''
IOAPIC_OBJS=''
IODEV_LIB_VAR='iodev/libiodev.a'
LDFLAGS=' '
LIBOBJS=''
LIBS=''
LIBTOOL='$(SHELL) $(top_builddir)/libtool'
LINK='$(CXX) -o $@ $(CXXFLAGS)'
LN_S='ln -s'
LTLIBOBJS=''
MAINT='#'
MAINTAINER_MODE_FALSE=''
MAINTAINER_MODE_TRUE='#'
MAKEINFO='makeinfo --split-size=5000000'
MAKELIB='ar rv $@'
NE2K_OBJS=''
NONINLINE_VAR='$(NONINLINE_OBJS)'
OBJEXT='o'
OFP='-o '
PACKAGE='sidcomp'
PACKAGE_BUGREPORT=''
PACKAGE_NAME=''
PACKAGE_STRING=''
PACKAGE_TARNAME=''
PACKAGE_VERSION=''
PATH_SEPARATOR=':'
PCI_OBJ=''
PRIMARY_TARGET='bochs'
RANLIB='ranlib'
READLINE_LIB=''
RFB_LIBS=''
RMCOMMAND='rm -f '
SB16_OBJS=''
SET_MAKE=''
SHELL='/bin/sh'
SIDTARGET_ARM_FALSE='#'
SIDTARGET_ARM_TRUE=''
SIDTARGET_M32R_FALSE='#'
SIDTARGET_M32R_TRUE=''
SIDTARGET_M68K_FALSE='#'
SIDTARGET_M68K_TRUE=''
SIDTARGET_MEP_FALSE='#'
SIDTARGET_MEP_TRUE=''
SIDTARGET_MIPS_FALSE='#'
SIDTARGET_MIPS_TRUE=''
SIDTARGET_MT_FALSE='#'
SIDTARGET_MT_TRUE=''
SIDTARGET_PPC_FALSE='#'
SIDTARGET_PPC_TRUE=''
SIDTARGET_SH64_FALSE='#'
SIDTARGET_SH64_TRUE=''
SIDTARGET_SH_FALSE='#'
SIDTARGET_SH_TRUE=''
SIDTARGET_X86_FALSE='#'
SIDTARGET_X86_TRUE=''
SIDTARGET_XSTORMY16_FALSE='#'
SIDTARGET_XSTORMY16_TRUE=''
SLASH='/'
STRIP='strip'
SUFFIX_LINE='.SUFFIXES: .cc'
TAR='/bin/tar'
VERSION='0.1'
VIDEO_OBJS='$(VIDEO_OBJS_HGA)'
X_CFLAGS=''
X_EXTRA_LIBS=''
X_LIBS=''
X_PRE_LIBS=' -lSM -lICE'
ac_ct_AR=''
ac_ct_CC=''
ac_ct_CXX=''
ac_ct_F77=''
ac_ct_RANLIB=''
ac_ct_STRIP='strip'
am__fastdepCC_FALSE='#'
am__fastdepCC_TRUE=''
am__fastdepCXX_FALSE='#'
am__fastdepCXX_TRUE=''
am__include='include'
am__leading_dot='.'
am__quote=''
am__tar='${AMTAR} chof - "$$tardir"'
am__untar='${AMTAR} xf -'
bindir='${exec_prefix}/bin'
build='i686-pc-linux-gnu'
build_alias='i686-pc-linux-gnu'
build_cpu='i686'
build_os='linux-gnu'
build_vendor='pc'
datadir='${prefix}/share'
exec_prefix='${prefix}'
host='i686-pc-linux-gnu'
host_alias='i686-pc-linux-gnu'
host_cpu='i686'
host_os='linux-gnu'
host_vendor='pc'
includedir='${prefix}/include'
infodir='${prefix}/info'
install_sh='/home/adrian/_ETSIT-UPM/BECA-SimAntares/sid-1.2/src/sid/config/install-sh'
libdir='${exec_prefix}/lib'
libexecdir='${exec_prefix}/libexec'
localstatedir='${prefix}/var'
mandir='${prefix}/man'
mkdir_p='mkdir -p --'
oldincludedir='/usr/include'
prefix='/opt/sid-1.2'
program_transform_name='s,y,y,'
sbindir='${exec_prefix}/sbin'
sharedstatedir='${prefix}/com'
sidtarget_arm='1'
sidtarget_m32r='1'
sidtarget_m68k='1'
sidtarget_mep='1'
sidtarget_mips='1'
sidtarget_mt='1'
sidtarget_ppc='1'
sidtarget_sh64='1'
sidtarget_sh='1'
sidtarget_x86='1'
sidtarget_xstormy16='1'
sysconfdir='${prefix}/etc'
target_alias='i686-pc-linux-gnu'

## ----------- ##
## confdefs.h. ##
## ----------- ##

#define BX_BOOTSTRAP_PROCESSOR 0
#define BX_CPU_LEVEL 5
#define BX_CPU_LEVEL_HACKED 5
#define BX_DEBUGGER 0
#define BX_DISASM 0
#define BX_DYNAMIC_TRANSLATION 0
#define BX_HAVE_SELECT 1
#define BX_HAVE_SNPRINTF 1
#define BX_HAVE_STRDUP 1
#define BX_HAVE_STRTOULL 1
#define BX_HAVE_STRTOUQ 1
#define BX_INSTRUMENTATION 0
#define BX_IOAPIC_DEFAULT_ID 1
#define BX_NE2K_SUPPORT 0
#define BX_NO_BLANK_LABELS 1
#define BX_NUM_SIMULATORS 1
#define BX_PCI_SUPPORT 0
#define BX_PORT_E9_HACK 0
#define BX_PROVIDE_CPU_MEMORY 1
#define BX_PROVIDE_DEVICE_MODELS 0
#define BX_SIM_ID 0
#define BX_SMP_PROCESSORS 1
#define BX_SPLIT_HD_SUPPORT 1
#define BX_SUPPORT_APIC 0
#define BX_SUPPORT_CDROM 0
#define BX_SUPPORT_FPU 1
#define BX_SUPPORT_SB16 0
#define BX_SUPPORT_VGA 0
#define BX_USE_LOADER 0
#define BX_USE_SPECIFIED_TIME0 0
#define BX_WITH_NOGUI 1
#define BX_X86_DEBUGGER 0
#define HAVE_DLFCN_H 1
#define HAVE_INTTYPES_H 1
#define HAVE_MEMORY_H 1
#define HAVE_SELECT 1
#define HAVE_SNPRINTF 1
#define HAVE_STDINT_H 1
#define HAVE_STDLIB_H 1
#define HAVE_STRDUP 1
#define HAVE_STRINGS_H 1
#define HAVE_STRING_H 1
#define HAVE_STRTOULL 1
#define HAVE_STRTOUQ 1
#define HAVE_SYS_STAT_H 1
#define HAVE_SYS_TYPES_H 1
#define HAVE_UNISTD_H 1
#define HAVE_X11_XOS_H 1
#define PACKAGE "sidcomp"
#define PACKAGE_BUGREPORT ""
#define PACKAGE_NAME ""
#define PACKAGE_STRING ""
#define PACKAGE_TARNAME ""
#define PACKAGE_VERSION ""
#define SIZEOF_INT_P 4
#define SIZEOF_UNSIGNED_CHAR 1
#define SIZEOF_UNSIGNED_INT 4
#define SIZEOF_UNSIGNED_LONG 4
#define SIZEOF_UNSIGNED_LONG_LONG 8
#define SIZEOF_UNSIGNED_SHORT 2
#define STDC_HEADERS 1
#define VERSION "0.1"
#endif
#ifdef __cplusplus
extern "C" void exit (int) throw ();

configure: exit 0
