This file contains any messages produced by compilers while
running configure, to aid debugging if configure makes a mistake.

It was created by libltdl configure 1.2, which was
generated by GNU Autoconf 2.59.  Invocation command line was

  $ ../../../.././sid/component/cfgroot/libltdl/configure --cache-file=./config.cache --with-system-zlib --prefix=/opt/sid-1.2 --program-transform-name=s,y,y, --disable-option-checking --build=i686-pc-linux-gnu --host=i686-pc-linux-gnu --target=i686-pc-linux-gnu --srcdir=.././sid CC=gcc CFLAGS=-g -O2 CXXFLAGS=-g -O2 CXX=g++ LDFLAGS=  build_alias=i686-pc-linux-gnu host_alias=i686-pc-linux-gnu target_alias=i686-pc-linux-gnu --cache-file=.././config.cache --srcdir=../.././sid/component --cache-file=../.././config.cache --srcdir=../../.././sid/component/cfgroot --enable-ltdl-convenience --cache-file=../../.././config.cache --srcdir=../../../.././sid/component/cfgroot/libltdl --no-create --no-recursion

## --------- ##
## Platform. ##
## --------- ##

hostname = sirio
uname -m = i686
uname -r = 2.6.38-11-generic
uname -s = Linux
uname -v = #50-Ubuntu SMP Mon Sep 12 21:18:14 UTC 2011

/usr/bin/uname -p = unknown
/bin/uname -X     = unknown

/bin/arch              = unknown
/usr/bin/arch -k       = unknown
/usr/convex/getsysinfo = unknown
hostinfo               = unknown
/bin/machine           = unknown
/usr/bin/oslevel       = unknown
/bin/universe          = unknown

PATH: /home/adrian/CodeSourcery/Sourcery_G++_Lite/bin
PATH: /usr/matlab/bin
PATH: /home/adrian/.codeSourcery(uCLinux)/bin
PATH: /usr/local/bin
PATH: /usr/bin
PATH: /bin


## ----------- ##
## Core tests. ##
## ----------- ##

configure:1417: loading cache ../../.././config.cache
configure:1580: checking for a BSD-compatible install
configure:1635: result: /usr/bin/install -c
configure:1646: checking whether build environment is sane
configure:1689: result: yes
configure:1754: checking for gawk
configure:1780: result: mawk
configure:1790: checking whether make sets $(MAKE)
configure:1810: result: yes
configure:1984: checking for i686-pc-linux-gnu-gcc
configure:2010: result: gcc
configure:2292: checking for C compiler version
configure:2295: gcc --version </dev/null >&5
gcc (Ubuntu/Linaro 4.5.2-8ubuntu4) 4.5.2
Copyright (C) 2010 Free Software Foundation, Inc.
This is free software; see the source for copying conditions.  There is NO
warranty; not even for MERCHANTABILITY or FITNESS FOR A PARTICULAR PURPOSE.

configure:2298: $? = 0
configure:2300: gcc -v </dev/null >&5
Using built-in specs.
COLLECT_GCC=gcc
COLLECT_LTO_WRAPPER=/usr/lib/i386-linux-gnu/gcc/i686-linux-gnu/4.5.2/lto-wrapper
Target: i686-linux-gnu
Configured with: ../src/configure -v --with-pkgversion='Ubuntu/Linaro 4.5.2-8ubuntu4' --with-bugurl=file:///usr/share/doc/gcc-4.5/README.Bugs --enable-languages=c,c++,fortran,objc,obj-c++ --prefix=/usr --program-suffix=-4.5 --enable-shared --enable-multiarch --with-multiarch-defaults=i386-linux-gnu --enable-linker-build-id --with-system-zlib --libexecdir=/usr/lib/i386-linux-gnu --without-included-gettext --enable-threads=posix --with-gxx-include-dir=/usr/include/c++/4.5 --libdir=/usr/lib/i386-linux-gnu --enable-nls --with-sysroot=/ --enable-clocale=gnu --enable-libstdcxx-debug --enable-libstdcxx-time=yes --enable-plugin --enable-gold --enable-ld=default --with-plugin-ld=ld.gold --enable-objc-gc --enable-targets=all --disable-werror --with-arch-32=i686 --with-tune=generic --enable-checking=release --build=i686-linux-gnu --host=i686-linux-gnu --target=i686-linux-gnu
Thread model: posix
gcc version 4.5.2 (Ubuntu/Linaro 4.5.2-8ubuntu4) 
configure:2303: $? = 0
configure:2305: gcc -V </dev/null >&5
gcc: '-V' option must have argument
configure:2308: $? = 1
configure:2331: checking for C compiler default output file name
configure:2334: gcc -g -O2    conftest.c  >&5
configure:2337: $? = 0
configure:2383: result: a.out
configure:2388: checking whether the C compiler works
configure:2394: ./a.out
configure:2397: $? = 0
configure:2414: result: yes
configure:2421: checking whether we are cross compiling
configure:2423: result: no
configure:2426: checking for suffix of executables
configure:2428: gcc -o conftest -g -O2    conftest.c  >&5
configure:2431: $? = 0
configure:2456: result: 
configure:2462: checking for suffix of object files
configure:2508: result: o
configure:2512: checking whether we are using the GNU C compiler
configure:2568: result: yes
configure:2574: checking whether gcc accepts -g
configure:2625: result: yes
configure:2642: checking for gcc option to accept ANSI C
configure:2749: result: none needed
configure:2767: gcc -c -g -O2  conftest.c >&5
conftest.c:2:9: error: expected '=', ',', ';', 'asm' or '__attribute__' before 'me'
configure:2773: $? = 1
configure: failed program was:
| #ifndef __cplusplus
|   choke me
| #endif
configure:2917: checking for style of include used by make
configure:2945: result: GNU
configure:2973: checking dependency style of gcc
configure:3063: result: gcc3
configure:3081: checking for an ANSI C-conforming const
configure:3178: result: yes
configure:3188: checking for inline
configure:3240: result: inline
configure:3344: checking build system type
configure:3362: result: i686-pc-linux-gnu
configure:3370: checking host system type
configure:3384: result: i686-pc-linux-gnu
configure:3392: checking for a sed that does not truncate output
configure:3446: result: /bin/sed
configure:3449: checking for egrep
configure:3459: result: grep -E
configure:3475: checking for ld used by gcc
configure:3542: result: ld
configure:3551: checking if the linker (ld) is GNU ld
configure:3566: result: yes
configure:3571: checking for ld option to reload object files
configure:3578: result: -r
configure:3596: checking for BSD-compatible nm
configure:3638: result: nm
configure:3642: checking whether ln -s works
configure:3646: result: yes
configure:3653: checking how to recognise dependent libraries
configure:3825: result: pass_all
configure:4280: checking how to run the C preprocessor
configure:4398: result: gcc -E
configure:4422: gcc -E  conftest.c
configure:4428: $? = 0
configure:4460: gcc -E  conftest.c
conftest.c:9:28: fatal error: ac_nonexistent.h: No such file or directory
compilation terminated.
configure:4466: $? = 1
configure: failed program was:
| /* confdefs.h.  */
| 
| #define PACKAGE_NAME "libltdl"
| #define PACKAGE_TARNAME "libltdl"
| #define PACKAGE_VERSION "1.2"
| #define PACKAGE_STRING "libltdl 1.2"
| #define PACKAGE_BUGREPORT "bug-libtool@gnu.org"
| /* end confdefs.h.  */
| #include <ac_nonexistent.h>
configure:4510: checking for ANSI C header files
configure:4666: result: yes
configure:4690: checking for sys/types.h
configure:4736: result: yes
configure:4690: checking for sys/stat.h
configure:4736: result: yes
configure:4690: checking for stdlib.h
configure:4736: result: yes
configure:4690: checking for string.h
configure:4736: result: yes
configure:4690: checking for memory.h
configure:4736: result: yes
configure:4690: checking for strings.h
configure:4736: result: yes
configure:4690: checking for inttypes.h
configure:4736: result: yes
configure:4690: checking for stdint.h
configure:4736: result: yes
configure:4690: checking for unistd.h
configure:4736: result: yes
configure:4753: checking for dlfcn.h
configure:4758: result: yes
configure:4908: checking for i686-pc-linux-gnu-g++
configure:4934: result: g++
configure:4992: checking for C++ compiler version
configure:4995: g++ --version </dev/null >&5
g++ (Ubuntu/Linaro 4.5.2-8ubuntu4) 4.5.2
Copyright (C) 2010 Free Software Foundation, Inc.
This is free software; see the source for copying conditions.  There is NO
warranty; not even for MERCHANTABILITY or FITNESS FOR A PARTICULAR PURPOSE.

configure:4998: $? = 0
configure:5000: g++ -v </dev/null >&5
Using built-in specs.
COLLECT_GCC=g++
COLLECT_LTO_WRAPPER=/usr/lib/i386-linux-gnu/gcc/i686-linux-gnu/4.5.2/lto-wrapper
Target: i686-linux-gnu
Configured with: ../src/configure -v --with-pkgversion='Ubuntu/Linaro 4.5.2-8ubuntu4' --with-bugurl=file:///usr/share/doc/gcc-4.5/README.Bugs --enable-languages=c,c++,fortran,objc,obj-c++ --prefix=/usr --program-suffix=-4.5 --enable-shared --enable-multiarch --with-multiarch-defaults=i386-linux-gnu --enable-linker-build-id --with-system-zlib --libexecdir=/usr/lib/i386-linux-gnu --without-included-gettext --enable-threads=posix --with-gxx-include-dir=/usr/include/c++/4.5 --libdir=/usr/lib/i386-linux-gnu --enable-nls --with-sysroot=/ --enable-clocale=gnu --enable-libstdcxx-debug --enable-libstdcxx-time=yes --enable-plugin --enable-gold --enable-ld=default --with-plugin-ld=ld.gold --enable-objc-gc --enable-targets=all --disable-werror --with-arch-32=i686 --with-tune=generic --enable-checking=release --build=i686-linux-gnu --host=i686-linux-gnu --target=i686-linux-gnu
Thread model: posix
gcc version 4.5.2 (Ubuntu/Linaro 4.5.2-8ubuntu4) 
configure:5003: $? = 0
configure:5005: g++ -V </dev/null >&5
g++: '-V' option must have argument
configure:5008: $? = 1
configure:5011: checking whether we are using the GNU C++ compiler
configure:5067: result: yes
configure:5073: checking whether g++ accepts -g
configure:5124: result: yes
configure:5166: g++ -c -g -O2  conftest.cc >&5
configure:5172: $? = 0
configure:5176: test -z 
			 || test ! -s conftest.err
configure:5179: $? = 0
configure:5182: test -s conftest.o
configure:5185: $? = 0
configure:5211: g++ -c -g -O2  conftest.cc >&5
conftest.cc: In function 'int main()':
conftest.cc:24:9: error: 'exit' was not declared in this scope
configure:5217: $? = 1
configure: failed program was:
| /* confdefs.h.  */
| 
| #define PACKAGE_NAME "libltdl"
| #define PACKAGE_TARNAME "libltdl"
| #define PACKAGE_VERSION "1.2"
| #define PACKAGE_STRING "libltdl 1.2"
| #define PACKAGE_BUGREPORT "bug-libtool@gnu.org"
| #define STDC_HEADERS 1
| #define HAVE_SYS_TYPES_H 1
| #define HAVE_SYS_STAT_H 1
| #define HAVE_STDLIB_H 1
| #define HAVE_STRING_H 1
| #define HAVE_MEMORY_H 1
| #define HAVE_STRINGS_H 1
| #define HAVE_INTTYPES_H 1
| #define HAVE_STDINT_H 1
| #define HAVE_UNISTD_H 1
| #define HAVE_DLFCN_H 1
| /* end confdefs.h.  */
| 
| int
| main ()
| {
| exit (42);
|   ;
|   return 0;
| }
configure:5166: g++ -c -g -O2  conftest.cc >&5
conftest.cc:20:40: error: 'void std::exit(int)' should have been declared inside 'std'
configure:5172: $? = 1
configure: failed program was:
| /* confdefs.h.  */
| 
| #define PACKAGE_NAME "libltdl"
| #define PACKAGE_TARNAME "libltdl"
| #define PACKAGE_VERSION "1.2"
| #define PACKAGE_STRING "libltdl 1.2"
| #define PACKAGE_BUGREPORT "bug-libtool@gnu.org"
| #define STDC_HEADERS 1
| #define HAVE_SYS_TYPES_H 1
| #define HAVE_SYS_STAT_H 1
| #define HAVE_STDLIB_H 1
| #define HAVE_STRING_H 1
| #define HAVE_MEMORY_H 1
| #define HAVE_STRINGS_H 1
| #define HAVE_INTTYPES_H 1
| #define HAVE_STDINT_H 1
| #define HAVE_UNISTD_H 1
| #define HAVE_DLFCN_H 1
| /* end confdefs.h.  */
| extern "C" void std::exit (int) throw (); using std::exit;
| #include <stdlib.h>
| int
| main ()
| {
| exit (42);
|   ;
|   return 0;
| }
configure:5166: g++ -c -g -O2  conftest.cc >&5
conftest.cc:20:31: error: 'void std::exit(int)' should have been declared inside 'std'
In file included from conftest.cc:21:0:
/usr/include/stdlib.h:544:70: error: declaration of 'void std::exit(int) throw ()' throws different exceptions
conftest.cc:20:17: error: from previous declaration 'void std::exit(int)'
configure:5172: $? = 1
configure: failed program was:
| /* confdefs.h.  */
| 
| #define PACKAGE_NAME "libltdl"
| #define PACKAGE_TARNAME "libltdl"
| #define PACKAGE_VERSION "1.2"
| #define PACKAGE_STRING "libltdl 1.2"
| #define PACKAGE_BUGREPORT "bug-libtool@gnu.org"
| #define STDC_HEADERS 1
| #define HAVE_SYS_TYPES_H 1
| #define HAVE_SYS_STAT_H 1
| #define HAVE_STDLIB_H 1
| #define HAVE_STRING_H 1
| #define HAVE_MEMORY_H 1
| #define HAVE_STRINGS_H 1
| #define HAVE_INTTYPES_H 1
| #define HAVE_STDINT_H 1
| #define HAVE_UNISTD_H 1
| #define HAVE_DLFCN_H 1
| /* end confdefs.h.  */
| extern "C" void std::exit (int); using std::exit;
| #include <stdlib.h>
| int
| main ()
| {
| exit (42);
|   ;
|   return 0;
| }
configure:5166: g++ -c -g -O2  conftest.cc >&5
configure:5172: $? = 0
configure:5176: test -z 
			 || test ! -s conftest.err
configure:5179: $? = 0
configure:5182: test -s conftest.o
configure:5185: $? = 0
configure:5211: g++ -c -g -O2  conftest.cc >&5
configure:5217: $? = 0
configure:5221: test -z 
			 || test ! -s conftest.err
configure:5224: $? = 0
configure:5227: test -s conftest.o
configure:5230: $? = 0
configure:5255: checking dependency style of g++
configure:5345: result: gcc3
configure:5372: checking how to run the C++ preprocessor
configure:5486: result: g++ -E
configure:5510: g++ -E  conftest.cc
configure:5516: $? = 0
configure:5548: g++ -E  conftest.cc
conftest.cc:23:28: fatal error: ac_nonexistent.h: No such file or directory
compilation terminated.
configure:5554: $? = 1
configure: failed program was:
| /* confdefs.h.  */
| 
| #define PACKAGE_NAME "libltdl"
| #define PACKAGE_TARNAME "libltdl"
| #define PACKAGE_VERSION "1.2"
| #define PACKAGE_STRING "libltdl 1.2"
| #define PACKAGE_BUGREPORT "bug-libtool@gnu.org"
| #define STDC_HEADERS 1
| #define HAVE_SYS_TYPES_H 1
| #define HAVE_SYS_STAT_H 1
| #define HAVE_STDLIB_H 1
| #define HAVE_STRING_H 1
| #define HAVE_MEMORY_H 1
| #define HAVE_STRINGS_H 1
| #define HAVE_INTTYPES_H 1
| #define HAVE_STDINT_H 1
| #define HAVE_UNISTD_H 1
| #define HAVE_DLFCN_H 1
| #ifdef __cplusplus
| extern "C" void exit (int) throw ();
| #endif
| /* end confdefs.h.  */
| #include <ac_nonexistent.h>
configure:5609: checking for i686-pc-linux-gnu-g77
configure:5638: result: no
configure:5609: checking for i686-pc-linux-gnu-f77
configure:5638: result: no
configure:5609: checking for i686-pc-linux-gnu-xlf
configure:5638: result: no
configure:5609: checking for i686-pc-linux-gnu-frt
configure:5638: result: no
configure:5609: checking for i686-pc-linux-gnu-pgf77
configure:5638: result: no
configure:5609: checking for i686-pc-linux-gnu-fort77
configure:5638: result: no
configure:5609: checking for i686-pc-linux-gnu-fl32
configure:5638: result: no
configure:5609: checking for i686-pc-linux-gnu-af77
configure:5638: result: no
configure:5609: checking for i686-pc-linux-gnu-f90
configure:5638: result: no
configure:5609: checking for i686-pc-linux-gnu-xlf90
configure:5638: result: no
configure:5609: checking for i686-pc-linux-gnu-pgf90
configure:5638: result: no
configure:5609: checking for i686-pc-linux-gnu-epcf90
configure:5638: result: no
configure:5609: checking for i686-pc-linux-gnu-f95
configure:5638: result: no
configure:5609: checking for i686-pc-linux-gnu-fort
configure:5638: result: no
configure:5609: checking for i686-pc-linux-gnu-xlf95
configure:5638: result: no
configure:5609: checking for i686-pc-linux-gnu-ifc
configure:5638: result: no
configure:5609: checking for i686-pc-linux-gnu-efc
configure:5638: result: no
configure:5609: checking for i686-pc-linux-gnu-pgf95
configure:5638: result: no
configure:5609: checking for i686-pc-linux-gnu-lf95
configure:5638: result: no
configure:5609: checking for i686-pc-linux-gnu-gfortran
configure:5638: result: no
configure:5651: checking for g77
configure:5680: result: no
configure:5651: checking for f77
configure:5680: result: no
configure:5651: checking for xlf
configure:5680: result: no
configure:5651: checking for frt
configure:5680: result: no
configure:5651: checking for pgf77
configure:5680: result: no
configure:5651: checking for fort77
configure:5680: result: no
configure:5651: checking for fl32
configure:5680: result: no
configure:5651: checking for af77
configure:5680: result: no
configure:5651: checking for f90
configure:5680: result: no
configure:5651: checking for xlf90
configure:5680: result: no
configure:5651: checking for pgf90
configure:5680: result: no
configure:5651: checking for epcf90
configure:5680: result: no
configure:5651: checking for f95
configure:5680: result: no
configure:5651: checking for fort
configure:5680: result: no
configure:5651: checking for xlf95
configure:5680: result: no
configure:5651: checking for ifc
configure:5680: result: no
configure:5651: checking for efc
configure:5680: result: no
configure:5651: checking for pgf95
configure:5680: result: no
configure:5651: checking for lf95
configure:5680: result: no
configure:5651: checking for gfortran
configure:5680: result: no
configure:5692: checking for Fortran 77 compiler version
configure:5695:  --version </dev/null >&5
../../../.././sid/component/cfgroot/libltdl/configure: line 5696: --version: command not found
configure:5698: $? = 127
configure:5700:  -v </dev/null >&5
../../../.././sid/component/cfgroot/libltdl/configure: line 5701: -v: command not found
configure:5703: $? = 127
configure:5705:  -V </dev/null >&5
../../../.././sid/component/cfgroot/libltdl/configure: line 5706: -V: command not found
configure:5708: $? = 127
configure:5716: checking whether we are using the GNU Fortran 77 compiler
configure:5762: result: no
configure:5768: checking whether  accepts -g
configure:5811: result: no
configure:5841: checking the maximum length of command line arguments
configure:5933: result: 32768
configure:5944: checking command to parse nm output from gcc object
configure:6143: result: ok
configure:6147: checking for objdir
configure:6162: result: .libs
configure:6214: checking for i686-pc-linux-gnu-ar
configure:6240: result: ar
configure:6294: checking for i686-pc-linux-gnu-ranlib
configure:6320: result: ranlib
configure:6374: checking for i686-pc-linux-gnu-strip
configure:6400: result: strip
configure:6726: checking if gcc static flag  works
configure:6754: result: yes
configure:6776: checking if gcc supports -fno-rtti -fno-exceptions
configure:6811: result: no
configure:6826: checking for gcc option to produce PIC
configure:7030: result: -fPIC
configure:7038: checking if gcc PIC flag -fPIC works
configure:7056: gcc -c -g -O2  -fPIC -DPIC conftest.c >&5
configure:7060: $? = 0
configure:7073: result: yes
configure:7097: checking if gcc supports -c -o file.o
configure:7144: result: yes
configure:7170: checking whether the gcc linker (ld) supports shared libraries
configure:8066: result: yes
configure:8092: checking whether -lc should be explicitly linked in
configure:8097: gcc -c -g -O2  conftest.c >&5
configure:8100: $? = 0
configure:8114: gcc -shared conftest.o  -v -Wl,-soname -Wl,conftest -o conftest 2\>\&1 \| grep  -lc  \>/dev/null 2\>\&1
configure:8117: $? = 0
configure:8129: result: no
configure:8137: checking dynamic linker characteristics
configure:8683: result: GNU/Linux ld.so
configure:8687: checking how to hardcode library paths into programs
configure:8712: result: immediate
configure:8726: checking whether stripping libraries is possible
configure:8731: result: yes
configure:9561: checking if libtool supports shared libraries
configure:9563: result: yes
configure:9566: checking whether to build shared libraries
configure:9587: result: yes
configure:9590: checking whether to build static libraries
configure:9594: result: yes
configure:9686: creating libtool
configure:10264: checking for ld used by g++
configure:10331: result: ld
configure:10340: checking if the linker (ld) is GNU ld
configure:10355: result: yes
configure:10406: checking whether the g++ linker (ld) supports shared libraries
configure:11293: result: yes
configure:11315: g++ -c -g -O2  conftest.cc >&5
configure:11318: $? = 0
configure:11414: checking for g++ option to produce PIC
configure:11682: result: -fPIC
configure:11690: checking if g++ PIC flag -fPIC works
configure:11708: g++ -c -g -O2  -fPIC -DPIC conftest.cc >&5
configure:11712: $? = 0
configure:11725: result: yes
configure:11749: checking if g++ supports -c -o file.o
configure:11796: result: yes
configure:11822: checking whether the g++ linker (ld) supports shared libraries
configure:11847: result: yes
configure:11918: checking dynamic linker characteristics
configure:12464: result: GNU/Linux ld.so
configure:12468: checking how to hardcode library paths into programs
configure:12493: result: immediate
configure:12507: checking whether stripping libraries is possible
configure:12512: result: yes
configure:20032: checking for dirent.h that defines DIR
configure:20086: result: yes
configure:20099: checking for library containing opendir
configure:20218: result: none required
configure:20382: checking which extension is used for loadable modules
configure:20392: result: .so
configure:20403: checking which variable specifies run-time library path
configure:20410: result: LD_LIBRARY_PATH
configure:20421: checking for the default library search path
configure:20428: result: /lib /usr/lib /usr/lib/nvidia-current /lib/i386-linux-gnu /usr/lib/i386-linux-gnu /lib/i686-linux-gnu /usr/lib/i686-linux-gnu /usr/lib/alsa-lib /usr/local/lib /opt/prueba_sid/lib/libhexkeyboard.la 
configure:20446: checking for objdir
configure:20467: result: .libs
configure:20476: checking whether libtool supports -dlopen/-dlpreopen
configure:20488: result: yes
configure:20507: checking for shl_load
configure:20595: result: no
configure:20604: checking for shl_load in -ldld
configure:20666: result: no
configure:20676: checking for dlopen in -ldl
configure:20738: result: yes
configure:21067: checking for dlerror
configure:21155: result: yes
configure:21175: checking for _ prefix in compiled symbols
configure:21217: result: no
configure:21335: checking whether deplibs are loaded by dlopen
configure:21410: result: yes
configure:21425: checking for argz.h
configure:21430: result: yes
configure:21571: checking for error_t
configure:21628: result: yes
configure:21654: checking for argz_append
configure:21742: result: yes
configure:21654: checking for argz_create_sep
configure:21742: result: yes
configure:21654: checking for argz_insert
configure:21742: result: yes
configure:21654: checking for argz_next
configure:21742: result: yes
configure:21654: checking for argz_stringify
configure:21742: result: yes
configure:21784: checking for assert.h
configure:21789: result: yes
configure:21784: checking for ctype.h
configure:21789: result: yes
configure:21784: checking for errno.h
configure:21789: result: yes
configure:21784: checking for malloc.h
configure:21789: result: yes
configure:21784: checking for memory.h
configure:21789: result: yes
configure:21784: checking for stdlib.h
configure:21789: result: yes
configure:21784: checking for stdio.h
configure:21789: result: yes
configure:21784: checking for unistd.h
configure:21789: result: yes
configure:21937: checking for dl.h
configure:21942: result: no
configure:21937: checking for sys/dl.h
configure:21942: result: no
configure:21937: checking for dld.h
configure:21942: result: no
configure:21937: checking for mach-o/dyld.h
configure:21942: result: no
configure:22088: checking for string.h
configure:22093: result: yes
configure:22239: checking for strchr
configure:22327: result: yes
configure:22342: checking for strrchr
configure:22430: result: yes
configure:22445: checking for memcpy
configure:22533: result: yes
configure:22548: checking for memmove
configure:22636: result: yes
configure:22548: checking for strcmp
configure:22636: result: yes
configure:22652: checking for closedir
configure:22740: result: yes
configure:22652: checking for opendir
configure:22740: result: yes
configure:22652: checking for readdir
configure:22740: result: yes
configure:22888: creating ./config.status

## ---------------- ##
## Cache variables. ##
## ---------------- ##

ac_cv_build=i686-pc-linux-gnu
ac_cv_build_alias=i686-pc-linux-gnu
ac_cv_c_bigendian=no
ac_cv_c_compiler_gnu=yes
ac_cv_c_const=yes
ac_cv_c_inline=inline
ac_cv_cxx_compiler_gnu=yes
ac_cv_decl_ftime=yes
ac_cv_decl_socklen_t=yes
ac_cv_decl_usleep=yes
ac_cv_env_CCC_set=
ac_cv_env_CCC_value=
ac_cv_env_CC_set=set
ac_cv_env_CC_value=gcc
ac_cv_env_CFLAGS_set=set
ac_cv_env_CFLAGS_value='-g -O2'
ac_cv_env_CPPFLAGS_set=
ac_cv_env_CPPFLAGS_value=
ac_cv_env_CPP_set=
ac_cv_env_CPP_value=
ac_cv_env_CXXCPP_set=
ac_cv_env_CXXCPP_value=
ac_cv_env_CXXFLAGS_set=set
ac_cv_env_CXXFLAGS_value='-g -O2'
ac_cv_env_CXX_set=set
ac_cv_env_CXX_value=g++
ac_cv_env_F77_set=
ac_cv_env_F77_value=
ac_cv_env_FFLAGS_set=
ac_cv_env_FFLAGS_value=
ac_cv_env_LDFLAGS_set=set
ac_cv_env_LDFLAGS_value=' '
ac_cv_env_LIBS_set=
ac_cv_env_LIBS_value=
ac_cv_env_XMKMF_set=
ac_cv_env_XMKMF_value=
ac_cv_env_build_alias_set=set
ac_cv_env_build_alias_value=i686-pc-linux-gnu
ac_cv_env_host_alias_set=set
ac_cv_env_host_alias_value=i686-pc-linux-gnu
ac_cv_env_target_alias_set=set
ac_cv_env_target_alias_value=i686-pc-linux-gnu
ac_cv_exeext=
ac_cv_f77_compiler_gnu=no
ac_cv_func_argz_append=yes
ac_cv_func_argz_create_sep=yes
ac_cv_func_argz_insert=yes
ac_cv_func_argz_next=yes
ac_cv_func_argz_stringify=yes
ac_cv_func_closedir=yes
ac_cv_func_connect=yes
ac_cv_func_ctime=yes
ac_cv_func_cygwin_conv_to_full_posix_path=no
ac_cv_func_dlerror=yes
ac_cv_func_dlopen=no
ac_cv_func_ftime=yes
ac_cv_func_gethostbyname=yes
ac_cv_func_getopt=yes
ac_cv_func_gettimeofday=yes
ac_cv_func_inet_addr=yes
ac_cv_func_inet_aton=yes
ac_cv_func_memcpy=yes
ac_cv_func_memmove=yes
ac_cv_func_opendir=yes
ac_cv_func_readdir=yes
ac_cv_func_remove=yes
ac_cv_func_sched_yield=yes
ac_cv_func_select=yes
ac_cv_func_shl_load=no
ac_cv_func_shmat=yes
ac_cv_func_snprintf=yes
ac_cv_func_strchr=yes
ac_cv_func_strcmp=yes
ac_cv_func_strdup=yes
ac_cv_func_strerror=yes
ac_cv_func_strrchr=yes
ac_cv_func_strtoul=yes
ac_cv_func_strtoull=yes
ac_cv_func_strtouq=yes
ac_cv_func_times=yes
ac_cv_func_usleep=yes
ac_cv_func_vasprintf=yes
ac_cv_func_vsnprintf=yes
ac_cv_have_x='have_x=yes	ac_x_includes='\'''\''	ac_x_libraries='\'''\'''
ac_cv_header_X11_Xos_h=yes
ac_cv_header____ucbinclude_sys_ioctl_h=no
ac_cv_header__usr_include_curses_h=no
ac_cv_header_argz_h=yes
ac_cv_header_arpa_inet_h=yes
ac_cv_header_assert_h=yes
ac_cv_header_blt_h=no
ac_cv_header_ctype_h=yes
ac_cv_header_curses_h=no
ac_cv_header_dirent_dirent_h=yes
ac_cv_header_dirent_h=yes
ac_cv_header_dl_h=no
ac_cv_header_dld_h=no
ac_cv_header_dlfcn_h=yes
ac_cv_header_errno_h=yes
ac_cv_header_getopt_h=yes
ac_cv_header_inttypes_h=yes
ac_cv_header_mach_o_dyld_h=no
ac_cv_header_malloc_h=yes
ac_cv_header_memory_h=yes
ac_cv_header_mmsystem_h=no
ac_cv_header_netinet_in_h=yes
ac_cv_header_netinet_tcp_h=yes
ac_cv_header_readline_history_h=no
ac_cv_header_sched_h=yes
ac_cv_header_sstream=yes
ac_cv_header_stdc=yes
ac_cv_header_stdint_h=yes
ac_cv_header_stdio_h=yes
ac_cv_header_stdlib_h=yes
ac_cv_header_string_h=yes
ac_cv_header_strings_h=yes
ac_cv_header_strstream_h=no
ac_cv_header_sys_dl_h=no
ac_cv_header_sys_ioctl_h=yes
ac_cv_header_sys_socket_h=yes
ac_cv_header_sys_soundcard_h=yes
ac_cv_header_sys_stat_h=yes
ac_cv_header_sys_time_h=yes
ac_cv_header_sys_timeb_h=yes
ac_cv_header_sys_types_h=yes
ac_cv_header_tcl_h=yes
ac_cv_header_time=yes
ac_cv_header_time_h=yes
ac_cv_header_tk_h=yes
ac_cv_header_unistd_h=yes
ac_cv_header_windows_h=no
ac_cv_host=i686-pc-linux-gnu
ac_cv_host_alias=i686-pc-linux-gnu
ac_cv_lib_ICE_IceConnectionNumber=yes
ac_cv_lib_X11_XOpenDisplay=yes
ac_cv_lib_curses_refresh=no
ac_cv_lib_dl_dlopen=yes
ac_cv_lib_dld_shl_load=no
ac_cv_lib_kernel32_main=no
ac_cv_lib_m_main=yes
ac_cv_lib_ncurses_refresh=no
ac_cv_lib_nsl_gethostbyname=yes
ac_cv_lib_pthread_pthread_create=yes
ac_cv_lib_readline_readline=no
ac_cv_lib_socket_connect=no
ac_cv_lib_stdcpp_main=yes
ac_cv_lib_winmm_main=no
ac_cv_libstdcxx_shared=yes
ac_cv_objext=o
ac_cv_path_EGREP='/bin/grep -E'
ac_cv_path_GREP=/bin/grep
ac_cv_path_GZIP=/bin/gzip
ac_cv_path_TAR=/bin/tar
ac_cv_path_mkdir=/bin/mkdir
ac_cv_prog_AR=ar
ac_cv_prog_AWK=mawk
ac_cv_prog_CC=gcc
ac_cv_prog_CPP='gcc -E'
ac_cv_prog_CXX=g++
ac_cv_prog_CXXCPP='g++ -E'
ac_cv_prog_LINKS=false
ac_cv_prog_RANLIB=ranlib
ac_cv_prog_SABLOTRON=false
ac_cv_prog_STRIP=strip
ac_cv_prog_XSLTPROC=true
ac_cv_prog_ac_ct_STRIP=strip
ac_cv_prog_cc_c89=
ac_cv_prog_cc_g=yes
ac_cv_prog_cc_stdc=
ac_cv_prog_cxx_g=yes
ac_cv_prog_egrep='grep -E'
ac_cv_prog_f77_g=no
ac_cv_prog_make_make_set=yes
ac_cv_search_opendir='none required'
ac_cv_sizeof_int_p=4
ac_cv_sizeof_unsigned_char=1
ac_cv_sizeof_unsigned_int=4
ac_cv_sizeof_unsigned_long=4
ac_cv_sizeof_unsigned_long_long=8
ac_cv_sizeof_unsigned_short=2
ac_cv_sys_symbol_underscore=no
ac_cv_type_error_t=yes
ac_cv_type_int_p=yes
ac_cv_type_unsigned_char=yes
ac_cv_type_unsigned_int=yes
ac_cv_type_unsigned_long=yes
ac_cv_type_unsigned_long_long=yes
ac_cv_type_unsigned_short=yes
am_cv_CC_dependencies_compiler_type=gcc3
am_cv_CXX_dependencies_compiler_type=gcc3
gcc_cv_have_decl_asprintf=yes
gcc_cv_have_decl_basename=yes
gcc_cv_have_decl_getopt=no
gcc_cv_have_decl_vasprintf=yes
libltdl_cv_lib_dl_dlopen=yes
libltdl_cv_objdir=.libs
libltdl_cv_preloaded_symbols=yes
libltdl_cv_shlibext=.so
libltdl_cv_shlibpath_var=LD_LIBRARY_PATH
libltdl_cv_sys_dlopen_deplibs=yes
libltdl_cv_sys_search_path='/lib /usr/lib /usr/lib/nvidia-current /lib/i386-linux-gnu /usr/lib/i386-linux-gnu /lib/i686-linux-gnu /usr/lib/i686-linux-gnu /usr/lib/alsa-lib /usr/local/lib /opt/prueba_sid/lib/libhexkeyboard.la '
lt_cv_deplibs_check_method=pass_all
lt_cv_dlopen=dlopen
lt_cv_dlopen_libs=-ldl
lt_cv_dlopen_self=yes
lt_cv_dlopen_self_static=yes
lt_cv_file_magic_cmd='$MAGIC_CMD'
lt_cv_file_magic_test_file=
lt_cv_ld_reload_flag=-r
lt_cv_objdir=.libs
lt_cv_path_LD=ld
lt_cv_path_LDCXX=ld
lt_cv_path_NM=nm
lt_cv_path_SED=/bin/sed
lt_cv_prog_compiler_c_o=yes
lt_cv_prog_compiler_c_o_CXX=yes
lt_cv_prog_compiler_rtti_exceptions=no
lt_cv_prog_gnu_ld=yes
lt_cv_prog_gnu_ldcxx=yes
lt_cv_sys_global_symbol_pipe='sed -n -e '\''s/^.*[ 	]\([ABCDGIRSTW][ABCDGIRSTW]*\)[ 	][ 	]*\([_A-Za-z][_A-Za-z0-9]*\)$/\1 \2 \2/p'\'''
lt_cv_sys_global_symbol_to_c_name_address='sed -n -e '\''s/^: \([^ ]*\) $/  {\"\1\", (lt_ptr) 0},/p'\'' -e '\''s/^[BCDEGRST] \([^ ]*\) \([^ ]*\)$/  {"\2", (lt_ptr) \&\2},/p'\'''
lt_cv_sys_global_symbol_to_cdecl='sed -n -e '\''s/^. .* \(.*\)$/extern int \1;/p'\'''
lt_cv_sys_max_cmd_len=32768
lt_lt_cv_prog_compiler_c_o='"yes"'
lt_lt_cv_prog_compiler_c_o_CXX='"yes"'
lt_lt_cv_sys_global_symbol_pipe='"sed -n -e '\''s/^.*[ 	]\\([ABCDGIRSTW][ABCDGIRSTW]*\\)[ 	][ 	]*\\([_A-Za-z][_A-Za-z0-9]*\\)\$/\\1 \\2 \\2/p'\''"'
lt_lt_cv_sys_global_symbol_to_c_name_address='"sed -n -e '\''s/^: \\([^ ]*\\) \$/  {\\\"\\1\\\", (lt_ptr) 0},/p'\'' -e '\''s/^[BCDEGRST] \\([^ ]*\\) \\([^ ]*\\)\$/  {\"\\2\", (lt_ptr) \\&\\2},/p'\''"'
lt_lt_cv_sys_global_symbol_to_cdecl='"sed -n -e '\''s/^. .* \\(.*\\)\$/extern int \\1;/p'\''"'
sid_cv_builtin_expect=yes
sid_cv_cctype_std=yes

## ----------------- ##
## Output variables. ##
## ----------------- ##

ACLOCAL='${SHELL} /home/adrian/_ETSIT-UPM/BECA-SimAntares/sid-1.2/src/sid/component/cfgroot/libltdl/missing --run aclocal-1.9'
AMDEPBACKSLASH='\'
AMDEP_FALSE='#'
AMDEP_TRUE=''
AMTAR='${SHELL} /home/adrian/_ETSIT-UPM/BECA-SimAntares/sid-1.2/src/sid/component/cfgroot/libltdl/missing --run tar'
AR='ar'
AS='as'
AUTOCONF='${SHELL} /home/adrian/_ETSIT-UPM/BECA-SimAntares/sid-1.2/src/sid/component/cfgroot/libltdl/missing --run autoconf'
AUTOHEADER='${SHELL} /home/adrian/_ETSIT-UPM/BECA-SimAntares/sid-1.2/src/sid/component/cfgroot/libltdl/missing --run autoheader'
AUTOMAKE='${SHELL} /home/adrian/_ETSIT-UPM/BECA-SimAntares/sid-1.2/src/sid/component/cfgroot/libltdl/missing --run automake-1.9'
AWK='mawk'
CC='gcc'
CCDEPMODE='depmode=gcc3'
CFLAGS='-g -O2'
CONVENIENCE_LTDL_FALSE='#'
CONVENIENCE_LTDL_TRUE=''
CPP='gcc -E'
CPPFLAGS=''
CXX='g++'
CXXCPP='g++ -E'
CXXDEPMODE='depmode=gcc3'
CXXFLAGS='-g -O2'
CYGPATH_W='echo'
DEFS='-DHAVE_CONFIG_H'
DEPDIR='.deps'
DLLTOOL='dlltool'
ECHO='echo'
ECHO_C=''
ECHO_N='-n'
ECHO_T=''
EGREP='grep -E'
EXEEXT=''
F77=''
FFLAGS=''
INSTALL_DATA='/usr/bin/install -c -m 644'
INSTALL_LTDL_FALSE=''
INSTALL_LTDL_TRUE='#'
INSTALL_PROGRAM='/usr/bin/install -c'
INSTALL_SCRIPT='/usr/bin/install -c'
INSTALL_STRIP_PROGRAM='${SHELL} $(install_sh) -c -s'
LDFLAGS=' '
LIBADD_DL='-ldl'
LIBOBJS=''
LIBS=''
LIBTOOL='$(SHELL) $(top_builddir)/libtool'
LIBTOOL_DEPS='./ltmain.sh'
LN_S='ln -s'
LTLIBOBJS=''
MAKEINFO='makeinfo --split-size=5000000 --split-size=5000000'
OBJDUMP='objdump'
OBJEXT='o'
PACKAGE='libltdl'
PACKAGE_BUGREPORT='bug-libtool@gnu.org'
PACKAGE_NAME='libltdl'
PACKAGE_STRING='libltdl 1.2'
PACKAGE_TARNAME='libltdl'
PACKAGE_VERSION='1.2'
PATH_SEPARATOR=':'
RANLIB='ranlib'
SET_MAKE=''
SHELL='/bin/sh'
STRIP='strip'
VERSION='1.2'
ac_ct_AR=''
ac_ct_AS=''
ac_ct_CC=''
ac_ct_CXX=''
ac_ct_DLLTOOL=''
ac_ct_F77=''
ac_ct_OBJDUMP=''
ac_ct_RANLIB=''
ac_ct_STRIP=''
am__fastdepCC_FALSE='#'
am__fastdepCC_TRUE=''
am__fastdepCXX_FALSE='#'
am__fastdepCXX_TRUE=''
am__include='include'
am__leading_dot='.'
am__quote=''
am__tar='${AMTAR} chof - "$$tardir"'
am__untar='${AMTAR} xf -'
bindir='${exec_prefix}/bin'
build='i686-pc-linux-gnu'
build_alias='i686-pc-linux-gnu'
build_cpu='i686'
build_os='linux-gnu'
build_vendor='pc'
datadir='${prefix}/share'
exec_prefix='${prefix}'
host='i686-pc-linux-gnu'
host_alias='i686-pc-linux-gnu'
host_cpu='i686'
host_os='linux-gnu'
host_vendor='pc'
includedir='${prefix}/include'
infodir='${prefix}/info'
install_sh='/home/adrian/_ETSIT-UPM/BECA-SimAntares/sid-1.2/src/sid/component/cfgroot/libltdl/install-sh'
libdir='${exec_prefix}/lib'
libexecdir='${exec_prefix}/libexec'
localstatedir='${prefix}/var'
mandir='${prefix}/man'
mkdir_p='mkdir -p --'
oldincludedir='/usr/include'
prefix='/opt/sid-1.2'
program_transform_name='s,y,y,'
sbindir='${exec_prefix}/sbin'
sharedstatedir='${prefix}/com'
sysconfdir='${prefix}/etc'
target_alias='i686-pc-linux-gnu'

## ----------- ##
## confdefs.h. ##
## ----------- ##

#define HAVE_ARGZ_APPEND 1
#define HAVE_ARGZ_CREATE_SEP 1
#define HAVE_ARGZ_H 1
#define HAVE_ARGZ_INSERT 1
#define HAVE_ARGZ_NEXT 1
#define HAVE_ARGZ_STRINGIFY 1
#define HAVE_ASSERT_H 1
#define HAVE_CLOSEDIR 1
#define HAVE_CTYPE_H 1
#define HAVE_DIRENT_H 1
#define HAVE_DLERROR 1
#define HAVE_DLFCN_H 1
#define HAVE_ERRNO_H 1
#define HAVE_ERROR_T 1
#define HAVE_INTTYPES_H 1
#define HAVE_LIBDL 1
#define HAVE_MALLOC_H 1
#define HAVE_MEMCPY 1
#define HAVE_MEMMOVE 1
#define HAVE_MEMORY_H 1
#define HAVE_MEMORY_H 1
#define HAVE_OPENDIR 1
#define HAVE_PRELOADED_SYMBOLS 1
#define HAVE_READDIR 1
#define HAVE_STDINT_H 1
#define HAVE_STDIO_H 1
#define HAVE_STDLIB_H 1
#define HAVE_STDLIB_H 1
#define HAVE_STRCHR 1
#define HAVE_STRCMP 1
#define HAVE_STRINGS_H 1
#define HAVE_STRING_H 1
#define HAVE_STRING_H 1
#define HAVE_STRRCHR 1
#define HAVE_SYS_STAT_H 1
#define HAVE_SYS_TYPES_H 1
#define HAVE_UNISTD_H 1
#define HAVE_UNISTD_H 1
#define LTDL_OBJDIR ".libs/"
#define LTDL_SHLIBPATH_VAR "LD_LIBRARY_PATH"
#define LTDL_SHLIB_EXT ".so"
#define LTDL_SYSSEARCHPATH "/lib:/usr/lib:/usr/lib/nvidia-current:/lib/i386-linux-gnu:/usr/lib/i386-linux-gnu:/lib/i686-linux-gnu:/usr/lib/i686-linux-gnu:/usr/lib/alsa-lib:/usr/local/lib:/opt/prueba_sid/lib/libhexkeyboard.la"
#define PACKAGE_BUGREPORT "bug-libtool@gnu.org"
#define PACKAGE_NAME "libltdl"
#define PACKAGE_STRING "libltdl 1.2"
#define PACKAGE_TARNAME "libltdl"
#define PACKAGE_VERSION "1.2"
#define STDC_HEADERS 1
#endif
#ifdef __cplusplus
extern "C" void exit (int) throw ();

configure: exit 0

## ---------------------- ##
## Running config.status. ##
## ---------------------- ##

This file was extended by libltdl config.status 1.2, which was
generated by GNU Autoconf 2.59.  Invocation command line was

  CONFIG_FILES    = 
  CONFIG_HEADERS  = 
  CONFIG_LINKS    = 
  CONFIG_COMMANDS = 
  $ ./config.status 

on sirio

config.status:726: creating Makefile
config.status:823: creating config.h
config.status:1009: config.h is unchanged
config.status:1189: executing depfiles commands

## ---------------------- ##
## Running config.status. ##
## ---------------------- ##

This file was extended by libltdl config.status 1.2, which was
generated by GNU Autoconf 2.59.  Invocation command line was

  CONFIG_FILES    = 
  CONFIG_HEADERS  = 
  CONFIG_LINKS    = 
  CONFIG_COMMANDS = 
  $ ./config.status config.h

on sirio

config.status:823: creating config.h
config.status:1009: config.h is unchanged
