This file contains any messages produced by compilers while
running configure, to aid debugging if configure makes a mistake.

It was created by configure, which was
generated by GNU Autoconf 2.61.  Invocation command line was

  $ ../../.././sid/component/tcl/configure --prefix=/usr/local/sid-1.1 --cache-file=./config.cache --with-system-zlib --prefix=/usr/local/sid-1.1 --program-transform-name=s,y,y, --disable-option-checking --build=i686-pc-linux-gnu --host=i686-pc-linux-gnu --target=i686-pc-linux-gnu --srcdir=.././sid CC=gcc CFLAGS=-g -O2 CXXFLAGS=-g -O2 CXX=g++ LDFLAGS=  build_alias=i686-pc-linux-gnu host_alias=i686-pc-linux-gnu target_alias=i686-pc-linux-gnu --cache-file=.././config.cache --srcdir=../.././sid/component --cache-file=../.././config.cache --srcdir=../../.././sid/component/tcl

## --------- ##
## Platform. ##
## --------- ##

hostname = sirio
uname -m = i686
uname -r = 2.6.38-8-generic
uname -s = Linux
uname -v = #42-Ubuntu SMP Mon Apr 11 03:31:50 UTC 2011

/usr/bin/uname -p = unknown
/bin/uname -X     = unknown

/bin/arch              = unknown
/usr/bin/arch -k       = unknown
/usr/convex/getsysinfo = unknown
/usr/bin/hostinfo      = unknown
/bin/machine           = unknown
/usr/bin/oslevel       = unknown
/bin/universe          = unknown

PATH: /home/adrian/CodeSourcery/Sourcery_G++_Lite/bin
PATH: /usr/matlab/bin
PATH: /home/adrian/.codeSourcery(uCLinux)/bin
PATH: /usr/local/sbin
PATH: /usr/local/bin
PATH: /usr/sbin
PATH: /usr/bin
PATH: /sbin
PATH: /bin
PATH: /usr/games


## ----------- ##
## Core tests. ##
## ----------- ##

configure:1870: loading cache ../.././config.cache
configure:2001: checking for a BSD-compatible install
configure:2057: result: /usr/bin/install -c
configure:2068: checking whether build environment is sane
configure:2111: result: yes
configure:2139: checking for a thread-safe mkdir -p
configure:2178: result: /bin/mkdir -p
configure:2191: checking for gawk
configure:2218: result: mawk
configure:2229: checking whether make sets $(MAKE)
configure:2250: result: yes
configure:2441: checking whether to enable maintainer-specific portions of Makefiles
configure:2450: result: no
configure:2543: checking build system type
configure:2561: result: i686-pc-linux-gnu
configure:2583: checking host system type
configure:2598: result: i686-pc-linux-gnu
configure:2632: checking for style of include used by make
configure:2660: result: GNU
configure:2690: checking for i686-pc-linux-gnu-gcc
configure:2717: result: gcc
configure:2995: checking for C compiler version
configure:3002: gcc --version >&5
gcc (Ubuntu/Linaro 4.5.2-8ubuntu4) 4.5.2
Copyright (C) 2010 Free Software Foundation, Inc.
This is free software; see the source for copying conditions.  There is NO
warranty; not even for MERCHANTABILITY or FITNESS FOR A PARTICULAR PURPOSE.

configure:3005: $? = 0
configure:3012: gcc -v >&5
Using built-in specs.
COLLECT_GCC=gcc
COLLECT_LTO_WRAPPER=/usr/lib/i386-linux-gnu/gcc/i686-linux-gnu/4.5.2/lto-wrapper
Target: i686-linux-gnu
Configured with: ../src/configure -v --with-pkgversion='Ubuntu/Linaro 4.5.2-8ubuntu4' --with-bugurl=file:///usr/share/doc/gcc-4.5/README.Bugs --enable-languages=c,c++,fortran,objc,obj-c++ --prefix=/usr --program-suffix=-4.5 --enable-shared --enable-multiarch --with-multiarch-defaults=i386-linux-gnu --enable-linker-build-id --with-system-zlib --libexecdir=/usr/lib/i386-linux-gnu --without-included-gettext --enable-threads=posix --with-gxx-include-dir=/usr/include/c++/4.5 --libdir=/usr/lib/i386-linux-gnu --enable-nls --with-sysroot=/ --enable-clocale=gnu --enable-libstdcxx-debug --enable-libstdcxx-time=yes --enable-plugin --enable-gold --enable-ld=default --with-plugin-ld=ld.gold --enable-objc-gc --enable-targets=all --disable-werror --with-arch-32=i686 --with-tune=generic --enable-checking=release --build=i686-linux-gnu --host=i686-linux-gnu --target=i686-linux-gnu
Thread model: posix
gcc version 4.5.2 (Ubuntu/Linaro 4.5.2-8ubuntu4) 
configure:3015: $? = 0
configure:3022: gcc -V >&5
gcc: '-V' option must have argument
configure:3025: $? = 1
configure:3048: checking for C compiler default output file name
configure:3075: gcc -g -O2    conftest.c  >&5
configure:3078: $? = 0
configure:3116: result: a.out
configure:3133: checking whether the C compiler works
configure:3143: ./a.out
configure:3146: $? = 0
configure:3163: result: yes
configure:3170: checking whether we are cross compiling
configure:3172: result: no
configure:3175: checking for suffix of executables
configure:3182: gcc -o conftest -g -O2    conftest.c  >&5
configure:3185: $? = 0
configure:3209: result: 
configure:3215: checking for suffix of object files
configure:3267: result: o
configure:3271: checking whether we are using the GNU C compiler
configure:3323: result: yes
configure:3328: checking whether gcc accepts -g
configure:3463: result: yes
configure:3480: checking for gcc option to accept ISO C89
configure:3583: result: none needed
configure:3603: checking dependency style of gcc
configure:3694: result: gcc3
configure:3709: checking for a sed that does not truncate output
configure:3763: result: /bin/sed
configure:3766: checking for grep that handles long lines and -e
configure:3840: result: /bin/grep
configure:3845: checking for egrep
configure:3923: result: /bin/grep -E
configure:3939: checking for ld used by gcc
configure:4006: result: ld
configure:4015: checking if the linker (ld) is GNU ld
configure:4030: result: yes
configure:4035: checking for ld option to reload object files
configure:4042: result: -r
configure:4060: checking for BSD-compatible nm
configure:4102: result: nm
configure:4106: checking whether ln -s works
configure:4110: result: yes
configure:4117: checking how to recognise dependent libraries
configure:4289: result: pass_all
configure:4790: checking how to run the C preprocessor
configure:4906: result: gcc -E
configure:4935: gcc -E  conftest.c
configure:4941: $? = 0
configure:4972: gcc -E  conftest.c
conftest.c:10:28: fatal error: ac_nonexistent.h: No such file or directory
compilation terminated.
configure:4978: $? = 1
configure: failed program was:
| /* confdefs.h.  */
| #define PACKAGE_NAME ""
| #define PACKAGE_TARNAME ""
| #define PACKAGE_VERSION ""
| #define PACKAGE_STRING ""
| #define PACKAGE_BUGREPORT ""
| #define PACKAGE "sidcomp"
| #define VERSION "0.1"
| /* end confdefs.h.  */
| #include <ac_nonexistent.h>
configure:5016: checking for ANSI C header files
configure:5180: result: yes
configure:5204: checking for sys/types.h
configure:5247: result: yes
configure:5204: checking for sys/stat.h
configure:5247: result: yes
configure:5204: checking for stdlib.h
configure:5247: result: yes
configure:5204: checking for string.h
configure:5247: result: yes
configure:5204: checking for memory.h
configure:5247: result: yes
configure:5204: checking for strings.h
configure:5247: result: yes
configure:5204: checking for inttypes.h
configure:5247: result: yes
configure:5204: checking for stdint.h
configure:5247: result: yes
configure:5204: checking for unistd.h
configure:5247: result: yes
configure:5264: checking for dlfcn.h
configure:5270: result: yes
configure:5515: checking for C++ compiler version
configure:5522: g++ --version >&5
g++ (Ubuntu/Linaro 4.5.2-8ubuntu4) 4.5.2
Copyright (C) 2010 Free Software Foundation, Inc.
This is free software; see the source for copying conditions.  There is NO
warranty; not even for MERCHANTABILITY or FITNESS FOR A PARTICULAR PURPOSE.

configure:5525: $? = 0
configure:5532: g++ -v >&5
Using built-in specs.
COLLECT_GCC=g++
COLLECT_LTO_WRAPPER=/usr/lib/i386-linux-gnu/gcc/i686-linux-gnu/4.5.2/lto-wrapper
Target: i686-linux-gnu
Configured with: ../src/configure -v --with-pkgversion='Ubuntu/Linaro 4.5.2-8ubuntu4' --with-bugurl=file:///usr/share/doc/gcc-4.5/README.Bugs --enable-languages=c,c++,fortran,objc,obj-c++ --prefix=/usr --program-suffix=-4.5 --enable-shared --enable-multiarch --with-multiarch-defaults=i386-linux-gnu --enable-linker-build-id --with-system-zlib --libexecdir=/usr/lib/i386-linux-gnu --without-included-gettext --enable-threads=posix --with-gxx-include-dir=/usr/include/c++/4.5 --libdir=/usr/lib/i386-linux-gnu --enable-nls --with-sysroot=/ --enable-clocale=gnu --enable-libstdcxx-debug --enable-libstdcxx-time=yes --enable-plugin --enable-gold --enable-ld=default --with-plugin-ld=ld.gold --enable-objc-gc --enable-targets=all --disable-werror --with-arch-32=i686 --with-tune=generic --enable-checking=release --build=i686-linux-gnu --host=i686-linux-gnu --target=i686-linux-gnu
Thread model: posix
gcc version 4.5.2 (Ubuntu/Linaro 4.5.2-8ubuntu4) 
configure:5535: $? = 0
configure:5542: g++ -V >&5
g++: '-V' option must have argument
configure:5545: $? = 1
configure:5548: checking whether we are using the GNU C++ compiler
configure:5600: result: yes
configure:5605: checking whether g++ accepts -g
configure:5740: result: yes
configure:5765: checking dependency style of g++
configure:5856: result: gcc3
configure:5881: checking how to run the C++ preprocessor
configure:5993: result: g++ -E
configure:6022: g++ -E  conftest.cpp
configure:6028: $? = 0
configure:6059: g++ -E  conftest.cpp
conftest.cpp:21:28: fatal error: ac_nonexistent.h: No such file or directory
compilation terminated.
configure:6065: $? = 1
configure: failed program was:
| /* confdefs.h.  */
| #define PACKAGE_NAME ""
| #define PACKAGE_TARNAME ""
| #define PACKAGE_VERSION ""
| #define PACKAGE_STRING ""
| #define PACKAGE_BUGREPORT ""
| #define PACKAGE "sidcomp"
| #define VERSION "0.1"
| #define STDC_HEADERS 1
| #define HAVE_SYS_TYPES_H 1
| #define HAVE_SYS_STAT_H 1
| #define HAVE_STDLIB_H 1
| #define HAVE_STRING_H 1
| #define HAVE_MEMORY_H 1
| #define HAVE_STRINGS_H 1
| #define HAVE_INTTYPES_H 1
| #define HAVE_STDINT_H 1
| #define HAVE_UNISTD_H 1
| #define HAVE_DLFCN_H 1
| /* end confdefs.h.  */
| #include <ac_nonexistent.h>
configure:6114: checking for i686-pc-linux-gnu-g77
configure:6144: result: no
configure:6114: checking for i686-pc-linux-gnu-xlf
configure:6144: result: no
configure:6114: checking for i686-pc-linux-gnu-f77
configure:6144: result: no
configure:6114: checking for i686-pc-linux-gnu-frt
configure:6144: result: no
configure:6114: checking for i686-pc-linux-gnu-pgf77
configure:6144: result: no
configure:6114: checking for i686-pc-linux-gnu-cf77
configure:6144: result: no
configure:6114: checking for i686-pc-linux-gnu-fort77
configure:6144: result: no
configure:6114: checking for i686-pc-linux-gnu-fl32
configure:6144: result: no
configure:6114: checking for i686-pc-linux-gnu-af77
configure:6144: result: no
configure:6114: checking for i686-pc-linux-gnu-xlf90
configure:6144: result: no
configure:6114: checking for i686-pc-linux-gnu-f90
configure:6144: result: no
configure:6114: checking for i686-pc-linux-gnu-pgf90
configure:6144: result: no
configure:6114: checking for i686-pc-linux-gnu-pghpf
configure:6144: result: no
configure:6114: checking for i686-pc-linux-gnu-epcf90
configure:6144: result: no
configure:6114: checking for i686-pc-linux-gnu-gfortran
configure:6144: result: no
configure:6114: checking for i686-pc-linux-gnu-g95
configure:6144: result: no
configure:6114: checking for i686-pc-linux-gnu-xlf95
configure:6144: result: no
configure:6114: checking for i686-pc-linux-gnu-f95
configure:6144: result: no
configure:6114: checking for i686-pc-linux-gnu-fort
configure:6144: result: no
configure:6114: checking for i686-pc-linux-gnu-ifort
configure:6144: result: no
configure:6114: checking for i686-pc-linux-gnu-ifc
configure:6144: result: no
configure:6114: checking for i686-pc-linux-gnu-efc
configure:6144: result: no
configure:6114: checking for i686-pc-linux-gnu-pgf95
configure:6144: result: no
configure:6114: checking for i686-pc-linux-gnu-lf95
configure:6144: result: no
configure:6114: checking for i686-pc-linux-gnu-ftn
configure:6144: result: no
configure:6158: checking for g77
configure:6188: result: no
configure:6158: checking for xlf
configure:6188: result: no
configure:6158: checking for f77
configure:6188: result: no
configure:6158: checking for frt
configure:6188: result: no
configure:6158: checking for pgf77
configure:6188: result: no
configure:6158: checking for cf77
configure:6188: result: no
configure:6158: checking for fort77
configure:6188: result: no
configure:6158: checking for fl32
configure:6188: result: no
configure:6158: checking for af77
configure:6188: result: no
configure:6158: checking for xlf90
configure:6188: result: no
configure:6158: checking for f90
configure:6188: result: no
configure:6158: checking for pgf90
configure:6188: result: no
configure:6158: checking for pghpf
configure:6188: result: no
configure:6158: checking for epcf90
configure:6188: result: no
configure:6158: checking for gfortran
configure:6188: result: no
configure:6158: checking for g95
configure:6188: result: no
configure:6158: checking for xlf95
configure:6188: result: no
configure:6158: checking for f95
configure:6188: result: no
configure:6158: checking for fort
configure:6188: result: no
configure:6158: checking for ifort
configure:6188: result: no
configure:6158: checking for ifc
configure:6188: result: no
configure:6158: checking for efc
configure:6188: result: no
configure:6158: checking for pgf95
configure:6188: result: no
configure:6158: checking for lf95
configure:6188: result: no
configure:6158: checking for ftn
configure:6188: result: no
configure:6215: checking for Fortran 77 compiler version
configure:6222:  --version >&5
../../.././sid/component/tcl/configure: line 6223: --version: command not found
configure:6225: $? = 127
configure:6232:  -v >&5
../../.././sid/component/tcl/configure: line 6233: -v: command not found
configure:6235: $? = 127
configure:6242:  -V >&5
../../.././sid/component/tcl/configure: line 6243: -V: command not found
configure:6245: $? = 127
configure:6253: checking whether we are using the GNU Fortran 77 compiler
configure:6295: result: no
configure:6301: checking whether  accepts -g
configure:6340: result: no
configure:6370: checking the maximum length of command line arguments
configure:6462: result: 32768
configure:6473: checking command to parse nm output from gcc object
configure:6672: result: ok
configure:6676: checking for objdir
configure:6691: result: .libs
configure:6743: checking for i686-pc-linux-gnu-ar
configure:6770: result: ar
configure:6839: checking for i686-pc-linux-gnu-ranlib
configure:6866: result: ranlib
configure:6935: checking for i686-pc-linux-gnu-strip
configure:6965: result: no
configure:6975: checking for strip
configure:7002: result: strip
configure:7303: checking if gcc static flag  works
configure:7331: result: yes
configure:7353: checking if gcc supports -fno-rtti -fno-exceptions
configure:7388: result: no
configure:7403: checking for gcc option to produce PIC
configure:7607: result: -fPIC
configure:7615: checking if gcc PIC flag -fPIC works
configure:7633: gcc -c -g -O2  -fPIC -DPIC conftest.c >&5
configure:7637: $? = 0
configure:7650: result: yes
configure:7674: checking if gcc supports -c -o file.o
configure:7721: result: yes
configure:7747: checking whether the gcc linker (ld) supports shared libraries
configure:8639: result: yes
configure:8665: checking whether -lc should be explicitly linked in
configure:8670: gcc -c -g -O2  conftest.c >&5
configure:8673: $? = 0
configure:8687: gcc -shared conftest.o  -v -Wl,-soname -Wl,conftest -o conftest 2\>\&1 \| grep  -lc  \>/dev/null 2\>\&1
configure:8690: $? = 0
configure:8702: result: no
configure:8710: checking dynamic linker characteristics
configure:9256: result: GNU/Linux ld.so
configure:9260: checking how to hardcode library paths into programs
configure:9285: result: immediate
configure:9299: checking whether stripping libraries is possible
configure:9304: result: yes
configure:10101: checking if libtool supports shared libraries
configure:10103: result: yes
configure:10106: checking whether to build shared libraries
configure:10127: result: yes
configure:10130: checking whether to build static libraries
configure:10134: result: yes
configure:10226: creating libtool
configure:10804: checking for ld used by g++
configure:10871: result: ld
configure:10880: checking if the linker (ld) is GNU ld
configure:10895: result: yes
configure:10946: checking whether the g++ linker (ld) supports shared libraries
configure:11829: result: yes
configure:11851: g++ -c -g -O2  conftest.cc >&5
configure:11854: $? = 0
configure:11950: checking for g++ option to produce PIC
configure:12218: result: -fPIC
configure:12226: checking if g++ PIC flag -fPIC works
configure:12244: g++ -c -g -O2  -fPIC -DPIC conftest.cc >&5
configure:12248: $? = 0
configure:12261: result: yes
configure:12285: checking if g++ supports -c -o file.o
configure:12332: result: yes
configure:12358: checking whether the g++ linker (ld) supports shared libraries
configure:12383: result: yes
configure:12454: checking dynamic linker characteristics
configure:13000: result: GNU/Linux ld.so
configure:13004: checking how to hardcode library paths into programs
configure:13029: result: immediate
configure:13043: checking whether stripping libraries is possible
configure:13048: result: yes
configure:20598: checking for C++ compiler version
configure:20605: g++ --version >&5
g++ (Ubuntu/Linaro 4.5.2-8ubuntu4) 4.5.2
Copyright (C) 2010 Free Software Foundation, Inc.
This is free software; see the source for copying conditions.  There is NO
warranty; not even for MERCHANTABILITY or FITNESS FOR A PARTICULAR PURPOSE.

configure:20608: $? = 0
configure:20615: g++ -v >&5
Using built-in specs.
COLLECT_GCC=g++
COLLECT_LTO_WRAPPER=/usr/lib/i386-linux-gnu/gcc/i686-linux-gnu/4.5.2/lto-wrapper
Target: i686-linux-gnu
Configured with: ../src/configure -v --with-pkgversion='Ubuntu/Linaro 4.5.2-8ubuntu4' --with-bugurl=file:///usr/share/doc/gcc-4.5/README.Bugs --enable-languages=c,c++,fortran,objc,obj-c++ --prefix=/usr --program-suffix=-4.5 --enable-shared --enable-multiarch --with-multiarch-defaults=i386-linux-gnu --enable-linker-build-id --with-system-zlib --libexecdir=/usr/lib/i386-linux-gnu --without-included-gettext --enable-threads=posix --with-gxx-include-dir=/usr/include/c++/4.5 --libdir=/usr/lib/i386-linux-gnu --enable-nls --with-sysroot=/ --enable-clocale=gnu --enable-libstdcxx-debug --enable-libstdcxx-time=yes --enable-plugin --enable-gold --enable-ld=default --with-plugin-ld=ld.gold --enable-objc-gc --enable-targets=all --disable-werror --with-arch-32=i686 --with-tune=generic --enable-checking=release --build=i686-linux-gnu --host=i686-linux-gnu --target=i686-linux-gnu
Thread model: posix
gcc version 4.5.2 (Ubuntu/Linaro 4.5.2-8ubuntu4) 
configure:20618: $? = 0
configure:20625: g++ -V >&5
g++: '-V' option must have argument
configure:20628: $? = 1
configure:20631: checking whether we are using the GNU C++ compiler
configure:20683: result: yes
configure:20688: checking whether g++ accepts -g
configure:20823: result: yes
configure:20848: checking dependency style of g++
configure:20939: result: gcc3
configure:20959: checking how to run the C++ preprocessor
configure:21071: result: g++ -E
configure:21100: g++ -E  conftest.cpp
configure:21106: $? = 0
configure:21137: g++ -E  conftest.cpp
conftest.cpp:21:28: fatal error: ac_nonexistent.h: No such file or directory
compilation terminated.
configure:21143: $? = 1
configure: failed program was:
| /* confdefs.h.  */
| #define PACKAGE_NAME ""
| #define PACKAGE_TARNAME ""
| #define PACKAGE_VERSION ""
| #define PACKAGE_STRING ""
| #define PACKAGE_BUGREPORT ""
| #define PACKAGE "sidcomp"
| #define VERSION "0.1"
| #define STDC_HEADERS 1
| #define HAVE_SYS_TYPES_H 1
| #define HAVE_SYS_STAT_H 1
| #define HAVE_STDLIB_H 1
| #define HAVE_STRING_H 1
| #define HAVE_MEMORY_H 1
| #define HAVE_STRINGS_H 1
| #define HAVE_INTTYPES_H 1
| #define HAVE_STDINT_H 1
| #define HAVE_UNISTD_H 1
| #define HAVE_DLFCN_H 1
| /* end confdefs.h.  */
| #include <ac_nonexistent.h>
configure:21189: checking for main in -lm
configure:21242: result: yes
configure:21302: checking tcl in build tree
configure:21308: result: -L../../../tcl/unix -ltcl8.4
configure:21314: checking tk in build tree
configure:21320: result: -L../../../tk/unix -ltk8.4
configure:21967: checking for X
configure:22202: result: libraries , headers 
configure:22363: g++ -o conftest -g -O2    conftest.cpp -lm   -lX11 >&5
configure:22369: $? = 0
configure:22526: checking for gethostbyname
configure:22605: result: yes
configure:22750: checking for connect
configure:22829: result: yes
configure:22901: checking for remove
configure:22980: result: yes
configure:23052: checking for shmat
configure:23131: result: yes
configure:23212: checking for IceConnectionNumber in -lICE
configure:23271: result: yes
configure:23285: checking for dlopen in -ldl
configure:23344: result: yes
configure:23356: checking for XOpenDisplay in -lX11
configure:23415: result: yes
configure:23736: checking for blt.h
configure:23742: result: no
configure:23876: checking for tcl.h
configure:23882: result: yes
configure:24016: checking for tk.h
configure:24022: result: yes
configure:24156: checking for dirent.h
configure:24162: result: yes
configure:24295: checking for opendir
configure:24375: result: yes
configure:24390: checking for links
configure:24418: result: false
configure:24437: checking for xsltproc
configure:24465: result: true
configure:24484: checking for sabcmd
configure:24512: result: false
configure:24597: updating cache ../.././config.cache
configure:24689: creating ./config.status

## ---------------------- ##
## Running config.status. ##
## ---------------------- ##

This file was extended by config.status, which was
generated by GNU Autoconf 2.61.  Invocation command line was

  CONFIG_FILES    = 
  CONFIG_HEADERS  = 
  CONFIG_LINKS    = 
  CONFIG_COMMANDS = 
  $ ./config.status 

on sirio

config.status:682: creating Makefile
config.status:682: creating config.h
config.status:916: config.h is unchanged
config.status:962: executing depfiles commands

## ---------------- ##
## Cache variables. ##
## ---------------- ##

ac_cv_build=i686-pc-linux-gnu
ac_cv_build_alias=i686-pc-linux-gnu
ac_cv_c_bigendian=no
ac_cv_c_compiler_gnu=yes
ac_cv_c_const=yes
ac_cv_c_inline=inline
ac_cv_cxx_compiler_gnu=yes
ac_cv_decl_ftime=yes
ac_cv_decl_socklen_t=yes
ac_cv_decl_usleep=yes
ac_cv_env_CCC_set=
ac_cv_env_CCC_value=
ac_cv_env_CC_set=set
ac_cv_env_CC_value=gcc
ac_cv_env_CFLAGS_set=set
ac_cv_env_CFLAGS_value='-g -O2'
ac_cv_env_CPPFLAGS_set=
ac_cv_env_CPPFLAGS_value=
ac_cv_env_CPP_set=
ac_cv_env_CPP_value=
ac_cv_env_CXXCPP_set=
ac_cv_env_CXXCPP_value=
ac_cv_env_CXXFLAGS_set=set
ac_cv_env_CXXFLAGS_value='-g -O2'
ac_cv_env_CXX_set=set
ac_cv_env_CXX_value=g++
ac_cv_env_F77_set=
ac_cv_env_F77_value=
ac_cv_env_FFLAGS_set=
ac_cv_env_FFLAGS_value=
ac_cv_env_LDFLAGS_set=set
ac_cv_env_LDFLAGS_value=' '
ac_cv_env_LIBS_set=
ac_cv_env_LIBS_value=
ac_cv_env_XMKMF_set=
ac_cv_env_XMKMF_value=
ac_cv_env_build_alias_set=set
ac_cv_env_build_alias_value=i686-pc-linux-gnu
ac_cv_env_host_alias_set=set
ac_cv_env_host_alias_value=i686-pc-linux-gnu
ac_cv_env_target_alias_set=set
ac_cv_env_target_alias_value=i686-pc-linux-gnu
ac_cv_exeext=
ac_cv_f77_compiler_gnu=no
ac_cv_func_argz_append=yes
ac_cv_func_argz_create_sep=yes
ac_cv_func_argz_insert=yes
ac_cv_func_argz_next=yes
ac_cv_func_argz_stringify=yes
ac_cv_func_closedir=yes
ac_cv_func_connect=yes
ac_cv_func_ctime=yes
ac_cv_func_cygwin_conv_to_full_posix_path=no
ac_cv_func_dlerror=yes
ac_cv_func_dlopen=no
ac_cv_func_ftime=yes
ac_cv_func_gethostbyname=yes
ac_cv_func_getopt=yes
ac_cv_func_gettimeofday=yes
ac_cv_func_inet_addr=yes
ac_cv_func_inet_aton=yes
ac_cv_func_memcpy=yes
ac_cv_func_memmove=yes
ac_cv_func_opendir=yes
ac_cv_func_readdir=yes
ac_cv_func_remove=yes
ac_cv_func_sched_yield=yes
ac_cv_func_select=yes
ac_cv_func_shl_load=no
ac_cv_func_shmat=yes
ac_cv_func_snprintf=yes
ac_cv_func_strchr=yes
ac_cv_func_strcmp=yes
ac_cv_func_strdup=yes
ac_cv_func_strerror=yes
ac_cv_func_strrchr=yes
ac_cv_func_strtoul=yes
ac_cv_func_strtoull=yes
ac_cv_func_strtouq=yes
ac_cv_func_times=yes
ac_cv_func_usleep=yes
ac_cv_func_vasprintf=yes
ac_cv_func_vsnprintf=yes
ac_cv_have_x='have_x=yes	ac_x_includes='\'''\''	ac_x_libraries='\'''\'''
ac_cv_header_X11_Xos_h=yes
ac_cv_header____ucbinclude_sys_ioctl_h=no
ac_cv_header__usr_include_curses_h=no
ac_cv_header_argz_h=yes
ac_cv_header_arpa_inet_h=yes
ac_cv_header_assert_h=yes
ac_cv_header_blt_h=no
ac_cv_header_ctype_h=yes
ac_cv_header_curses_h=no
ac_cv_header_dirent_dirent_h=yes
ac_cv_header_dirent_h=yes
ac_cv_header_dl_h=no
ac_cv_header_dld_h=no
ac_cv_header_dlfcn_h=yes
ac_cv_header_errno_h=yes
ac_cv_header_getopt_h=yes
ac_cv_header_inttypes_h=yes
ac_cv_header_mach_o_dyld_h=no
ac_cv_header_malloc_h=yes
ac_cv_header_memory_h=yes
ac_cv_header_mmsystem_h=no
ac_cv_header_netinet_in_h=yes
ac_cv_header_netinet_tcp_h=yes
ac_cv_header_readline_history_h=no
ac_cv_header_sched_h=yes
ac_cv_header_sstream=yes
ac_cv_header_stdc=yes
ac_cv_header_stdint_h=yes
ac_cv_header_stdio_h=yes
ac_cv_header_stdlib_h=yes
ac_cv_header_string_h=yes
ac_cv_header_strings_h=yes
ac_cv_header_strstream_h=no
ac_cv_header_sys_dl_h=no
ac_cv_header_sys_ioctl_h=yes
ac_cv_header_sys_socket_h=yes
ac_cv_header_sys_soundcard_h=yes
ac_cv_header_sys_stat_h=yes
ac_cv_header_sys_time_h=yes
ac_cv_header_sys_timeb_h=yes
ac_cv_header_sys_types_h=yes
ac_cv_header_tcl_h=yes
ac_cv_header_time=yes
ac_cv_header_time_h=yes
ac_cv_header_tk_h=yes
ac_cv_header_unistd_h=yes
ac_cv_header_windows_h=no
ac_cv_host=i686-pc-linux-gnu
ac_cv_host_alias=i686-pc-linux-gnu
ac_cv_lib_ICE_IceConnectionNumber=yes
ac_cv_lib_X11_XOpenDisplay=yes
ac_cv_lib_curses_refresh=no
ac_cv_lib_dl_dlopen=yes
ac_cv_lib_dld_shl_load=no
ac_cv_lib_kernel32_main=no
ac_cv_lib_m_main=yes
ac_cv_lib_ncurses_refresh=no
ac_cv_lib_nsl_gethostbyname=yes
ac_cv_lib_pthread_pthread_create=yes
ac_cv_lib_readline_readline=no
ac_cv_lib_socket_connect=no
ac_cv_lib_stdcpp_main=yes
ac_cv_lib_winmm_main=no
ac_cv_libstdcxx_shared=yes
ac_cv_objext=o
ac_cv_path_EGREP='/bin/grep -E'
ac_cv_path_GREP=/bin/grep
ac_cv_path_GZIP=/bin/gzip
ac_cv_path_TAR=/bin/tar
ac_cv_path_mkdir=/bin/mkdir
ac_cv_prog_AR=ar
ac_cv_prog_AWK=mawk
ac_cv_prog_CC=gcc
ac_cv_prog_CPP='gcc -E'
ac_cv_prog_CXX=g++
ac_cv_prog_CXXCPP='g++ -E'
ac_cv_prog_LINKS=false
ac_cv_prog_RANLIB=ranlib
ac_cv_prog_SABLOTRON=false
ac_cv_prog_XSLTPROC=true
ac_cv_prog_ac_ct_STRIP=strip
ac_cv_prog_cc_c89=
ac_cv_prog_cc_g=yes
ac_cv_prog_cc_stdc=
ac_cv_prog_cxx_g=yes
ac_cv_prog_egrep='grep -E'
ac_cv_prog_f77_g=no
ac_cv_prog_make_make_set=yes
ac_cv_search_opendir='none required'
ac_cv_sizeof_int_p=4
ac_cv_sizeof_unsigned_char=1
ac_cv_sizeof_unsigned_int=4
ac_cv_sizeof_unsigned_long=4
ac_cv_sizeof_unsigned_long_long=8
ac_cv_sizeof_unsigned_short=2
ac_cv_sys_symbol_underscore=no
ac_cv_type_error_t=yes
ac_cv_type_int_p=yes
ac_cv_type_unsigned_char=yes
ac_cv_type_unsigned_int=yes
ac_cv_type_unsigned_long=yes
ac_cv_type_unsigned_long_long=yes
ac_cv_type_unsigned_short=yes
am_cv_CC_dependencies_compiler_type=gcc3
am_cv_CXX_dependencies_compiler_type=gcc3
gcc_cv_have_decl_asprintf=yes
gcc_cv_have_decl_basename=yes
gcc_cv_have_decl_getopt=no
gcc_cv_have_decl_vasprintf=yes
libltdl_cv_lib_dl_dlopen=yes
libltdl_cv_objdir=.libs
libltdl_cv_preloaded_symbols=yes
libltdl_cv_shlibext=.so
libltdl_cv_shlibpath_var=LD_LIBRARY_PATH
libltdl_cv_sys_dlopen_deplibs=yes
libltdl_cv_sys_search_path='/lib /usr/lib /usr/lib/nvidia-current /lib/i386-linux-gnu /usr/lib/i386-linux-gnu /lib/i686-linux-gnu /usr/lib/i686-linux-gnu /usr/lib/alsa-lib /usr/local/lib /opt/prueba_sid/lib/libhexkeyboard.la '
lt_cv_deplibs_check_method=pass_all
lt_cv_dlopen=dlopen
lt_cv_dlopen_libs=-ldl
lt_cv_dlopen_self=yes
lt_cv_dlopen_self_static=yes
lt_cv_file_magic_cmd='$MAGIC_CMD'
lt_cv_file_magic_test_file=
lt_cv_ld_reload_flag=-r
lt_cv_objdir=.libs
lt_cv_path_LD=ld
lt_cv_path_LDCXX=ld
lt_cv_path_NM=nm
lt_cv_path_SED=/bin/sed
lt_cv_prog_compiler_c_o=yes
lt_cv_prog_compiler_c_o_CXX=yes
lt_cv_prog_compiler_rtti_exceptions=no
lt_cv_prog_gnu_ld=yes
lt_cv_prog_gnu_ldcxx=yes
lt_cv_sys_global_symbol_pipe='sed -n -e '\''s/^.*[ 	]\([ABCDGIRSTW][ABCDGIRSTW]*\)[ 	][ 	]*\([_A-Za-z][_A-Za-z0-9]*\)$/\1 \2 \2/p'\'''
lt_cv_sys_global_symbol_to_c_name_address='sed -n -e '\''s/^: \([^ ]*\) $/  {\"\1\", (lt_ptr) 0},/p'\'' -e '\''s/^[BCDEGRST] \([^ ]*\) \([^ ]*\)$/  {"\2", (lt_ptr) \&\2},/p'\'''
lt_cv_sys_global_symbol_to_cdecl='sed -n -e '\''s/^. .* \(.*\)$/extern int \1;/p'\'''
lt_cv_sys_max_cmd_len=32768
lt_lt_cv_prog_compiler_c_o='"yes"'
lt_lt_cv_prog_compiler_c_o_CXX='"yes"'
lt_lt_cv_sys_global_symbol_pipe='"sed -n -e '\''s/^.*[ 	]\\([ABCDGIRSTW][ABCDGIRSTW]*\\)[ 	][ 	]*\\([_A-Za-z][_A-Za-z0-9]*\\)\$/\\1 \\2 \\2/p'\''"'
lt_lt_cv_sys_global_symbol_to_c_name_address='"sed -n -e '\''s/^: \\([^ ]*\\) \$/  {\\\"\\1\\\", (lt_ptr) 0},/p'\'' -e '\''s/^[BCDEGRST] \\([^ ]*\\) \\([^ ]*\\)\$/  {\"\\2\", (lt_ptr) \\&\\2},/p'\''"'
lt_lt_cv_sys_global_symbol_to_cdecl='"sed -n -e '\''s/^. .* \\(.*\\)\$/extern int \\1;/p'\''"'
sid_cv_builtin_expect=yes
sid_cv_cctype_std=yes

## ----------------- ##
## Output variables. ##
## ----------------- ##

ACLOCAL='${SHELL} /home/adrian/_ETSIT-UPM/BECA-SimAntares/sid-1.1/src/sid/config/missing --run aclocal-1.10'
AMDEPBACKSLASH='\'
AMDEP_FALSE='#'
AMDEP_TRUE=''
AMTAR='${SHELL} /home/adrian/_ETSIT-UPM/BECA-SimAntares/sid-1.1/src/sid/config/missing --run tar'
AR='ar'
AS='as'
AUTOCONF='${SHELL} /home/adrian/_ETSIT-UPM/BECA-SimAntares/sid-1.1/src/sid/config/missing --run autoconf'
AUTOHEADER='${SHELL} /home/adrian/_ETSIT-UPM/BECA-SimAntares/sid-1.1/src/sid/config/missing --run autoheader'
AUTOMAKE='${SHELL} /home/adrian/_ETSIT-UPM/BECA-SimAntares/sid-1.1/src/sid/config/missing --run automake-1.10'
AWK='mawk'
CC='gcc'
CCDEPMODE='depmode=gcc3'
CFLAGS='-g -O2 '
CPP='gcc -E'
CPPFLAGS=' '
CXX='g++'
CXXCPP='g++ -E'
CXXDEPMODE='depmode=gcc3'
CXXFLAGS='-g -O2'
CYGPATH_W='echo'
DEFS='-DHAVE_CONFIG_H'
DEPDIR='.deps'
DLLTOOL='dlltool'
ECHO='echo'
ECHO_C=''
ECHO_N='-n'
ECHO_T=''
EGREP='/bin/grep -E'
EXEEXT=''
EXTRA_INCLUDES='-I./../../../tcl/generic -I./../../../tk/generic -I./../../../tk/xlib '
F77=''
FFLAGS=''
GREP='/bin/grep'
HAVE_LINKS_FALSE=''
HAVE_LINKS_TRUE='#'
HAVE_SABLOTRON_FALSE=''
HAVE_SABLOTRON_TRUE='#'
HAVE_XSLTPROC_FALSE='#'
HAVE_XSLTPROC_TRUE=''
INSTALL_DATA='/usr/bin/install -c -m 644'
INSTALL_PROGRAM='/usr/bin/install -c'
INSTALL_SCRIPT='/usr/bin/install -c'
INSTALL_STRIP_PROGRAM='$(install_sh) -c -s'
LDFLAGS=' '
LIBOBJS=''
LIBS='-L../../../tcl/unix -ltcl8.4 -L../../../tk/unix -ltk8.4    -lSM -lICE -lX11 -ldl  -lm  '
LIBTOOL='$(SHELL) $(top_builddir)/libtool'
LINKS='false'
LN_S='ln -s'
LTLIBOBJS=''
MAINT='#'
MAINTAINER_MODE_FALSE=''
MAINTAINER_MODE_TRUE='#'
MAKEINFO='makeinfo --split-size=5000000'
OBJDUMP='objdump'
OBJEXT='o'
PACKAGE='sidcomp'
PACKAGE_BUGREPORT=''
PACKAGE_NAME=''
PACKAGE_STRING=''
PACKAGE_TARNAME=''
PACKAGE_VERSION=''
PATH_SEPARATOR=':'
RANLIB='ranlib'
SABLOTRON='false'
SET_MAKE=''
SHELL='/bin/sh'
STRIP='strip'
VERSION='0.1'
XMKMF=''
XSLTPROC='true'
X_CFLAGS=''
X_EXTRA_LIBS=''
X_LIBS=''
X_PRE_LIBS=' -lSM -lICE'
ac_ct_CC=''
ac_ct_CXX=''
ac_ct_F77=''
am__fastdepCC_FALSE='#'
am__fastdepCC_TRUE=''
am__fastdepCXX_FALSE='#'
am__fastdepCXX_TRUE=''
am__include='include'
am__isrc=''
am__leading_dot='.'
am__quote=''
am__tar='${AMTAR} chof - "$$tardir"'
am__untar='${AMTAR} xf -'
bindir='${exec_prefix}/bin'
build='i686-pc-linux-gnu'
build_alias='i686-pc-linux-gnu'
build_cpu='i686'
build_os='linux-gnu'
build_vendor='pc'
datadir='${datarootdir}'
datarootdir='${prefix}/share'
docdir='${datarootdir}/doc/${PACKAGE}'
dvidir='${docdir}'
exec_prefix='${prefix}'
host='i686-pc-linux-gnu'
host_alias='i686-pc-linux-gnu'
host_cpu='i686'
host_os='linux-gnu'
host_vendor='pc'
htmldir='${docdir}'
includedir='${prefix}/include'
infodir='${datarootdir}/info'
install_sh='$(SHELL) /home/adrian/_ETSIT-UPM/BECA-SimAntares/sid-1.1/src/sid/config/install-sh'
libdir='${exec_prefix}/lib'
libexecdir='${exec_prefix}/libexec'
localedir='${datarootdir}/locale'
localstatedir='${prefix}/var'
mandir='${datarootdir}/man'
mkdir_p='/bin/mkdir -p'
oldincludedir='/usr/include'
pdfdir='${docdir}'
prefix='/usr/local/sid-1.1'
program_transform_name='s,y,y,'
psdir='${docdir}'
sbindir='${exec_prefix}/sbin'
sharedstatedir='${prefix}/com'
sysconfdir='${prefix}/etc'
target_alias='i686-pc-linux-gnu'

## ----------- ##
## confdefs.h. ##
## ----------- ##

#define PACKAGE_NAME ""
#define PACKAGE_TARNAME ""
#define PACKAGE_VERSION ""
#define PACKAGE_STRING ""
#define PACKAGE_BUGREPORT ""
#define PACKAGE "sidcomp"
#define VERSION "0.1"
#define STDC_HEADERS 1
#define HAVE_SYS_TYPES_H 1
#define HAVE_SYS_STAT_H 1
#define HAVE_STDLIB_H 1
#define HAVE_STRING_H 1
#define HAVE_MEMORY_H 1
#define HAVE_STRINGS_H 1
#define HAVE_INTTYPES_H 1
#define HAVE_STDINT_H 1
#define HAVE_UNISTD_H 1
#define HAVE_DLFCN_H 1
#define HAVE_LIBM 1
#define HAVE_LIBDL 1
#define HAVE_LIBX11 1
#define HAVE_TCL_H 1
#define HAVE_TK_H 1
#define HAVE_DIRENT_H 1
#define HAVE_OPENDIR 1

configure: exit 0
