This file contains any messages produced by compilers while
running configure, to aid debugging if configure makes a mistake.

It was created by configure, which was
generated by GNU Autoconf 2.59.  Invocation command line was

  $ ../.././tcl/unix/configure --prefix=/usr/local/sid-1.1 --cache-file=./config.cache --with-system-zlib --prefix=/usr/local/sid-1.1 --program-transform-name=s,y,y, --disable-option-checking --build=i686-pc-linux-gnu --host=i686-pc-linux-gnu --target=i686-pc-linux-gnu --srcdir=.././tcl build_alias=i686-pc-linux-gnu host_alias=i686-pc-linux-gnu target_alias=i686-pc-linux-gnu --cache-file=.././config.cache --srcdir=../.././tcl/unix

## --------- ##
## Platform. ##
## --------- ##

hostname = sirio
uname -m = i686
uname -r = 2.6.38-8-generic
uname -s = Linux
uname -v = #42-Ubuntu SMP Mon Apr 11 03:31:50 UTC 2011

/usr/bin/uname -p = unknown
/bin/uname -X     = unknown

/bin/arch              = unknown
/usr/bin/arch -k       = unknown
/usr/convex/getsysinfo = unknown
hostinfo               = unknown
/bin/machine           = unknown
/usr/bin/oslevel       = unknown
/bin/universe          = unknown

PATH: /home/adrian/CodeSourcery/Sourcery_G++_Lite/bin
PATH: /usr/matlab/bin
PATH: /home/adrian/.codeSourcery(uCLinux)/bin
PATH: /usr/local/sbin
PATH: /usr/local/bin
PATH: /usr/sbin
PATH: /usr/bin
PATH: /sbin
PATH: /bin
PATH: /usr/games


## ----------- ##
## Core tests. ##
## ----------- ##

configure:1215: loading cache .././config.cache
configure:1330: checking whether to use symlinks for manpages
configure:1339: result: no
configure:1342: checking compression for manpages
configure:1354: result: no
configure:1378: checking for i686-pc-linux-gnu-gcc
configure:1404: result: gcc
configure:1686: checking for C compiler version
configure:1689: gcc --version </dev/null >&5
gcc (Ubuntu/Linaro 4.5.2-8ubuntu4) 4.5.2
Copyright (C) 2010 Free Software Foundation, Inc.
This is free software; see the source for copying conditions.  There is NO
warranty; not even for MERCHANTABILITY or FITNESS FOR A PARTICULAR PURPOSE.

configure:1692: $? = 0
configure:1694: gcc -v </dev/null >&5
Using built-in specs.
COLLECT_GCC=gcc
COLLECT_LTO_WRAPPER=/usr/lib/i386-linux-gnu/gcc/i686-linux-gnu/4.5.2/lto-wrapper
Target: i686-linux-gnu
Configured with: ../src/configure -v --with-pkgversion='Ubuntu/Linaro 4.5.2-8ubuntu4' --with-bugurl=file:///usr/share/doc/gcc-4.5/README.Bugs --enable-languages=c,c++,fortran,objc,obj-c++ --prefix=/usr --program-suffix=-4.5 --enable-shared --enable-multiarch --with-multiarch-defaults=i386-linux-gnu --enable-linker-build-id --with-system-zlib --libexecdir=/usr/lib/i386-linux-gnu --without-included-gettext --enable-threads=posix --with-gxx-include-dir=/usr/include/c++/4.5 --libdir=/usr/lib/i386-linux-gnu --enable-nls --with-sysroot=/ --enable-clocale=gnu --enable-libstdcxx-debug --enable-libstdcxx-time=yes --enable-plugin --enable-gold --enable-ld=default --with-plugin-ld=ld.gold --enable-objc-gc --enable-targets=all --disable-werror --with-arch-32=i686 --with-tune=generic --enable-checking=release --build=i686-linux-gnu --host=i686-linux-gnu --target=i686-linux-gnu
Thread model: posix
gcc version 4.5.2 (Ubuntu/Linaro 4.5.2-8ubuntu4) 
configure:1697: $? = 0
configure:1699: gcc -V </dev/null >&5
gcc: '-V' option must have argument
configure:1702: $? = 1
configure:1725: checking for C compiler default output file name
configure:1728: gcc -g -O2    conftest.c  >&5
configure:1731: $? = 0
configure:1777: result: a.out
configure:1782: checking whether the C compiler works
configure:1788: ./a.out
configure:1791: $? = 0
configure:1808: result: yes
configure:1815: checking whether we are cross compiling
configure:1817: result: no
configure:1820: checking for suffix of executables
configure:1822: gcc -o conftest -g -O2    conftest.c  >&5
configure:1825: $? = 0
configure:1850: result: 
configure:1856: checking for suffix of object files
configure:1877: gcc -c -g -O2  conftest.c >&5
configure:1880: $? = 0
configure:1902: result: o
configure:1906: checking whether we are using the GNU C compiler
configure:1930: gcc -c -g -O2  conftest.c >&5
configure:1936: $? = 0
configure:1940: test -z 
			 || test ! -s conftest.err
configure:1943: $? = 0
configure:1946: test -s conftest.o
configure:1949: $? = 0
configure:1962: result: yes
configure:1968: checking whether gcc accepts -g
configure:1989: gcc -c -g  conftest.c >&5
configure:1995: $? = 0
configure:1999: test -z 
			 || test ! -s conftest.err
configure:2002: $? = 0
configure:2005: test -s conftest.o
configure:2008: $? = 0
configure:2019: result: yes
configure:2036: checking for gcc option to accept ANSI C
configure:2106: gcc  -c -g -O2  conftest.c >&5
configure:2112: $? = 0
configure:2116: test -z 
			 || test ! -s conftest.err
configure:2119: $? = 0
configure:2122: test -s conftest.o
configure:2125: $? = 0
configure:2143: result: none needed
configure:2161: gcc -c -g -O2  conftest.c >&5
conftest.c:2:9: error: expected '=', ',', ';', 'asm' or '__attribute__' before 'me'
configure:2167: $? = 1
configure: failed program was:
| #ifndef __cplusplus
|   choke me
| #endif
configure:2306: checking how to run the C preprocessor
configure:2341: gcc -E  conftest.c
configure:2347: $? = 0
configure:2379: gcc -E  conftest.c
conftest.c:9:28: fatal error: ac_nonexistent.h: No such file or directory
compilation terminated.
configure:2385: $? = 1
configure: failed program was:
| /* confdefs.h.  */
| 
| #define PACKAGE_NAME ""
| #define PACKAGE_TARNAME ""
| #define PACKAGE_VERSION ""
| #define PACKAGE_STRING ""
| #define PACKAGE_BUGREPORT ""
| /* end confdefs.h.  */
| #include <ac_nonexistent.h>
configure:2424: result: gcc -E
configure:2448: gcc -E  conftest.c
configure:2454: $? = 0
configure:2486: gcc -E  conftest.c
conftest.c:9:28: fatal error: ac_nonexistent.h: No such file or directory
compilation terminated.
configure:2492: $? = 1
configure: failed program was:
| /* confdefs.h.  */
| 
| #define PACKAGE_NAME ""
| #define PACKAGE_TARNAME ""
| #define PACKAGE_VERSION ""
| #define PACKAGE_STRING ""
| #define PACKAGE_BUGREPORT ""
| /* end confdefs.h.  */
| #include <ac_nonexistent.h>
configure:2536: checking for egrep
configure:2546: result: grep -E
configure:2551: checking for ANSI C header files
configure:2576: gcc -c -g -O2  conftest.c >&5
configure:2582: $? = 0
configure:2586: test -z 
			 || test ! -s conftest.err
configure:2589: $? = 0
configure:2592: test -s conftest.o
configure:2595: $? = 0
configure:2684: gcc -o conftest -g -O2    conftest.c  >&5
conftest.c: In function 'main':
conftest.c:26:7: warning: incompatible implicit declaration of built-in function 'exit'
configure:2687: $? = 0
configure:2689: ./conftest
configure:2692: $? = 0
configure:2707: result: yes
configure:2731: checking for sys/types.h
configure:2747: gcc -c -g -O2  conftest.c >&5
configure:2753: $? = 0
configure:2757: test -z 
			 || test ! -s conftest.err
configure:2760: $? = 0
configure:2763: test -s conftest.o
configure:2766: $? = 0
configure:2777: result: yes
configure:2731: checking for sys/stat.h
configure:2747: gcc -c -g -O2  conftest.c >&5
configure:2753: $? = 0
configure:2757: test -z 
			 || test ! -s conftest.err
configure:2760: $? = 0
configure:2763: test -s conftest.o
configure:2766: $? = 0
configure:2777: result: yes
configure:2731: checking for stdlib.h
configure:2747: gcc -c -g -O2  conftest.c >&5
configure:2753: $? = 0
configure:2757: test -z 
			 || test ! -s conftest.err
configure:2760: $? = 0
configure:2763: test -s conftest.o
configure:2766: $? = 0
configure:2777: result: yes
configure:2731: checking for string.h
configure:2747: gcc -c -g -O2  conftest.c >&5
configure:2753: $? = 0
configure:2757: test -z 
			 || test ! -s conftest.err
configure:2760: $? = 0
configure:2763: test -s conftest.o
configure:2766: $? = 0
configure:2777: result: yes
configure:2731: checking for memory.h
configure:2747: gcc -c -g -O2  conftest.c >&5
configure:2753: $? = 0
configure:2757: test -z 
			 || test ! -s conftest.err
configure:2760: $? = 0
configure:2763: test -s conftest.o
configure:2766: $? = 0
configure:2777: result: yes
configure:2731: checking for strings.h
configure:2747: gcc -c -g -O2  conftest.c >&5
configure:2753: $? = 0
configure:2757: test -z 
			 || test ! -s conftest.err
configure:2760: $? = 0
configure:2763: test -s conftest.o
configure:2766: $? = 0
configure:2777: result: yes
configure:2731: checking for inttypes.h
configure:2747: gcc -c -g -O2  conftest.c >&5
configure:2753: $? = 0
configure:2757: test -z 
			 || test ! -s conftest.err
configure:2760: $? = 0
configure:2763: test -s conftest.o
configure:2766: $? = 0
configure:2777: result: yes
configure:2731: checking for stdint.h
configure:2747: gcc -c -g -O2  conftest.c >&5
configure:2753: $? = 0
configure:2757: test -z 
			 || test ! -s conftest.err
configure:2760: $? = 0
configure:2763: test -s conftest.o
configure:2766: $? = 0
configure:2777: result: yes
configure:2731: checking for unistd.h
configure:2747: gcc -c -g -O2  conftest.c >&5
configure:2753: $? = 0
configure:2757: test -z 
			 || test ! -s conftest.err
configure:2760: $? = 0
configure:2763: test -s conftest.o
configure:2766: $? = 0
configure:2777: result: yes
configure:2795: checking for unistd.h
configure:2800: result: yes
configure:2804: checking limits.h usability
configure:2816: gcc -c -g -O2  conftest.c >&5
configure:2822: $? = 0
configure:2826: test -z 
			 || test ! -s conftest.err
configure:2829: $? = 0
configure:2832: test -s conftest.o
configure:2835: $? = 0
configure:2845: result: yes
configure:2849: checking limits.h presence
configure:2859: gcc -E  conftest.c
configure:2865: $? = 0
configure:2885: result: yes
configure:2920: checking for limits.h
configure:2927: result: yes
configure:2946: checking for building with threads
configure:3566: result: no (default)
configure:3579: checking if the compiler understands -pipe
configure:3599: gcc -pipe -c -g -O2  conftest.c >&5
configure:3605: $? = 0
configure:3609: test -z 
			 || test ! -s conftest.err
configure:3612: $? = 0
configure:3615: test -s conftest.o
configure:3618: $? = 0
configure:3620: result: yes
configure:3639: checking for required early compiler flags
configure:3662: gcc -pipe -c -g -O2  conftest.c >&5
configure:3668: $? = 0
configure:3672: test -z 
			 || test ! -s conftest.err
configure:3675: $? = 0
configure:3678: test -s conftest.o
configure:3681: $? = 0
configure:3765: gcc -pipe -c -g -O2  conftest.c >&5
conftest.c: In function 'main':
conftest.c:25:15: error: storage size of 'buf' isn't known
configure:3771: $? = 1
configure: failed program was:
| /* confdefs.h.  */
| 
| #define PACKAGE_NAME ""
| #define PACKAGE_TARNAME ""
| #define PACKAGE_VERSION ""
| #define PACKAGE_STRING ""
| #define PACKAGE_BUGREPORT ""
| #define STDC_HEADERS 1
| #define HAVE_SYS_TYPES_H 1
| #define HAVE_SYS_STAT_H 1
| #define HAVE_STDLIB_H 1
| #define HAVE_STRING_H 1
| #define HAVE_MEMORY_H 1
| #define HAVE_STRINGS_H 1
| #define HAVE_INTTYPES_H 1
| #define HAVE_STDINT_H 1
| #define HAVE_UNISTD_H 1
| #define HAVE_UNISTD_H 1
| #define HAVE_LIMITS_H 1
| /* end confdefs.h.  */
| #include <sys/stat.h>
| int
| main ()
| {
| struct stat64 buf; int i = stat64("/", &buf);
|   ;
|   return 0;
| }
configure:3808: gcc -pipe -c -g -O2  conftest.c >&5
configure:3814: $? = 0
configure:3818: test -z 
			 || test ! -s conftest.err
configure:3821: $? = 0
configure:3824: test -s conftest.o
configure:3827: $? = 0
configure:3852: result:  _LARGEFILE64_SOURCE
configure:3857: checking for 64-bit integer type
configure:3881: gcc -pipe -c -g -O2  conftest.c >&5
conftest.c: In function 'main':
conftest.c:26:1: error: '__int64' undeclared (first use in this function)
conftest.c:26:1: note: each undeclared identifier is reported only once for each function it appears in
conftest.c:26:9: error: expected ';' before 'value'
configure:3887: $? = 1
configure: failed program was:
| /* confdefs.h.  */
| 
| #define PACKAGE_NAME ""
| #define PACKAGE_TARNAME ""
| #define PACKAGE_VERSION ""
| #define PACKAGE_STRING ""
| #define PACKAGE_BUGREPORT ""
| #define STDC_HEADERS 1
| #define HAVE_SYS_TYPES_H 1
| #define HAVE_SYS_STAT_H 1
| #define HAVE_STDLIB_H 1
| #define HAVE_STRING_H 1
| #define HAVE_MEMORY_H 1
| #define HAVE_STRINGS_H 1
| #define HAVE_INTTYPES_H 1
| #define HAVE_STDINT_H 1
| #define HAVE_UNISTD_H 1
| #define HAVE_UNISTD_H 1
| #define HAVE_LIMITS_H 1
| #define _LARGEFILE64_SOURCE 1
| /* end confdefs.h.  */
| 
| int
| main ()
| {
| __int64 value = (__int64) 0;
|   ;
|   return 0;
| }
configure:3927: gcc -pipe -o conftest -g -O2    conftest.c  >&5
conftest.c: In function 'main':
conftest.c:23:18: warning: incompatible implicit declaration of built-in function 'exit'
configure:3930: $? = 0
configure:3932: ./conftest
configure:3935: $? = 0
configure:3962: result: long long
configure:3966: checking for struct dirent64
configure:3989: gcc -pipe -c -g -O2  conftest.c >&5
conftest.c:24:24: fatal error: sys/dirent.h: No such file or directory
compilation terminated.
configure:3995: $? = 1
configure: failed program was:
| /* confdefs.h.  */
| 
| #define PACKAGE_NAME ""
| #define PACKAGE_TARNAME ""
| #define PACKAGE_VERSION ""
| #define PACKAGE_STRING ""
| #define PACKAGE_BUGREPORT ""
| #define STDC_HEADERS 1
| #define HAVE_SYS_TYPES_H 1
| #define HAVE_SYS_STAT_H 1
| #define HAVE_STDLIB_H 1
| #define HAVE_STRING_H 1
| #define HAVE_MEMORY_H 1
| #define HAVE_STRINGS_H 1
| #define HAVE_INTTYPES_H 1
| #define HAVE_STDINT_H 1
| #define HAVE_UNISTD_H 1
| #define HAVE_UNISTD_H 1
| #define HAVE_LIMITS_H 1
| #define _LARGEFILE64_SOURCE 1
| #define TCL_WIDE_INT_TYPE long long
| /* end confdefs.h.  */
| #include <sys/types.h>
| #include <sys/dirent.h>
| int
| main ()
| {
| struct dirent64 p;
|   ;
|   return 0;
| }
configure:4026: result: no
configure:4029: checking for struct stat64
configure:4052: gcc -pipe -c -g -O2  conftest.c >&5
configure:4058: $? = 0
configure:4062: test -z 
			 || test ! -s conftest.err
configure:4065: $? = 0
configure:4068: test -s conftest.o
configure:4071: $? = 0
configure:4089: result: yes
configure:4092: checking for off64_t
configure:4115: gcc -pipe -c -g -O2  conftest.c >&5
configure:4121: $? = 0
configure:4125: test -z 
			 || test ! -s conftest.err
configure:4128: $? = 0
configure:4131: test -s conftest.o
configure:4134: $? = 0
configure:4152: result: yes
configure:4161: checking whether byte ordering is bigendian
configure:4188: gcc -pipe -c -g -O2  conftest.c >&5
configure:4194: $? = 0
configure:4198: test -z 
			 || test ! -s conftest.err
configure:4201: $? = 0
configure:4204: test -s conftest.o
configure:4207: $? = 0
configure:4231: gcc -pipe -c -g -O2  conftest.c >&5
conftest.c: In function 'main':
conftest.c:32:2: error: 'not' undeclared (first use in this function)
conftest.c:32:2: note: each undeclared identifier is reported only once for each function it appears in
conftest.c:32:6: error: expected ';' before 'big'
configure:4237: $? = 1
configure: failed program was:
| /* confdefs.h.  */
| 
| #define PACKAGE_NAME ""
| #define PACKAGE_TARNAME ""
| #define PACKAGE_VERSION ""
| #define PACKAGE_STRING ""
| #define PACKAGE_BUGREPORT ""
| #define STDC_HEADERS 1
| #define HAVE_SYS_TYPES_H 1
| #define HAVE_SYS_STAT_H 1
| #define HAVE_STDLIB_H 1
| #define HAVE_STRING_H 1
| #define HAVE_MEMORY_H 1
| #define HAVE_STRINGS_H 1
| #define HAVE_INTTYPES_H 1
| #define HAVE_STDINT_H 1
| #define HAVE_UNISTD_H 1
| #define HAVE_UNISTD_H 1
| #define HAVE_LIMITS_H 1
| #define _LARGEFILE64_SOURCE 1
| #define TCL_WIDE_INT_TYPE long long
| #define HAVE_STRUCT_STAT64 1
| #define HAVE_TYPE_OFF64_T 1
| /* end confdefs.h.  */
| #include <sys/types.h>
| #include <sys/param.h>
| 
| int
| main ()
| {
| #if BYTE_ORDER != BIG_ENDIAN
|  not big endian
| #endif
| 
|   ;
|   return 0;
| }
configure:4372: result: no
configure:4402: checking for getcwd
configure:4459: gcc -pipe -o conftest -g -O2    conftest.c  >&5
configure:4465: $? = 0
configure:4469: test -z 
			 || test ! -s conftest.err
configure:4472: $? = 0
configure:4475: test -s conftest
configure:4478: $? = 0
configure:4490: result: yes
configure:4513: checking for opendir
configure:4570: gcc -pipe -o conftest -g -O2    conftest.c  >&5
configure:4576: $? = 0
configure:4580: test -z 
			 || test ! -s conftest.err
configure:4583: $? = 0
configure:4586: test -s conftest
configure:4589: $? = 0
configure:4601: result: yes
configure:4513: checking for strstr
configure:4570: gcc -pipe -o conftest -g -O2    conftest.c  >&5
conftest.c:51:6: warning: conflicting types for built-in function 'strstr'
configure:4576: $? = 0
configure:4580: test -z 
			 || test ! -s conftest.err
configure:4583: $? = 0
configure:4586: test -s conftest
configure:4589: $? = 0
configure:4601: result: yes
configure:4630: checking for strtol
configure:4687: gcc -pipe -o conftest -g -O2    conftest.c  >&5
configure:4693: $? = 0
configure:4697: test -z 
			 || test ! -s conftest.err
configure:4700: $? = 0
configure:4703: test -s conftest
configure:4706: $? = 0
configure:4718: result: yes
configure:4630: checking for strtoll
configure:4687: gcc -pipe -o conftest -g -O2    conftest.c  >&5
configure:4693: $? = 0
configure:4697: test -z 
			 || test ! -s conftest.err
configure:4700: $? = 0
configure:4703: test -s conftest
configure:4706: $? = 0
configure:4718: result: yes
configure:4630: checking for strtoull
configure:4687: gcc -pipe -o conftest -g -O2    conftest.c  >&5
configure:4693: $? = 0
configure:4697: test -z 
			 || test ! -s conftest.err
configure:4700: $? = 0
configure:4703: test -s conftest
configure:4706: $? = 0
configure:4718: result: yes
configure:4630: checking for tmpnam
configure:4687: gcc -pipe -o conftest -g -O2    conftest.c  >&5
/tmp/ccpzkRxW.o: In function `main':
/home/adrian/_ETSIT-UPM/BECA-SimAntares/sid-1.1/src/tcl/unix/conftest.c:71: warning: the use of `tmpnam' is dangerous, better use `mkstemp'
configure:4693: $? = 0
configure:4697: test -z 
			 || test ! -s conftest.err
configure:4700: $? = 0
configure:4703: test -s conftest
configure:4706: $? = 0
configure:4718: result: yes
configure:4630: checking for waitpid
configure:4687: gcc -pipe -o conftest -g -O2    conftest.c  >&5
configure:4693: $? = 0
configure:4697: test -z 
			 || test ! -s conftest.err
configure:4700: $? = 0
configure:4703: test -s conftest
configure:4706: $? = 0
configure:4718: result: yes
configure:4738: checking for strerror
configure:4795: gcc -pipe -o conftest -g -O2    conftest.c  >&5
configure:4801: $? = 0
configure:4805: test -z 
			 || test ! -s conftest.err
configure:4808: $? = 0
configure:4811: test -s conftest
configure:4814: $? = 0
configure:4826: result: yes
configure:4837: checking for getwd
configure:4894: gcc -pipe -o conftest -g -O2    conftest.c  >&5
/tmp/ccw5qrq5.o: In function `main':
/home/adrian/_ETSIT-UPM/BECA-SimAntares/sid-1.1/src/tcl/unix/conftest.c:73: warning: the `getwd' function is dangerous and should not be used.
configure:4900: $? = 0
configure:4904: test -z 
			 || test ! -s conftest.err
configure:4907: $? = 0
configure:4910: test -s conftest
configure:4913: $? = 0
configure:4925: result: yes
configure:4936: checking for wait3
configure:4993: gcc -pipe -o conftest -g -O2    conftest.c  >&5
configure:4999: $? = 0
configure:5003: test -z 
			 || test ! -s conftest.err
configure:5006: $? = 0
configure:5009: test -s conftest
configure:5012: $? = 0
configure:5024: result: yes
configure:5035: checking for uname
configure:5092: gcc -pipe -o conftest -g -O2    conftest.c  >&5
configure:5098: $? = 0
configure:5102: test -z 
			 || test ! -s conftest.err
configure:5105: $? = 0
configure:5108: test -s conftest
configure:5111: $? = 0
configure:5123: result: yes
configure:5134: checking for realpath
configure:5191: gcc -pipe -o conftest -g -O2    conftest.c  >&5
configure:5197: $? = 0
configure:5201: test -z 
			 || test ! -s conftest.err
configure:5204: $? = 0
configure:5207: test -s conftest
configure:5210: $? = 0
configure:5222: result: yes
configure:5244: checking dirent.h
configure:5281: gcc -pipe -o conftest -g -O2    conftest.c  >&5
configure:5287: $? = 0
configure:5291: test -z 
			 || test ! -s conftest.err
configure:5294: $? = 0
configure:5297: test -s conftest
configure:5300: $? = 0
configure:5319: result: yes
configure:5331: checking errno.h usability
configure:5343: gcc -pipe -c -g -O2  conftest.c >&5
configure:5349: $? = 0
configure:5353: test -z 
			 || test ! -s conftest.err
configure:5356: $? = 0
configure:5359: test -s conftest.o
configure:5362: $? = 0
configure:5372: result: yes
configure:5376: checking errno.h presence
configure:5386: gcc -E  conftest.c
configure:5392: $? = 0
configure:5412: result: yes
configure:5447: checking for errno.h
configure:5454: result: yes
configure:5478: checking float.h usability
configure:5490: gcc -pipe -c -g -O2  conftest.c >&5
configure:5496: $? = 0
configure:5500: test -z 
			 || test ! -s conftest.err
configure:5503: $? = 0
configure:5506: test -s conftest.o
configure:5509: $? = 0
configure:5519: result: yes
configure:5523: checking float.h presence
configure:5533: gcc -E  conftest.c
configure:5539: $? = 0
configure:5559: result: yes
configure:5594: checking for float.h
configure:5601: result: yes
configure:5625: checking values.h usability
configure:5637: gcc -pipe -c -g -O2  conftest.c >&5
configure:5643: $? = 0
configure:5647: test -z 
			 || test ! -s conftest.err
configure:5650: $? = 0
configure:5653: test -s conftest.o
configure:5656: $? = 0
configure:5666: result: yes
configure:5670: checking values.h presence
configure:5680: gcc -E  conftest.c
configure:5686: $? = 0
configure:5706: result: yes
configure:5741: checking for values.h
configure:5748: result: yes
configure:5763: checking for limits.h
configure:5768: result: yes
configure:5910: checking for stdlib.h
configure:5915: result: yes
configure:6111: checking for string.h
configure:6116: result: yes
configure:6309: checking sys/wait.h usability
configure:6321: gcc -pipe -c -g -O2  conftest.c >&5
configure:6327: $? = 0
configure:6331: test -z 
			 || test ! -s conftest.err
configure:6334: $? = 0
configure:6337: test -s conftest.o
configure:6340: $? = 0
configure:6350: result: yes
configure:6354: checking sys/wait.h presence
configure:6364: gcc -E  conftest.c
configure:6370: $? = 0
configure:6390: result: yes
configure:6425: checking for sys/wait.h
configure:6432: result: yes
configure:6456: checking dlfcn.h usability
configure:6468: gcc -pipe -c -g -O2  conftest.c >&5
configure:6474: $? = 0
configure:6478: test -z 
			 || test ! -s conftest.err
configure:6481: $? = 0
configure:6484: test -s conftest.o
configure:6487: $? = 0
configure:6497: result: yes
configure:6501: checking dlfcn.h presence
configure:6511: gcc -E  conftest.c
configure:6517: $? = 0
configure:6537: result: yes
configure:6572: checking for dlfcn.h
configure:6579: result: yes
configure:6602: checking for unistd.h
configure:6607: result: yes
configure:6611: checking sys/param.h usability
configure:6623: gcc -pipe -c -g -O2  conftest.c >&5
configure:6629: $? = 0
configure:6633: test -z 
			 || test ! -s conftest.err
configure:6636: $? = 0
configure:6639: test -s conftest.o
configure:6642: $? = 0
configure:6652: result: yes
configure:6656: checking sys/param.h presence
configure:6666: gcc -E  conftest.c
configure:6672: $? = 0
configure:6692: result: yes
configure:6727: checking for sys/param.h
configure:6734: result: yes
configure:6771: checking sys/modem.h usability
configure:6783: gcc -pipe -c -g -O2  conftest.c >&5
conftest.c:69:23: fatal error: sys/modem.h: No such file or directory
compilation terminated.
configure:6789: $? = 1
configure: failed program was:
| /* confdefs.h.  */
| 
| #define PACKAGE_NAME ""
| #define PACKAGE_TARNAME ""
| #define PACKAGE_VERSION ""
| #define PACKAGE_STRING ""
| #define PACKAGE_BUGREPORT ""
| #define STDC_HEADERS 1
| #define HAVE_SYS_TYPES_H 1
| #define HAVE_SYS_STAT_H 1
| #define HAVE_STDLIB_H 1
| #define HAVE_STRING_H 1
| #define HAVE_MEMORY_H 1
| #define HAVE_STRINGS_H 1
| #define HAVE_INTTYPES_H 1
| #define HAVE_STDINT_H 1
| #define HAVE_UNISTD_H 1
| #define HAVE_UNISTD_H 1
| #define HAVE_LIMITS_H 1
| #define _LARGEFILE64_SOURCE 1
| #define TCL_WIDE_INT_TYPE long long
| #define HAVE_STRUCT_STAT64 1
| #define HAVE_TYPE_OFF64_T 1
| #define HAVE_GETCWD 1
| #define HAVE_OPENDIR 1
| #define HAVE_STRSTR 1
| #define HAVE_STRTOL 1
| #define HAVE_STRTOLL 1
| #define HAVE_STRTOULL 1
| #define HAVE_TMPNAM 1
| #define HAVE_WAITPID 1
| #define HAVE_UNISTD_H 1
| #define HAVE_SYS_PARAM_H 1
| /* end confdefs.h.  */
| #include <stdio.h>
| #if HAVE_SYS_TYPES_H
| # include <sys/types.h>
| #endif
| #if HAVE_SYS_STAT_H
| # include <sys/stat.h>
| #endif
| #if STDC_HEADERS
| # include <stdlib.h>
| # include <stddef.h>
| #else
| # if HAVE_STDLIB_H
| #  include <stdlib.h>
| # endif
| #endif
| #if HAVE_STRING_H
| # if !STDC_HEADERS && HAVE_MEMORY_H
| #  include <memory.h>
| # endif
| # include <string.h>
| #endif
| #if HAVE_STRINGS_H
| # include <strings.h>
| #endif
| #if HAVE_INTTYPES_H
| # include <inttypes.h>
| #else
| # if HAVE_STDINT_H
| #  include <stdint.h>
| # endif
| #endif
| #if HAVE_UNISTD_H
| # include <unistd.h>
| #endif
| #include <sys/modem.h>
configure:6812: result: no
configure:6816: checking sys/modem.h presence
configure:6826: gcc -E  conftest.c
conftest.c:35:23: fatal error: sys/modem.h: No such file or directory
compilation terminated.
configure:6832: $? = 1
configure: failed program was:
| /* confdefs.h.  */
| 
| #define PACKAGE_NAME ""
| #define PACKAGE_TARNAME ""
| #define PACKAGE_VERSION ""
| #define PACKAGE_STRING ""
| #define PACKAGE_BUGREPORT ""
| #define STDC_HEADERS 1
| #define HAVE_SYS_TYPES_H 1
| #define HAVE_SYS_STAT_H 1
| #define HAVE_STDLIB_H 1
| #define HAVE_STRING_H 1
| #define HAVE_MEMORY_H 1
| #define HAVE_STRINGS_H 1
| #define HAVE_INTTYPES_H 1
| #define HAVE_STDINT_H 1
| #define HAVE_UNISTD_H 1
| #define HAVE_UNISTD_H 1
| #define HAVE_LIMITS_H 1
| #define _LARGEFILE64_SOURCE 1
| #define TCL_WIDE_INT_TYPE long long
| #define HAVE_STRUCT_STAT64 1
| #define HAVE_TYPE_OFF64_T 1
| #define HAVE_GETCWD 1
| #define HAVE_OPENDIR 1
| #define HAVE_STRSTR 1
| #define HAVE_STRTOL 1
| #define HAVE_STRTOLL 1
| #define HAVE_STRTOULL 1
| #define HAVE_TMPNAM 1
| #define HAVE_WAITPID 1
| #define HAVE_UNISTD_H 1
| #define HAVE_SYS_PARAM_H 1
| /* end confdefs.h.  */
| #include <sys/modem.h>
configure:6852: result: no
configure:6887: checking for sys/modem.h
configure:6894: result: no
configure:6907: checking termios vs. termio vs. sgtty
configure:6936: gcc -pipe -o conftest -g -O2    conftest.c  >&5
configure:6939: $? = 0
configure:6941: ./conftest
configure:6944: $? = 0
configure:7207: result: termios
configure:7221: checking for fd_set in sys/types
configure:7242: gcc -pipe -c -g -O2  conftest.c >&5
configure:7248: $? = 0
configure:7252: test -z 
			 || test ! -s conftest.err
configure:7255: $? = 0
configure:7258: test -s conftest.o
configure:7261: $? = 0
configure:7273: result: yes
configure:7322: checking whether struct tm is in sys/time.h or time.h
configure:7345: gcc -pipe -c -g -O2  conftest.c >&5
configure:7351: $? = 0
configure:7355: test -z 
			 || test ! -s conftest.err
configure:7358: $? = 0
configure:7361: test -s conftest.o
configure:7364: $? = 0
configure:7375: result: time.h
configure:7400: checking sys/time.h usability
configure:7412: gcc -pipe -c -g -O2  conftest.c >&5
configure:7418: $? = 0
configure:7422: test -z 
			 || test ! -s conftest.err
configure:7425: $? = 0
configure:7428: test -s conftest.o
configure:7431: $? = 0
configure:7441: result: yes
configure:7445: checking sys/time.h presence
configure:7455: gcc -E  conftest.c
configure:7461: $? = 0
configure:7481: result: yes
configure:7516: checking for sys/time.h
configure:7523: result: yes
configure:7536: checking whether time.h and sys/time.h may both be included
configure:7561: gcc -pipe -c -g -O2  conftest.c >&5
configure:7567: $? = 0
configure:7571: test -z 
			 || test ! -s conftest.err
configure:7574: $? = 0
configure:7577: test -s conftest.o
configure:7580: $? = 0
configure:7591: result: yes
configure:7601: checking for struct tm.tm_zone
configure:7627: gcc -pipe -c -g -O2  conftest.c >&5
configure:7633: $? = 0
configure:7637: test -z 
			 || test ! -s conftest.err
configure:7640: $? = 0
configure:7643: test -s conftest.o
configure:7646: $? = 0
configure:7706: result: yes
configure:7797: checking for gmtime_r
configure:7854: gcc -pipe -o conftest -g -O2    conftest.c  >&5
configure:7860: $? = 0
configure:7864: test -z 
			 || test ! -s conftest.err
configure:7867: $? = 0
configure:7870: test -s conftest
configure:7873: $? = 0
configure:7885: result: yes
configure:7797: checking for localtime_r
configure:7854: gcc -pipe -o conftest -g -O2    conftest.c  >&5
configure:7860: $? = 0
configure:7864: test -z 
			 || test ! -s conftest.err
configure:7867: $? = 0
configure:7870: test -s conftest
configure:7873: $? = 0
configure:7885: result: yes
configure:7896: checking tm_tzadj in struct tm
configure:7917: gcc -pipe -c -g -O2  conftest.c >&5
conftest.c: In function 'main':
conftest.c:46:17: error: 'struct tm' has no member named 'tm_tzadj'
configure:7923: $? = 1
configure: failed program was:
| /* confdefs.h.  */
| 
| #define PACKAGE_NAME ""
| #define PACKAGE_TARNAME ""
| #define PACKAGE_VERSION ""
| #define PACKAGE_STRING ""
| #define PACKAGE_BUGREPORT ""
| #define STDC_HEADERS 1
| #define HAVE_SYS_TYPES_H 1
| #define HAVE_SYS_STAT_H 1
| #define HAVE_STDLIB_H 1
| #define HAVE_STRING_H 1
| #define HAVE_MEMORY_H 1
| #define HAVE_STRINGS_H 1
| #define HAVE_INTTYPES_H 1
| #define HAVE_STDINT_H 1
| #define HAVE_UNISTD_H 1
| #define HAVE_UNISTD_H 1
| #define HAVE_LIMITS_H 1
| #define _LARGEFILE64_SOURCE 1
| #define TCL_WIDE_INT_TYPE long long
| #define HAVE_STRUCT_STAT64 1
| #define HAVE_TYPE_OFF64_T 1
| #define HAVE_GETCWD 1
| #define HAVE_OPENDIR 1
| #define HAVE_STRSTR 1
| #define HAVE_STRTOL 1
| #define HAVE_STRTOLL 1
| #define HAVE_STRTOULL 1
| #define HAVE_TMPNAM 1
| #define HAVE_WAITPID 1
| #define HAVE_UNISTD_H 1
| #define HAVE_SYS_PARAM_H 1
| #define USE_TERMIOS 1
| #define HAVE_SYS_TIME_H 1
| #define TIME_WITH_SYS_TIME 1
| #define HAVE_STRUCT_TM_TM_ZONE 1
| #define HAVE_TM_ZONE 1
| #define HAVE_GMTIME_R 1
| #define HAVE_LOCALTIME_R 1
| /* end confdefs.h.  */
| #include <time.h>
| int
| main ()
| {
| struct tm tm; tm.tm_tzadj;
|   ;
|   return 0;
| }
configure:7948: result: no
configure:7957: checking tm_gmtoff in struct tm
configure:7978: gcc -pipe -c -g -O2  conftest.c >&5
configure:7984: $? = 0
configure:7988: test -z 
			 || test ! -s conftest.err
configure:7991: $? = 0
configure:7994: test -s conftest.o
configure:7997: $? = 0
configure:8009: result: yes
configure:8022: checking long timezone variable
configure:8045: gcc -pipe -c -g -O2  conftest.c >&5
conftest.c: In function 'main':
conftest.c:49:6: warning: incompatible implicit declaration of built-in function 'exit'
configure:8051: $? = 0
configure:8055: test -z 
			 || test ! -s conftest.err
configure:8058: $? = 0
configure:8061: test -s conftest.o
configure:8064: $? = 0
configure:8076: result: yes
configure:8157: checking for struct stat.st_blksize
configure:8180: gcc -pipe -c -g -O2  conftest.c >&5
configure:8186: $? = 0
configure:8190: test -z 
			 || test ! -s conftest.err
configure:8193: $? = 0
configure:8196: test -s conftest.o
configure:8199: $? = 0
configure:8256: result: yes
configure:8272: checking for fstatfs
configure:8329: gcc -pipe -o conftest -g -O2    conftest.c  >&5
configure:8335: $? = 0
configure:8339: test -z 
			 || test ! -s conftest.err
configure:8342: $? = 0
configure:8345: test -s conftest
configure:8348: $? = 0
configure:8360: result: yes
configure:8376: checking for working memcmp
configure:8424: gcc -pipe -o conftest -g -O2    conftest.c  >&5
configure:8427: $? = 0
configure:8429: ./conftest
configure:8432: $? = 0
configure:8446: result: yes
configure:8463: checking for memmove
configure:8520: gcc -pipe -o conftest -g -O2    conftest.c  >&5
conftest.c:70:6: warning: conflicting types for built-in function 'memmove'
configure:8526: $? = 0
configure:8530: test -z 
			 || test ! -s conftest.err
configure:8533: $? = 0
configure:8536: test -s conftest
configure:8539: $? = 0
configure:8551: result: yes
configure:8571: checking proper strstr implementation
configure:8591: gcc -pipe -o conftest -g -O2    conftest.c  >&5
conftest.c:47:12: warning: conflicting types for built-in function 'strstr'
conftest.c: In function 'main':
conftest.c:50:5: warning: incompatible implicit declaration of built-in function 'exit'
configure:8594: $? = 0
configure:8596: ./conftest
configure:8599: $? = 0
configure:8613: result: yes
configure:8635: checking for strtoul
configure:8692: gcc -pipe -o conftest -g -O2    conftest.c  >&5
configure:8698: $? = 0
configure:8702: test -z 
			 || test ! -s conftest.err
configure:8705: $? = 0
configure:8708: test -s conftest
configure:8711: $? = 0
configure:8723: result: yes
configure:8755: gcc -pipe -o conftest -g -O2    conftest.c  >&5
conftest.c: In function 'main':
conftest.c:55:9: warning: incompatible implicit declaration of built-in function 'exit'
conftest.c:57:5: warning: incompatible implicit declaration of built-in function 'exit'
configure:8758: $? = 0
configure:8760: ./conftest
configure:8763: $? = 0
configure:8794: checking for strtod
configure:8851: gcc -pipe -o conftest -g -O2    conftest.c  >&5
configure:8857: $? = 0
configure:8861: test -z 
			 || test ! -s conftest.err
configure:8864: $? = 0
configure:8867: test -s conftest
configure:8870: $? = 0
configure:8882: result: yes
configure:8914: gcc -pipe -o conftest -g -O2    conftest.c  >&5
conftest.c: In function 'main':
conftest.c:55:2: warning: incompatible implicit declaration of built-in function 'exit'
conftest.c:57:5: warning: incompatible implicit declaration of built-in function 'exit'
configure:8917: $? = 0
configure:8919: ./conftest
configure:8922: $? = 0
configure:8956: checking for strtod
configure:9044: result: yes
configure:9053: checking for Solaris2.4/Tru64 strtod bugs
configure:9090: gcc -pipe -o conftest -g -O2    conftest.c  >&5
conftest.c: In function 'main':
conftest.c:54:4: warning: incompatible implicit declaration of built-in function 'exit'
conftest.c:58:4: warning: incompatible implicit declaration of built-in function 'exit'
conftest.c:62:4: warning: incompatible implicit declaration of built-in function 'exit'
conftest.c:64:7: warning: incompatible implicit declaration of built-in function 'exit'
configure:9093: $? = 0
configure:9095: ./conftest
configure:9098: $? = 0
configure:9114: result: ok
configure:9141: checking for mode_t
configure:9165: gcc -pipe -c -g -O2  conftest.c >&5
configure:9171: $? = 0
configure:9175: test -z 
			 || test ! -s conftest.err
configure:9178: $? = 0
configure:9181: test -s conftest.o
configure:9184: $? = 0
configure:9195: result: yes
configure:9207: checking for pid_t
configure:9231: gcc -pipe -c -g -O2  conftest.c >&5
configure:9237: $? = 0
configure:9241: test -z 
			 || test ! -s conftest.err
configure:9244: $? = 0
configure:9247: test -s conftest.o
configure:9250: $? = 0
configure:9261: result: yes
configure:9273: checking for size_t
configure:9297: gcc -pipe -c -g -O2  conftest.c >&5
configure:9303: $? = 0
configure:9307: test -z 
			 || test ! -s conftest.err
configure:9310: $? = 0
configure:9313: test -s conftest.o
configure:9316: $? = 0
configure:9327: result: yes
configure:9339: checking for uid_t in sys/types.h
configure:9362: result: yes
configure:9378: checking for socklen_t
configure:9408: result: yes
configure:9424: checking for opendir
configure:9512: result: yes
configure:9532: checking union wait
configure:9558: gcc -pipe -o conftest -g -O2    conftest.c  >&5
configure:9564: $? = 0
configure:9568: test -z 
			 || test ! -s conftest.err
configure:9571: $? = 0
configure:9574: test -s conftest
configure:9577: $? = 0
configure:9590: result: yes
configure:9605: checking for strncasecmp
configure:9662: gcc -pipe -o conftest -g -O2    conftest.c  >&5
conftest.c:70:6: warning: conflicting types for built-in function 'strncasecmp'
configure:9668: $? = 0
configure:9672: test -z 
			 || test ! -s conftest.err
configure:9675: $? = 0
configure:9678: test -s conftest
configure:9681: $? = 0
configure:9693: result: yes
configure:9868: checking for BSDgettimeofday
configure:9925: gcc -pipe -o conftest -g -O2    conftest.c  >&5
/tmp/ccAukYo8.o: In function `main':
/home/adrian/_ETSIT-UPM/BECA-SimAntares/sid-1.1/src/tcl/unix/conftest.c:86: undefined reference to `BSDgettimeofday'
/tmp/ccAukYo8.o:(.data+0x0): undefined reference to `BSDgettimeofday'
collect2: ld returned 1 exit status
configure:9931: $? = 1
configure: failed program was:
| /* confdefs.h.  */
| 
| #define PACKAGE_NAME ""
| #define PACKAGE_TARNAME ""
| #define PACKAGE_VERSION ""
| #define PACKAGE_STRING ""
| #define PACKAGE_BUGREPORT ""
| #define STDC_HEADERS 1
| #define HAVE_SYS_TYPES_H 1
| #define HAVE_SYS_STAT_H 1
| #define HAVE_STDLIB_H 1
| #define HAVE_STRING_H 1
| #define HAVE_MEMORY_H 1
| #define HAVE_STRINGS_H 1
| #define HAVE_INTTYPES_H 1
| #define HAVE_STDINT_H 1
| #define HAVE_UNISTD_H 1
| #define HAVE_UNISTD_H 1
| #define HAVE_LIMITS_H 1
| #define _LARGEFILE64_SOURCE 1
| #define TCL_WIDE_INT_TYPE long long
| #define HAVE_STRUCT_STAT64 1
| #define HAVE_TYPE_OFF64_T 1
| #define HAVE_GETCWD 1
| #define HAVE_OPENDIR 1
| #define HAVE_STRSTR 1
| #define HAVE_STRTOL 1
| #define HAVE_STRTOLL 1
| #define HAVE_STRTOULL 1
| #define HAVE_TMPNAM 1
| #define HAVE_WAITPID 1
| #define HAVE_UNISTD_H 1
| #define HAVE_SYS_PARAM_H 1
| #define USE_TERMIOS 1
| #define HAVE_SYS_TIME_H 1
| #define TIME_WITH_SYS_TIME 1
| #define HAVE_STRUCT_TM_TM_ZONE 1
| #define HAVE_TM_ZONE 1
| #define HAVE_GMTIME_R 1
| #define HAVE_LOCALTIME_R 1
| #define HAVE_TM_GMTOFF 1
| #define HAVE_TIMEZONE_VAR 1
| #define HAVE_STRUCT_STAT_ST_BLKSIZE 1
| #define HAVE_ST_BLKSIZE 1
| /* end confdefs.h.  */
| /* Define BSDgettimeofday to an innocuous variant, in case <limits.h> declares BSDgettimeofday.
|    For example, HP-UX 11i <limits.h> declares gettimeofday.  */
| #define BSDgettimeofday innocuous_BSDgettimeofday
| 
| /* System header to define __stub macros and hopefully few prototypes,
|     which can conflict with char BSDgettimeofday (); below.
|     Prefer <limits.h> to <assert.h> if __STDC__ is defined, since
|     <limits.h> exists even on freestanding compilers.  */
| 
| #ifdef __STDC__
| # include <limits.h>
| #else
| # include <assert.h>
| #endif
| 
| #undef BSDgettimeofday
| 
| /* Override any gcc2 internal prototype to avoid an error.  */
| #ifdef __cplusplus
| extern "C"
| {
| #endif
| /* We use char because int might match the return type of a gcc2
|    builtin and then its argument prototype would still apply.  */
| char BSDgettimeofday ();
| /* The GNU C library defines this for functions which it implements
|     to always fail with ENOSYS.  Some functions are actually named
|     something starting with __ and the normal name is an alias.  */
| #if defined (__stub_BSDgettimeofday) || defined (__stub___BSDgettimeofday)
| choke me
| #else
| char (*f) () = BSDgettimeofday;
| #endif
| #ifdef __cplusplus
| }
| #endif
| 
| int
| main ()
| {
| return f != BSDgettimeofday;
|   ;
|   return 0;
| }
configure:9956: result: no
configure:9965: checking for gettimeofday
configure:10022: gcc -pipe -o conftest -g -O2    conftest.c  >&5
configure:10028: $? = 0
configure:10032: test -z 
			 || test ! -s conftest.err
configure:10035: $? = 0
configure:10038: test -s conftest
configure:10041: $? = 0
configure:10053: result: yes
configure:10067: checking for gettimeofday declaration
configure:10091: result: present
configure:10107: checking whether char is unsigned
configure:10130: gcc -pipe -c -g -O2  conftest.c >&5
configure:10136: $? = 0
configure:10140: test -z 
			 || test ! -s conftest.err
configure:10143: $? = 0
configure:10146: test -s conftest.o
configure:10149: $? = 0
configure:10160: result: no
configure:10169: checking signed char declarations
configure:10193: gcc -pipe -c -g -O2  conftest.c >&5
configure:10199: $? = 0
configure:10203: test -z 
			 || test ! -s conftest.err
configure:10206: $? = 0
configure:10209: test -s conftest.o
configure:10212: $? = 0
configure:10224: result: yes
configure:10237: checking for a putenv() that copies the buffer
configure:10272: gcc -pipe -o conftest -g -O2    conftest.c  >&5
conftest.c: In function 'main':
conftest.c:53:20: warning: incompatible implicit declaration of built-in function 'strdup'
conftest.c:55:6: warning: incompatible implicit declaration of built-in function 'strcpy'
conftest.c:55:22: warning: incompatible implicit declaration of built-in function 'strchr'
configure:10275: $? = 0
configure:10277: ./conftest
configure:10280: $? = 0
configure:10296: result: no
configure:10331: checking langinfo.h usability
configure:10343: gcc -pipe -c -g -O2  conftest.c >&5
configure:10349: $? = 0
configure:10353: test -z 
			 || test ! -s conftest.err
configure:10356: $? = 0
configure:10359: test -s conftest.o
configure:10362: $? = 0
configure:10372: result: yes
configure:10376: checking langinfo.h presence
configure:10386: gcc -E  conftest.c
configure:10392: $? = 0
configure:10412: result: yes
configure:10447: checking for langinfo.h
configure:10454: result: yes
configure:10467: checking whether to use nl_langinfo
configure:10486: gcc -pipe -c -g -O2  conftest.c >&5
configure:10492: $? = 0
configure:10496: test -z 
			 || test ! -s conftest.err
configure:10499: $? = 0
configure:10502: test -s conftest.o
configure:10505: $? = 0
configure:10525: result: yes
configure:10541: checking for sin
configure:10598: gcc -pipe -o conftest -g -O2    conftest.c  >&5
conftest.c:72:6: warning: conflicting types for built-in function 'sin'
/tmp/ccILcX0y.o: In function `main':
/home/adrian/_ETSIT-UPM/BECA-SimAntares/sid-1.1/src/tcl/unix/conftest.c:88: undefined reference to `sin'
/tmp/ccILcX0y.o:(.data+0x0): undefined reference to `sin'
collect2: ld returned 1 exit status
configure:10604: $? = 1
configure: failed program was:
| /* confdefs.h.  */
| 
| #define PACKAGE_NAME ""
| #define PACKAGE_TARNAME ""
| #define PACKAGE_VERSION ""
| #define PACKAGE_STRING ""
| #define PACKAGE_BUGREPORT ""
| #define STDC_HEADERS 1
| #define HAVE_SYS_TYPES_H 1
| #define HAVE_SYS_STAT_H 1
| #define HAVE_STDLIB_H 1
| #define HAVE_STRING_H 1
| #define HAVE_MEMORY_H 1
| #define HAVE_STRINGS_H 1
| #define HAVE_INTTYPES_H 1
| #define HAVE_STDINT_H 1
| #define HAVE_UNISTD_H 1
| #define HAVE_UNISTD_H 1
| #define HAVE_LIMITS_H 1
| #define _LARGEFILE64_SOURCE 1
| #define TCL_WIDE_INT_TYPE long long
| #define HAVE_STRUCT_STAT64 1
| #define HAVE_TYPE_OFF64_T 1
| #define HAVE_GETCWD 1
| #define HAVE_OPENDIR 1
| #define HAVE_STRSTR 1
| #define HAVE_STRTOL 1
| #define HAVE_STRTOLL 1
| #define HAVE_STRTOULL 1
| #define HAVE_TMPNAM 1
| #define HAVE_WAITPID 1
| #define HAVE_UNISTD_H 1
| #define HAVE_SYS_PARAM_H 1
| #define USE_TERMIOS 1
| #define HAVE_SYS_TIME_H 1
| #define TIME_WITH_SYS_TIME 1
| #define HAVE_STRUCT_TM_TM_ZONE 1
| #define HAVE_TM_ZONE 1
| #define HAVE_GMTIME_R 1
| #define HAVE_LOCALTIME_R 1
| #define HAVE_TM_GMTOFF 1
| #define HAVE_TIMEZONE_VAR 1
| #define HAVE_STRUCT_STAT_ST_BLKSIZE 1
| #define HAVE_ST_BLKSIZE 1
| #define HAVE_SIGNED_CHAR 1
| #define HAVE_LANGINFO 1
| /* end confdefs.h.  */
| /* Define sin to an innocuous variant, in case <limits.h> declares sin.
|    For example, HP-UX 11i <limits.h> declares gettimeofday.  */
| #define sin innocuous_sin
| 
| /* System header to define __stub macros and hopefully few prototypes,
|     which can conflict with char sin (); below.
|     Prefer <limits.h> to <assert.h> if __STDC__ is defined, since
|     <limits.h> exists even on freestanding compilers.  */
| 
| #ifdef __STDC__
| # include <limits.h>
| #else
| # include <assert.h>
| #endif
| 
| #undef sin
| 
| /* Override any gcc2 internal prototype to avoid an error.  */
| #ifdef __cplusplus
| extern "C"
| {
| #endif
| /* We use char because int might match the return type of a gcc2
|    builtin and then its argument prototype would still apply.  */
| char sin ();
| /* The GNU C library defines this for functions which it implements
|     to always fail with ENOSYS.  Some functions are actually named
|     something starting with __ and the normal name is an alias.  */
| #if defined (__stub_sin) || defined (__stub___sin)
| choke me
| #else
| char (*f) () = sin;
| #endif
| #ifdef __cplusplus
| }
| #endif
| 
| int
| main ()
| {
| return f != sin;
|   ;
|   return 0;
| }
configure:10629: result: no
configure:10637: checking for main in -lieee
configure:10661: gcc -pipe -o conftest -g -O2    conftest.c -lieee   >&5
configure:10667: $? = 0
configure:10671: test -z 
			 || test ! -s conftest.err
configure:10674: $? = 0
configure:10677: test -s conftest
configure:10680: $? = 0
configure:10693: result: yes
configure:10705: checking for main in -linet
configure:10729: gcc -pipe -o conftest -g -O2    conftest.c -linet   >&5
/usr/local/bin/ld: cannot find -linet
collect2: ld returned 1 exit status
configure:10735: $? = 1
configure: failed program was:
| /* confdefs.h.  */
| 
| #define PACKAGE_NAME ""
| #define PACKAGE_TARNAME ""
| #define PACKAGE_VERSION ""
| #define PACKAGE_STRING ""
| #define PACKAGE_BUGREPORT ""
| #define STDC_HEADERS 1
| #define HAVE_SYS_TYPES_H 1
| #define HAVE_SYS_STAT_H 1
| #define HAVE_STDLIB_H 1
| #define HAVE_STRING_H 1
| #define HAVE_MEMORY_H 1
| #define HAVE_STRINGS_H 1
| #define HAVE_INTTYPES_H 1
| #define HAVE_STDINT_H 1
| #define HAVE_UNISTD_H 1
| #define HAVE_UNISTD_H 1
| #define HAVE_LIMITS_H 1
| #define _LARGEFILE64_SOURCE 1
| #define TCL_WIDE_INT_TYPE long long
| #define HAVE_STRUCT_STAT64 1
| #define HAVE_TYPE_OFF64_T 1
| #define HAVE_GETCWD 1
| #define HAVE_OPENDIR 1
| #define HAVE_STRSTR 1
| #define HAVE_STRTOL 1
| #define HAVE_STRTOLL 1
| #define HAVE_STRTOULL 1
| #define HAVE_TMPNAM 1
| #define HAVE_WAITPID 1
| #define HAVE_UNISTD_H 1
| #define HAVE_SYS_PARAM_H 1
| #define USE_TERMIOS 1
| #define HAVE_SYS_TIME_H 1
| #define TIME_WITH_SYS_TIME 1
| #define HAVE_STRUCT_TM_TM_ZONE 1
| #define HAVE_TM_ZONE 1
| #define HAVE_GMTIME_R 1
| #define HAVE_LOCALTIME_R 1
| #define HAVE_TM_GMTOFF 1
| #define HAVE_TIMEZONE_VAR 1
| #define HAVE_STRUCT_STAT_ST_BLKSIZE 1
| #define HAVE_ST_BLKSIZE 1
| #define HAVE_SIGNED_CHAR 1
| #define HAVE_LANGINFO 1
| /* end confdefs.h.  */
| 
| 
| int
| main ()
| {
| main ();
|   ;
|   return 0;
| }
configure:10761: result: no
configure:10777: checking net/errno.h usability
configure:10789: gcc -pipe -c -g -O2  conftest.c >&5
conftest.c:82:23: fatal error: net/errno.h: No such file or directory
compilation terminated.
configure:10795: $? = 1
configure: failed program was:
| /* confdefs.h.  */
| 
| #define PACKAGE_NAME ""
| #define PACKAGE_TARNAME ""
| #define PACKAGE_VERSION ""
| #define PACKAGE_STRING ""
| #define PACKAGE_BUGREPORT ""
| #define STDC_HEADERS 1
| #define HAVE_SYS_TYPES_H 1
| #define HAVE_SYS_STAT_H 1
| #define HAVE_STDLIB_H 1
| #define HAVE_STRING_H 1
| #define HAVE_MEMORY_H 1
| #define HAVE_STRINGS_H 1
| #define HAVE_INTTYPES_H 1
| #define HAVE_STDINT_H 1
| #define HAVE_UNISTD_H 1
| #define HAVE_UNISTD_H 1
| #define HAVE_LIMITS_H 1
| #define _LARGEFILE64_SOURCE 1
| #define TCL_WIDE_INT_TYPE long long
| #define HAVE_STRUCT_STAT64 1
| #define HAVE_TYPE_OFF64_T 1
| #define HAVE_GETCWD 1
| #define HAVE_OPENDIR 1
| #define HAVE_STRSTR 1
| #define HAVE_STRTOL 1
| #define HAVE_STRTOLL 1
| #define HAVE_STRTOULL 1
| #define HAVE_TMPNAM 1
| #define HAVE_WAITPID 1
| #define HAVE_UNISTD_H 1
| #define HAVE_SYS_PARAM_H 1
| #define USE_TERMIOS 1
| #define HAVE_SYS_TIME_H 1
| #define TIME_WITH_SYS_TIME 1
| #define HAVE_STRUCT_TM_TM_ZONE 1
| #define HAVE_TM_ZONE 1
| #define HAVE_GMTIME_R 1
| #define HAVE_LOCALTIME_R 1
| #define HAVE_TM_GMTOFF 1
| #define HAVE_TIMEZONE_VAR 1
| #define HAVE_STRUCT_STAT_ST_BLKSIZE 1
| #define HAVE_ST_BLKSIZE 1
| #define HAVE_SIGNED_CHAR 1
| #define HAVE_LANGINFO 1
| /* end confdefs.h.  */
| #include <stdio.h>
| #if HAVE_SYS_TYPES_H
| # include <sys/types.h>
| #endif
| #if HAVE_SYS_STAT_H
| # include <sys/stat.h>
| #endif
| #if STDC_HEADERS
| # include <stdlib.h>
| # include <stddef.h>
| #else
| # if HAVE_STDLIB_H
| #  include <stdlib.h>
| # endif
| #endif
| #if HAVE_STRING_H
| # if !STDC_HEADERS && HAVE_MEMORY_H
| #  include <memory.h>
| # endif
| # include <string.h>
| #endif
| #if HAVE_STRINGS_H
| # include <strings.h>
| #endif
| #if HAVE_INTTYPES_H
| # include <inttypes.h>
| #else
| # if HAVE_STDINT_H
| #  include <stdint.h>
| # endif
| #endif
| #if HAVE_UNISTD_H
| # include <unistd.h>
| #endif
| #include <net/errno.h>
configure:10818: result: no
configure:10822: checking net/errno.h presence
configure:10832: gcc -E  conftest.c
conftest.c:48:23: fatal error: net/errno.h: No such file or directory
compilation terminated.
configure:10838: $? = 1
configure: failed program was:
| /* confdefs.h.  */
| 
| #define PACKAGE_NAME ""
| #define PACKAGE_TARNAME ""
| #define PACKAGE_VERSION ""
| #define PACKAGE_STRING ""
| #define PACKAGE_BUGREPORT ""
| #define STDC_HEADERS 1
| #define HAVE_SYS_TYPES_H 1
| #define HAVE_SYS_STAT_H 1
| #define HAVE_STDLIB_H 1
| #define HAVE_STRING_H 1
| #define HAVE_MEMORY_H 1
| #define HAVE_STRINGS_H 1
| #define HAVE_INTTYPES_H 1
| #define HAVE_STDINT_H 1
| #define HAVE_UNISTD_H 1
| #define HAVE_UNISTD_H 1
| #define HAVE_LIMITS_H 1
| #define _LARGEFILE64_SOURCE 1
| #define TCL_WIDE_INT_TYPE long long
| #define HAVE_STRUCT_STAT64 1
| #define HAVE_TYPE_OFF64_T 1
| #define HAVE_GETCWD 1
| #define HAVE_OPENDIR 1
| #define HAVE_STRSTR 1
| #define HAVE_STRTOL 1
| #define HAVE_STRTOLL 1
| #define HAVE_STRTOULL 1
| #define HAVE_TMPNAM 1
| #define HAVE_WAITPID 1
| #define HAVE_UNISTD_H 1
| #define HAVE_SYS_PARAM_H 1
| #define USE_TERMIOS 1
| #define HAVE_SYS_TIME_H 1
| #define TIME_WITH_SYS_TIME 1
| #define HAVE_STRUCT_TM_TM_ZONE 1
| #define HAVE_TM_ZONE 1
| #define HAVE_GMTIME_R 1
| #define HAVE_LOCALTIME_R 1
| #define HAVE_TM_GMTOFF 1
| #define HAVE_TIMEZONE_VAR 1
| #define HAVE_STRUCT_STAT_ST_BLKSIZE 1
| #define HAVE_ST_BLKSIZE 1
| #define HAVE_SIGNED_CHAR 1
| #define HAVE_LANGINFO 1
| /* end confdefs.h.  */
| #include <net/errno.h>
configure:10858: result: no
configure:10893: checking for net/errno.h
configure:10900: result: no
configure:10932: checking for connect
configure:10989: gcc -pipe -o conftest -g -O2    conftest.c  >&5
configure:10995: $? = 0
configure:10999: test -z 
			 || test ! -s conftest.err
configure:11002: $? = 0
configure:11005: test -s conftest
configure:11008: $? = 0
configure:11020: result: yes
configure:11295: checking for gethostbyname
configure:11352: gcc -pipe -o conftest -g -O2    conftest.c  >&5
configure:11358: $? = 0
configure:11362: test -z 
			 || test ! -s conftest.err
configure:11365: $? = 0
configure:11368: test -s conftest
configure:11371: $? = 0
configure:11383: result: yes
configure:11472: checking how to build libraries
configure:11494: result: static
configure:11513: checking for i686-pc-linux-gnu-ranlib
configure:11539: result: ranlib
configure:11594: checking if 64bit support is requested
configure:11609: result: no
configure:11614: checking if 64bit Sparc VIS support is requested
configure:11631: result: no
configure:11638: checking system version (for dynamic loading)
configure:11658: result: Linux-2.6.38-8-generic
configure:11666: checking for dlopen in -ldl
configure:11696: gcc -pipe -o conftest -g -O2    conftest.c -ldl   >&5
configure:11702: $? = 0
configure:11706: test -z 
			 || test ! -s conftest.err
configure:11709: $? = 0
configure:11712: test -s conftest
configure:11715: $? = 0
configure:11728: result: yes
configure:11762: checking for ar
configure:11788: result: ar
configure:13619: checking for build with symbols
configure:13633: result: no
configure:13700: checking sys/ioctl.h usability
configure:13712: gcc -pipe -c -g -O2  conftest.c >&5
configure:13718: $? = 0
configure:13722: test -z 
			 || test ! -s conftest.err
configure:13725: $? = 0
configure:13728: test -s conftest.o
configure:13731: $? = 0
configure:13741: result: yes
configure:13745: checking sys/ioctl.h presence
configure:13755: gcc -E  conftest.c
configure:13761: $? = 0
configure:13781: result: yes
configure:13816: checking for sys/ioctl.h
configure:13823: result: yes
configure:13850: checking sys/filio.h usability
configure:13862: gcc -pipe -c -g -O2  conftest.c >&5
conftest.c:85:23: fatal error: sys/filio.h: No such file or directory
compilation terminated.
configure:13868: $? = 1
configure: failed program was:
| /* confdefs.h.  */
| 
| #define PACKAGE_NAME ""
| #define PACKAGE_TARNAME ""
| #define PACKAGE_VERSION ""
| #define PACKAGE_STRING ""
| #define PACKAGE_BUGREPORT ""
| #define STDC_HEADERS 1
| #define HAVE_SYS_TYPES_H 1
| #define HAVE_SYS_STAT_H 1
| #define HAVE_STDLIB_H 1
| #define HAVE_STRING_H 1
| #define HAVE_MEMORY_H 1
| #define HAVE_STRINGS_H 1
| #define HAVE_INTTYPES_H 1
| #define HAVE_STDINT_H 1
| #define HAVE_UNISTD_H 1
| #define HAVE_UNISTD_H 1
| #define HAVE_LIMITS_H 1
| #define _LARGEFILE64_SOURCE 1
| #define TCL_WIDE_INT_TYPE long long
| #define HAVE_STRUCT_STAT64 1
| #define HAVE_TYPE_OFF64_T 1
| #define HAVE_GETCWD 1
| #define HAVE_OPENDIR 1
| #define HAVE_STRSTR 1
| #define HAVE_STRTOL 1
| #define HAVE_STRTOLL 1
| #define HAVE_STRTOULL 1
| #define HAVE_TMPNAM 1
| #define HAVE_WAITPID 1
| #define HAVE_UNISTD_H 1
| #define HAVE_SYS_PARAM_H 1
| #define USE_TERMIOS 1
| #define HAVE_SYS_TIME_H 1
| #define TIME_WITH_SYS_TIME 1
| #define HAVE_STRUCT_TM_TM_ZONE 1
| #define HAVE_TM_ZONE 1
| #define HAVE_GMTIME_R 1
| #define HAVE_LOCALTIME_R 1
| #define HAVE_TM_GMTOFF 1
| #define HAVE_TIMEZONE_VAR 1
| #define HAVE_STRUCT_STAT_ST_BLKSIZE 1
| #define HAVE_ST_BLKSIZE 1
| #define HAVE_SIGNED_CHAR 1
| #define HAVE_LANGINFO 1
| #define STATIC_BUILD 1
| #define PEEK_XCLOSEIM 1
| #define HAVE_SYS_IOCTL_H 1
| /* end confdefs.h.  */
| #include <stdio.h>
| #if HAVE_SYS_TYPES_H
| # include <sys/types.h>
| #endif
| #if HAVE_SYS_STAT_H
| # include <sys/stat.h>
| #endif
| #if STDC_HEADERS
| # include <stdlib.h>
| # include <stddef.h>
| #else
| # if HAVE_STDLIB_H
| #  include <stdlib.h>
| # endif
| #endif
| #if HAVE_STRING_H
| # if !STDC_HEADERS && HAVE_MEMORY_H
| #  include <memory.h>
| # endif
| # include <string.h>
| #endif
| #if HAVE_STRINGS_H
| # include <strings.h>
| #endif
| #if HAVE_INTTYPES_H
| # include <inttypes.h>
| #else
| # if HAVE_STDINT_H
| #  include <stdint.h>
| # endif
| #endif
| #if HAVE_UNISTD_H
| # include <unistd.h>
| #endif
| #include <sys/filio.h>
configure:13891: result: no
configure:13895: checking sys/filio.h presence
configure:13905: gcc -E  conftest.c
conftest.c:51:23: fatal error: sys/filio.h: No such file or directory
compilation terminated.
configure:13911: $? = 1
configure: failed program was:
| /* confdefs.h.  */
| 
| #define PACKAGE_NAME ""
| #define PACKAGE_TARNAME ""
| #define PACKAGE_VERSION ""
| #define PACKAGE_STRING ""
| #define PACKAGE_BUGREPORT ""
| #define STDC_HEADERS 1
| #define HAVE_SYS_TYPES_H 1
| #define HAVE_SYS_STAT_H 1
| #define HAVE_STDLIB_H 1
| #define HAVE_STRING_H 1
| #define HAVE_MEMORY_H 1
| #define HAVE_STRINGS_H 1
| #define HAVE_INTTYPES_H 1
| #define HAVE_STDINT_H 1
| #define HAVE_UNISTD_H 1
| #define HAVE_UNISTD_H 1
| #define HAVE_LIMITS_H 1
| #define _LARGEFILE64_SOURCE 1
| #define TCL_WIDE_INT_TYPE long long
| #define HAVE_STRUCT_STAT64 1
| #define HAVE_TYPE_OFF64_T 1
| #define HAVE_GETCWD 1
| #define HAVE_OPENDIR 1
| #define HAVE_STRSTR 1
| #define HAVE_STRTOL 1
| #define HAVE_STRTOLL 1
| #define HAVE_STRTOULL 1
| #define HAVE_TMPNAM 1
| #define HAVE_WAITPID 1
| #define HAVE_UNISTD_H 1
| #define HAVE_SYS_PARAM_H 1
| #define USE_TERMIOS 1
| #define HAVE_SYS_TIME_H 1
| #define TIME_WITH_SYS_TIME 1
| #define HAVE_STRUCT_TM_TM_ZONE 1
| #define HAVE_TM_ZONE 1
| #define HAVE_GMTIME_R 1
| #define HAVE_LOCALTIME_R 1
| #define HAVE_TM_GMTOFF 1
| #define HAVE_TIMEZONE_VAR 1
| #define HAVE_STRUCT_STAT_ST_BLKSIZE 1
| #define HAVE_ST_BLKSIZE 1
| #define HAVE_SIGNED_CHAR 1
| #define HAVE_LANGINFO 1
| #define STATIC_BUILD 1
| #define PEEK_XCLOSEIM 1
| #define HAVE_SYS_IOCTL_H 1
| /* end confdefs.h.  */
| #include <sys/filio.h>
configure:13931: result: no
configure:13966: checking for sys/filio.h
configure:13973: result: no
configure:13986: checking FIONBIO vs. O_NONBLOCK for nonblocking I/O
configure:14037: result: O_NONBLOCK
configure:14053: checking how to package libraries
configure:14080: result: standard shared library
configure:14342: creating ./config.status

## ---------------------- ##
## Running config.status. ##
## ---------------------- ##

This file was extended by config.status, which was
generated by GNU Autoconf 2.59.  Invocation command line was

  CONFIG_FILES    = 
  CONFIG_HEADERS  = 
  CONFIG_LINKS    = 
  CONFIG_COMMANDS = 
  $ ./config.status 

on sirio

config.status:698: creating Makefile
config.status:698: creating dltest/Makefile
config.status:698: creating tclConfig.sh

## ---------------- ##
## Cache variables. ##
## ---------------- ##

ac_cv_build=i686-pc-linux-gnu
ac_cv_build_alias=i686-pc-linux-gnu
ac_cv_c_bigendian=no
ac_cv_c_char_unsigned=no
ac_cv_c_compiler_gnu=yes
ac_cv_env_CC_set=set
ac_cv_env_CC_value=gcc
ac_cv_env_CFLAGS_set=set
ac_cv_env_CFLAGS_value='-g -O2'
ac_cv_env_CPPFLAGS_set=
ac_cv_env_CPPFLAGS_value=
ac_cv_env_CPP_set=
ac_cv_env_CPP_value=
ac_cv_env_LDFLAGS_set=set
ac_cv_env_LDFLAGS_value=' '
ac_cv_env_build_alias_set=set
ac_cv_env_build_alias_value=i686-pc-linux-gnu
ac_cv_env_host_alias_set=set
ac_cv_env_host_alias_value=i686-pc-linux-gnu
ac_cv_env_target_alias_set=set
ac_cv_env_target_alias_value=i686-pc-linux-gnu
ac_cv_exeext=
ac_cv_func_BSDgettimeofday=no
ac_cv_func_connect=yes
ac_cv_func_fstatfs=yes
ac_cv_func_getcwd=yes
ac_cv_func_gethostbyname=yes
ac_cv_func_gettimeofday=yes
ac_cv_func_getwd=yes
ac_cv_func_gmtime_r=yes
ac_cv_func_localtime_r=yes
ac_cv_func_memcmp_working=yes
ac_cv_func_memmove=yes
ac_cv_func_opendir=yes
ac_cv_func_realpath=yes
ac_cv_func_sin=no
ac_cv_func_strerror=yes
ac_cv_func_strncasecmp=yes
ac_cv_func_strstr=yes
ac_cv_func_strtod=yes
ac_cv_func_strtol=yes
ac_cv_func_strtoll=yes
ac_cv_func_strtoul=yes
ac_cv_func_strtoull=yes
ac_cv_func_tmpnam=yes
ac_cv_func_uname=yes
ac_cv_func_wait3=yes
ac_cv_func_waitpid=yes
ac_cv_header_dlfcn_h=yes
ac_cv_header_errno_h=yes
ac_cv_header_float_h=yes
ac_cv_header_inttypes_h=yes
ac_cv_header_langinfo_h=yes
ac_cv_header_limits_h=yes
ac_cv_header_memory_h=yes
ac_cv_header_net_errno_h=no
ac_cv_header_stdc=yes
ac_cv_header_stdint_h=yes
ac_cv_header_stdlib_h=yes
ac_cv_header_string_h=yes
ac_cv_header_strings_h=yes
ac_cv_header_sys_filio_h=no
ac_cv_header_sys_ioctl_h=yes
ac_cv_header_sys_modem_h=no
ac_cv_header_sys_param_h=yes
ac_cv_header_sys_stat_h=yes
ac_cv_header_sys_time_h=yes
ac_cv_header_sys_types_h=yes
ac_cv_header_sys_wait_h=yes
ac_cv_header_time=yes
ac_cv_header_unistd_h=yes
ac_cv_header_values_h=yes
ac_cv_host=i686-pc-linux-gnu
ac_cv_host_alias=i686-pc-linux-gnu
ac_cv_lib_dl_dlopen=yes
ac_cv_lib_ieee_main=yes
ac_cv_lib_inet_main=no
ac_cv_member_struct_stat_st_blksize=yes
ac_cv_member_struct_tm_tm_zone=yes
ac_cv_objext=o
ac_cv_prog_AR=ar
ac_cv_prog_CC=gcc
ac_cv_prog_CPP='gcc -E'
ac_cv_prog_RANLIB=ranlib
ac_cv_prog_cc_g=yes
ac_cv_prog_cc_stdc=
ac_cv_prog_egrep='grep -E'
ac_cv_prog_make_make_set=yes
ac_cv_struct_tm=time.h
ac_cv_type_mode_t=yes
ac_cv_type_pid_t=yes
ac_cv_type_size_t=yes
ac_cv_type_socklen_t=yes
ac_cv_type_uid_t=yes
tcl_cv_api_serial=termios
tcl_cv_char_signed=yes
tcl_cv_flag__isoc99_source=no
tcl_cv_flag__largefile64_source=yes
tcl_cv_grep_gettimeofday=present
tcl_cv_member_tm_gmtoff=yes
tcl_cv_member_tm_tzadj=no
tcl_cv_putenv_copy=no
tcl_cv_strtod_buggy=1
tcl_cv_struct_dirent64=no
tcl_cv_struct_stat64=yes
tcl_cv_timezone_long=yes
tcl_cv_type_64bit='long long'
tcl_cv_type_fd_set=yes
tcl_cv_type_off64_t=yes
tcl_cv_union_wait=yes

## ----------------- ##
## Output variables. ##
## ----------------- ##

AR='ar'
BUILD_DLTEST='$(DLTEST_TARGETS)'
CC='gcc -pipe'
CC_SEARCH_FLAGS='-Wl,-rpath,${LIB_RUNTIME_DIR}'
CFG_TCL_EXPORT_FILE_SUFFIX=''
CFG_TCL_SHARED_LIB_SUFFIX='${VERSION}${DBGX}.so'
CFG_TCL_UNSHARED_LIB_SUFFIX='${VERSION}${DBGX}.a'
CFLAGS='-g -O2'
CFLAGS_DEBUG='-g'
CFLAGS_DEFAULT='$(CFLAGS_OPTIMIZE)'
CFLAGS_OPTIMIZE=' -D__NO_STRING_INLINES -D__NO_MATH_INLINES'
CFLAGS_WARNING='-Wall -Wconversion -Wno-implicit-int'
CPP='gcc -E'
CPPFLAGS=''
DEFS='-DPACKAGE_NAME=\"\" -DPACKAGE_TARNAME=\"\" -DPACKAGE_VERSION=\"\" -DPACKAGE_STRING=\"\" -DPACKAGE_BUGREPORT=\"\" -DSTDC_HEADERS=1 -DHAVE_SYS_TYPES_H=1 -DHAVE_SYS_STAT_H=1 -DHAVE_STDLIB_H=1 -DHAVE_STRING_H=1 -DHAVE_MEMORY_H=1 -DHAVE_STRINGS_H=1 -DHAVE_INTTYPES_H=1 -DHAVE_STDINT_H=1 -DHAVE_UNISTD_H=1 -DHAVE_UNISTD_H=1 -DHAVE_LIMITS_H=1 -D_LARGEFILE64_SOURCE=1 -DTCL_WIDE_INT_TYPE=long\ long -DHAVE_STRUCT_STAT64=1 -DHAVE_TYPE_OFF64_T=1 -DHAVE_GETCWD=1 -DHAVE_OPENDIR=1 -DHAVE_STRSTR=1 -DHAVE_STRTOL=1 -DHAVE_STRTOLL=1 -DHAVE_STRTOULL=1 -DHAVE_TMPNAM=1 -DHAVE_WAITPID=1 -DHAVE_UNISTD_H=1 -DHAVE_SYS_PARAM_H=1 -DUSE_TERMIOS=1 -DHAVE_SYS_TIME_H=1 -DTIME_WITH_SYS_TIME=1 -DHAVE_STRUCT_TM_TM_ZONE=1 -DHAVE_TM_ZONE=1 -DHAVE_GMTIME_R=1 -DHAVE_LOCALTIME_R=1 -DHAVE_TM_GMTOFF=1 -DHAVE_TIMEZONE_VAR=1 -DHAVE_STRUCT_STAT_ST_BLKSIZE=1 -DHAVE_ST_BLKSIZE=1 -DHAVE_SIGNED_CHAR=1 -DHAVE_LANGINFO=1 -DSTATIC_BUILD=1 -DPEEK_XCLOSEIM=1 -DHAVE_SYS_IOCTL_H=1 '
DL_LIBS='-ldl'
DL_OBJS='tclLoadDl.o'
ECHO_C=''
ECHO_N='-n'
ECHO_T=''
EGREP='grep -E'
EXEEXT=''
EXTRA_CFLAGS=''
INSTALL_LIB='$(INSTALL_LIBRARY) $(LIB_FILE) $(LIB_INSTALL_DIR)/$(LIB_FILE) ; (cd $(LIB_INSTALL_DIR) ; $(RANLIB) $(LIB_FILE))'
INSTALL_STUB_LIB='$(INSTALL_LIBRARY) $(STUB_LIB_FILE) $(LIB_INSTALL_DIR)/$(STUB_LIB_FILE) ; (cd $(LIB_INSTALL_DIR) ; $(RANLIB) $(STUB_LIB_FILE))'
LDFLAGS='-rdynamic'
LDFLAGS_DEBUG=''
LDFLAGS_DEFAULT='$(LDFLAGS_OPTIMIZE)'
LDFLAGS_OPTIMIZE=''
LD_LIBRARY_PATH_VAR='LD_LIBRARY_PATH'
LD_SEARCH_FLAGS='-Wl,-rpath,${LIB_RUNTIME_DIR}'
LIBOBJS=''
LIBS=''
LTLIBOBJS=''
MAKE_LIB='${STLIB_LD} $@ ${OBJS} ; ${RANLIB} $@'
MAKE_STUB_LIB='${STLIB_LD} $@ ${STUB_LIB_OBJS} ; ${RANLIB} $@'
MATH_LIBS='-lieee -lm'
MKLINKS_FLAGS=''
OBJEXT='o'
PACKAGE_BUGREPORT=''
PACKAGE_NAME=''
PACKAGE_STRING=''
PACKAGE_TARNAME=''
PACKAGE_VERSION=''
PATH_SEPARATOR=':'
PLAT_OBJS=''
RANLIB='ranlib'
SHELL='/bin/sh'
SHLIB_CFLAGS='-fPIC'
SHLIB_LD='gcc -pipe -shared'
SHLIB_LD_FLAGS=''
SHLIB_LD_LIBS='${LIBS}'
SHLIB_SUFFIX='.so'
STLIB_LD='${AR} cr'
TCL_BUILD_EXP_FILE=''
TCL_BUILD_LIB_SPEC='-L/home/adrian/_ETSIT-UPM/BECA-SimAntares/sid-1.1/src/tcl/unix -ltcl8.4${TCL_DBGX}'
TCL_BUILD_STUB_LIB_PATH='/home/adrian/_ETSIT-UPM/BECA-SimAntares/sid-1.1/src/tcl/unix/libtclstub8.4${TCL_DBGX}.a'
TCL_BUILD_STUB_LIB_SPEC='-L/home/adrian/_ETSIT-UPM/BECA-SimAntares/sid-1.1/src/tcl/unix -ltclstub8.4${TCL_DBGX}'
TCL_DBGX=''
TCL_EXP_FILE=''
TCL_HAS_LONGLONG=''
TCL_INCLUDE_SPEC='-I/usr/local/sid-1.1/include'
TCL_LIBS='${DL_LIBS} ${LIBS} ${MATH_LIBS}'
TCL_LIB_FILE='libtcl8.4${TCL_DBGX}.a'
TCL_LIB_FLAG='-ltcl8.4${TCL_DBGX}'
TCL_LIB_SPEC='-L/usr/local/sid-1.1/lib -ltcl8.4${TCL_DBGX}'
TCL_LIB_VERSIONS_OK='ok'
TCL_MAJOR_VERSION='8'
TCL_MINOR_VERSION='4'
TCL_NEEDS_EXP_FILE='0'
TCL_PACKAGE_PATH='/usr/local/sid-1.1/lib'
TCL_PATCH_LEVEL='.1'
TCL_SHARED_BUILD='0'
TCL_SHARED_LIB_SUFFIX='${VERSION}\$\{DBGX\}${SHLIB_SUFFIX}'
TCL_SHLIB_LD_EXTRAS=''
TCL_SRC_DIR='/home/adrian/_ETSIT-UPM/BECA-SimAntares/sid-1.1/src/tcl'
TCL_STUB_LIB_FILE='libtclstub8.4${TCL_DBGX}.a'
TCL_STUB_LIB_FLAG='-ltclstub8.4${TCL_DBGX}'
TCL_STUB_LIB_PATH='/usr/local/sid-1.1/lib/libtclstub8.4${TCL_DBGX}.a'
TCL_STUB_LIB_SPEC='-L/usr/local/sid-1.1/lib -ltclstub8.4${TCL_DBGX}'
TCL_THREADS='0'
TCL_UNSHARED_LIB_SUFFIX='${VERSION}\$\{DBGX\}.a'
TCL_VERSION='8.4'
TK_SHLIB_LD_EXTRAS=''
ac_ct_CC=''
ac_ct_RANLIB=''
bindir='${exec_prefix}/bin'
build_alias='i686-pc-linux-gnu'
datadir='${prefix}/share'
exec_prefix='/usr/local/sid-1.1'
host_alias='i686-pc-linux-gnu'
includedir='${prefix}/include'
infodir='${prefix}/info'
libdir='/usr/local/sid-1.1/lib'
libexecdir='${exec_prefix}/libexec'
localstatedir='${prefix}/var'
mandir='${prefix}/man'
oldincludedir='/usr/include'
prefix='/usr/local/sid-1.1'
program_transform_name='s,y,y,'
sbindir='${exec_prefix}/sbin'
sharedstatedir='${prefix}/com'
sysconfdir='${prefix}/etc'
target_alias='i686-pc-linux-gnu'

## ----------- ##
## confdefs.h. ##
## ----------- ##

#define HAVE_GETCWD 1
#define HAVE_GMTIME_R 1
#define HAVE_INTTYPES_H 1
#define HAVE_LANGINFO 1
#define HAVE_LIMITS_H 1
#define HAVE_LOCALTIME_R 1
#define HAVE_MEMORY_H 1
#define HAVE_OPENDIR 1
#define HAVE_SIGNED_CHAR 1
#define HAVE_STDINT_H 1
#define HAVE_STDLIB_H 1
#define HAVE_STRINGS_H 1
#define HAVE_STRING_H 1
#define HAVE_STRSTR 1
#define HAVE_STRTOL 1
#define HAVE_STRTOLL 1
#define HAVE_STRTOULL 1
#define HAVE_STRUCT_STAT64 1
#define HAVE_STRUCT_STAT_ST_BLKSIZE 1
#define HAVE_STRUCT_TM_TM_ZONE 1
#define HAVE_ST_BLKSIZE 1
#define HAVE_SYS_IOCTL_H 1
#define HAVE_SYS_PARAM_H 1
#define HAVE_SYS_STAT_H 1
#define HAVE_SYS_TIME_H 1
#define HAVE_SYS_TYPES_H 1
#define HAVE_TIMEZONE_VAR 1
#define HAVE_TMPNAM 1
#define HAVE_TM_GMTOFF 1
#define HAVE_TM_ZONE 1
#define HAVE_TYPE_OFF64_T 1
#define HAVE_UNISTD_H 1
#define HAVE_UNISTD_H 1
#define HAVE_UNISTD_H 1
#define HAVE_WAITPID 1
#define PACKAGE_BUGREPORT ""
#define PACKAGE_NAME ""
#define PACKAGE_STRING ""
#define PACKAGE_TARNAME ""
#define PACKAGE_VERSION ""
#define PEEK_XCLOSEIM 1
#define STATIC_BUILD 1
#define STDC_HEADERS 1
#define TCL_WIDE_INT_TYPE long long
#define TIME_WITH_SYS_TIME 1
#define USE_TERMIOS 1
#define _LARGEFILE64_SOURCE 1

configure: exit 0
